Searcher: 	Best first.
	Start set: no attributes
	Search direction: forward
	Stale search after 5 node expansions
	Total number of subsets evaluated: 106
	Merit of best subset found:    0.019
Seacher options: 
Evaluator: 	CFS Subset Evaluator
	Including locally predictive attributes
Evaluator options: 

Runtime (HH:mm:ss): 0:00:00.556187


=== Attribute Selection on all input data ===

Search Method:
	Best first.
	Start set: no attributes
	Search direction: forward
	Stale search after 5 node expansions
	Total number of subsets evaluated: 106
	Merit of best subset found:    0.019

Attribute Subset Evaluator (supervised, Class (nominal): 16 repres7days):
	CFS Subset Evaluator
	Including locally predictive attributes

Selected attributes: 3,7,10,14 : 4
                     source_referral
                     ed_diagnosis_2
                     triage_category
                     EDLOS
