Classifier: weka.classifiers.trees.J48
Options: -C 0.25
Classifier build time (HH:mm:ss): 0:03:40.637241
Evaluation time (HH:mm:ss): 5:49:01.539429

J48 pruned tree
------------------

preferred_language = other
|   EDLOS = 25+
|   |   source_referral = other: 0 (1.23056464E8/2.6029595E7)
|   |   source_referral = clinic: 1 (6447.0/1283.0)
|   |   source_referral = self/family/friends: 1 (291986.0/113059.0)
|   |   source_referral = community_org: 1 (5743.0/1124.0)
|   |   source_referral = hospital: 1 (2202.0/366.0)
|   EDLOS = 5-12: 1 (3683690.0/1462945.0)
|   EDLOS = 13-24
|   |   source_referral = other: 0 (5628888.0/2498843.0)
|   |   source_referral = clinic: 1 (10466.0/540.0)
|   |   source_referral = self/family/friends: 1 (55846.0/4707.0)
|   |   source_referral = community_org: 1 (3049.0/165.0)
|   |   source_referral = hospital: 1 (2406.0/3.0)
|   EDLOS = 0-4: 1 (986204.0/235471.0)
preferred_language = english: 1 (4.1719452E7/4492678.0)
preferred_language = european
|   source_referral = other
|   |   EDLOS = 25+: 1 (299701.0/132466.0)
|   |   EDLOS = 5-12: 1 (4894.0/1909.0)
|   |   EDLOS = 13-24: 0 (7245.0/3558.0)
|   |   EDLOS = 0-4: 1 (1643.0/331.0)
|   source_referral = clinic
|   |   EDLOS = 25+: 1 (14557.0/4726.0)
|   |   EDLOS = 5-12: 1 (0.0)
|   |   EDLOS = 13-24: 1 (142.0)
|   |   EDLOS = 0-4: 0 (302.0)
|   source_referral = self/family/friends: 1 (474438.0/142127.0)
|   source_referral = community_org
|   |   EDLOS = 25+: 1 (43073.0/15781.0)
|   |   EDLOS = 5-12: 0 (420.0)
|   |   EDLOS = 13-24: 1 (1666.0/575.0)
|   |   EDLOS = 0-4: 1 (197.0/61.0)
|   source_referral = hospital: 0 (3949.0/1852.0)
preferred_language = asian
|   source_referral = other: 0 (15742.0/3293.0)
|   source_referral = clinic: 0 (517.0)
|   source_referral = self/family/friends: 1 (313816.0/84919.0)
|   source_referral = community_org: 0 (5703.0/990.0)
|   source_referral = hospital: 1 (564.0)
preferred_language = middle eastern
|   EDLOS = 25+: 1 (89701.0/38833.0)
|   EDLOS = 5-12: 1 (37.0/16.0)
|   EDLOS = 13-24: 0 (541.0/145.0)
|   EDLOS = 0-4: 0 (17.0)
preferred_language = none
|   source_referral = other
|   |   EDLOS = 25+: 0 (3554.0/795.0)
|   |   EDLOS = 5-12: 0 (43.0)
|   |   EDLOS = 13-24: 0 (60.0/20.0)
|   |   EDLOS = 0-4: 1 (52.0/10.0)
|   source_referral = clinic: 1 (440.0)
|   source_referral = self/family/friends: 0 (30.0)
|   source_referral = community_org: 0 (0.0)
|   source_referral = hospital: 0 (0.0)

Number of Leaves  : 	44

Size of the tree : 	56



Correctly Classified Instances     141462701          80.0419 %
Incorrectly Classified Instances   35273186          19.9581 %
Kappa statistic                          0.5585
Mean absolute error                      0.3094
Root mean squared error                  0.3933
Relative absolute error                 64.7283 %
Root relative squared error             80.4539 %
Total Number of Instances          176735887

=== Detailed Accuracy By Class ===

                 TP Rate  FP Rate  Precision  Recall   F-Measure  MCC      ROC Area  PRC Area  Class
                 0.937    0.409    0.778      0.937    0.850      0.581    0.779     0.783     0
                 0.591    0.063    0.860      0.591    0.701      0.581    0.779     0.745     1
Weighted Avg.    0.800    0.272    0.810      0.800    0.791      0.581    0.779     0.768     

[[1.00184384e+08 6.73409500e+06]
 [2.85390910e+07 4.12783170e+07]]

Class 0 details
Area under ROC: 0.7793828994107007
False negatives: 6734095.0
True negatives: 41278317.0
False positives: 28539091.0
True positives: 100184384.0

Class 1 details
Area under ROC: 0.779382899410701
False negatives: 28539091.0
True negatives: 100184384.0
False positives: 6734095.0
True positives: 41278317.0

