Classifier: weka.classifiers.trees.J48
Options: -C 0.25
Classifier build time (HH:mm:ss): 0:00:26.721794
Evaluation time (HH:mm:ss): 0:33:21.498870

J48 pruned tree
------------------

preferred_language = other: 0 (3.3547571E7/6784492.0)
preferred_language = english: 1 (2728273.0/1032297.0)
preferred_language = european
|   triage_category = 1: 0 (4971.0/1592.0)
|   triage_category = 2: 1 (43652.0/12108.0)
|   triage_category = 3: 1 (100262.0/43956.0)
|   triage_category = 4: 1 (43000.0/16363.0)
|   triage_category = 5: 1 (5419.0/1853.0)
preferred_language = asian
|   triage_category = 1: 0 (89.0)
|   triage_category = 2: 0 (3857.0/1530.0)
|   triage_category = 3: 0 (13793.0/6836.0)
|   triage_category = 4: 1 (6811.0/3033.0)
|   triage_category = 5: 1 (1263.0/626.0)
preferred_language = none
|   triage_category = 1: 0 (22.0)
|   triage_category = 2: 1 (221.0/95.0)
|   triage_category = 3: 0 (239.0/15.0)
|   triage_category = 4: 0 (136.0/24.0)
|   triage_category = 5: 1 (9.0)
preferred_language = middle eastern
|   triage_category = 1: 0 (103.0/7.0)
|   triage_category = 2: 0 (16486.0/7927.0)
|   triage_category = 3: 0 (6444.0/2960.0)
|   triage_category = 4: 1 (2429.0/959.0)
|   triage_category = 5: 0 (200.0/34.0)

Number of Leaves  : 	22

Size of the tree : 	27



Correctly Classified Instances     28608489          78.3252 %
Incorrectly Classified Instances   7916761               21.6748 %
Kappa statistic                          0.2217
Mean absolute error                      0.3347
Root mean squared error                  0.4091
Relative absolute error                 92.7791 %
Root relative squared error             96.3219 %
Total Number of Instances          36525250

=== Detailed Accuracy By Class ===

                 TP Rate  FP Rate  Precision  Recall   F-Measure  MCC      ROC Area  PRC Area  Class
                 0.960    0.789    0.797      0.960    0.871      0.268    0.586     0.797     0
                 0.211    0.040    0.621      0.211    0.315      0.268    0.586     0.353     1
Weighted Avg.    0.783    0.612    0.756      0.783    0.740      0.268    0.586     0.692     

[[26788664.  1111120.]
 [ 6805641.  1819825.]]

Class 0 details
Area under ROC: 0.5863656846651546
False negatives: 1111120.0
True negatives: 1819825.0
False positives: 6805641.0
True positives: 26788664.0

Class 1 details
Area under ROC: 0.5863656846651546
False negatives: 6805641.0
True negatives: 26788664.0
False positives: 1111120.0
True positives: 1819825.0

