Classifier: weka.classifiers.bayes.BayesNet
Options: default
Classifier build time (HH:mm:ss): 0:00:00.242435
Evaluation time (HH:mm:ss): 0:00:01.797178

Bayes Network Classifier
Using ADTree
#attributes=6 #classindex=5
Network structure (nodes followed by parents)
age(7): repres7days 
icu_status(2): repres7days 
triage_category(5): repres7days 
diagnosis_code(23): repres7days 
remoteness(5): repres7days 
repres7days(2): 
LogScore Bayes: -282086.4537819919
LogScore BDeu: -282330.9668655838
LogScore MDL: -282331.0486860833
LogScore ENTROPY: -281932.6338434377
LogScore AIC: -282007.6338434377



Correctly Classified Instances       36646               89.1066 %
Incorrectly Classified Instances      4480               10.8934 %
Kappa statistic                          0.016 
Mean absolute error                      0.1872
Root mean squared error                  0.307 
Relative absolute error                 97.2045 %
Root relative squared error             98.9472 %
Total Number of Instances            41126     

=== Detailed Accuracy By Class ===

                 TP Rate  FP Rate  Precision  Recall   F-Measure  MCC      ROC Area  PRC Area  Class
                 0.997    0.988    0.893      0.997    0.942      0.048    0.634     0.927     0
                 0.012    0.003    0.359      0.012    0.023      0.048    0.634     0.181     1
Weighted Avg.    0.891    0.882    0.835      0.891    0.843      0.048    0.634     0.846     

[[36594.    93.]
 [ 4387.    52.]]

Class 0 details
Area under ROC: 0.6335462521849303
False negatives: 93.0
True negatives: 52.0
False positives: 4387.0
True positives: 36594.0

Class 1 details
Area under ROC: 0.6335462521849303
False negatives: 4387.0
True negatives: 36594.0
False positives: 93.0
True positives: 52.0

