Classifier: weka.classifiers.functions.MultilayerPerceptron
Options: -H 1 -N 10
Classifier build time (HH:mm:ss): 0:00:00.615457
Evaluation time (HH:mm:ss): 0:00:03.948425

Sigmoid Node 0
    Inputs    Weights
    Threshold    1.1708344870711116
    Node 2    1.2376458327058655
Sigmoid Node 1
    Inputs    Weights
    Threshold    -1.1708344870711123
    Node 2    -1.2376458327058646
Sigmoid Node 2
    Inputs    Weights
    Threshold    0.08295020955615204
    Attrib age=46-65    0.16641162351211086
    Attrib age=0-5    0.6142381055904308
    Attrib age=16-25    -0.9949405994523265
    Attrib age=66-85    0.04340195473876465
    Attrib age=26-45    -1.8008641756093122
    Attrib age=6-15    1.0969713184824101
    Attrib age=86+    0.36217108337297205
    Attrib icu_status=True    0.17606194023943067
    Attrib triage_category=1    1.7269917512680075
    Attrib triage_category=2    1.524460168617812
    Attrib triage_category=3    1.0744180959103615
    Attrib triage_category=4    0.43903569473103427
    Attrib triage_category=5    -5.0144669885025
    Attrib diagnosis_code=1    0.7225180420075419
    Attrib diagnosis_code=2    -0.4272716087516736
    Attrib diagnosis_code=3    0.3422042564226194
    Attrib diagnosis_code=4    -0.16339434694086907
    Attrib diagnosis_code=5    1.6467608272785854
    Attrib diagnosis_code=6    0.631171458473007
    Attrib diagnosis_code=9    3.3071034903634673
    Attrib diagnosis_code=10    0.7996383445652528
    Attrib diagnosis_code=11    -2.8061766678665223
    Attrib diagnosis_code=12    -0.3167404296580552
    Attrib diagnosis_code=13    2.337108369105766
    Attrib diagnosis_code=14    -2.90689144831986
    Attrib diagnosis_code=15    0.19944896098989437
    Attrib diagnosis_code=18    -0.27674605703442773
    Attrib diagnosis_code=19    -0.181812763370159
    Attrib diagnosis_code=20    -1.1928534482833961
    Attrib diagnosis_code=21    -0.8802429060550947
    Attrib diagnosis_code=22    -0.27179699157747245
    Attrib diagnosis_code=24    -1.4206900904348931
    Attrib diagnosis_code=25    -0.7513824275534148
    Attrib diagnosis_code=26    -0.11752435061927619
    Attrib diagnosis_code=33    -0.2539091558341231
    Attrib diagnosis_code=99    -0.0040759527699228484
    Attrib remoteness=1    0.729813139052879
    Attrib remoteness=2    -2.70506202168265E-4
    Attrib remoteness=3    -1.115364096363988
    Attrib remoteness=4    -0.2275955225428952
    Attrib remoteness=5    0.45794837562955476
Class 0
    Input
    Node 0
Class 1
    Input
    Node 1



Correctly Classified Instances       36687               89.2063 %
Incorrectly Classified Instances      4439               10.7937 %
Kappa statistic                          0     
Mean absolute error                      0.1821
Root mean squared error                  0.3072
Relative absolute error                 94.5767 %
Root relative squared error             99.0124 %
Total Number of Instances            41126     

=== Detailed Accuracy By Class ===

                 TP Rate  FP Rate  Precision  Recall   F-Measure  MCC      ROC Area  PRC Area  Class
                 1.000    1.000    0.892      1.000    0.943      ?        0.602     0.917     0
                 0.000    0.000    ?          0.000    ?          ?        0.602     0.165     1
Weighted Avg.    0.892    0.892    ?          0.892    ?          ?        0.602     0.836     

[[36687.     0.]
 [ 4439.     0.]]

Class 0 details
Area under ROC: 0.6019772710817624
False negatives: 0.0
True negatives: 0.0
False positives: 4439.0
True positives: 36687.0

Class 1 details
Area under ROC: 0.6019772710817624
False negatives: 4439.0
True negatives: 36687.0
False positives: 0.0
True positives: 0.0

