Classifier: weka.classifiers.functions.MultilayerPerceptron
Options: -H 1 -N 50
Classifier build time (HH:mm:ss): 0:00:02.505576
Evaluation time (HH:mm:ss): 0:00:22.845642

Sigmoid Node 0
    Inputs    Weights
    Threshold    1.141504864967019
    Node 2    1.2533242936728453
Sigmoid Node 1
    Inputs    Weights
    Threshold    -1.1415048649670188
    Node 2    -1.2533242936728461
Sigmoid Node 2
    Inputs    Weights
    Threshold    0.1705264687011011
    Attrib age=46-65    0.6291066592374711
    Attrib age=0-5    0.6886102111821603
    Attrib age=16-25    -1.9075709283687388
    Attrib age=66-85    0.051426027009474296
    Attrib age=26-45    -2.7416563211587084
    Attrib age=6-15    1.838646564975473
    Attrib age=86+    0.4909458020329405
    Attrib icu_status=True    1.09797949879965
    Attrib triage_category=1    3.7474663657414915
    Attrib triage_category=2    1.947043485572725
    Attrib triage_category=3    1.0292302117667027
    Attrib triage_category=4    0.8643103009100118
    Attrib triage_category=5    -8.10034041940084
    Attrib diagnosis_code=1    1.384801348367466
    Attrib diagnosis_code=2    -0.9177502609053764
    Attrib diagnosis_code=3    0.30197191871574475
    Attrib diagnosis_code=4    0.11186732555718168
    Attrib diagnosis_code=5    2.308897994796277
    Attrib diagnosis_code=6    1.4800012466296233
    Attrib diagnosis_code=9    5.390718884262306
    Attrib diagnosis_code=10    1.297816630616018
    Attrib diagnosis_code=11    -4.491139999840554
    Attrib diagnosis_code=12    -0.06654796054467697
    Attrib diagnosis_code=13    4.511462468368167
    Attrib diagnosis_code=14    -5.047149821502728
    Attrib diagnosis_code=15    1.6617226290670737
    Attrib diagnosis_code=18    -0.6197016296634974
    Attrib diagnosis_code=19    0.30642779720583274
    Attrib diagnosis_code=20    -1.9323311348921022
    Attrib diagnosis_code=21    -1.778758230485429
    Attrib diagnosis_code=22    -0.7114352571999996
    Attrib diagnosis_code=24    -3.6245294367539533
    Attrib diagnosis_code=25    -2.4739096064380557
    Attrib diagnosis_code=26    -0.18981855203067227
    Attrib diagnosis_code=33    -1.585870596031181
    Attrib diagnosis_code=99    0.8585979047941386
    Attrib remoteness=1    1.0035057628321775
    Attrib remoteness=2    -0.003370138416574821
    Attrib remoteness=3    -1.8738537700965165
    Attrib remoteness=4    -0.7921554887582642
    Attrib remoteness=5    1.247676246577618
Class 0
    Input
    Node 0
Class 1
    Input
    Node 1



Correctly Classified Instances       36687               89.2063 %
Incorrectly Classified Instances      4439               10.7937 %
Kappa statistic                          0     
Mean absolute error                      0.183 
Root mean squared error                  0.3074
Relative absolute error                 95.0123 %
Root relative squared error             99.0704 %
Total Number of Instances            41126     

=== Detailed Accuracy By Class ===

                 TP Rate  FP Rate  Precision  Recall   F-Measure  MCC      ROC Area  PRC Area  Class
                 1.000    1.000    0.892      1.000    0.943      ?        0.598     0.915     0
                 0.000    0.000    ?          0.000    ?          ?        0.598     0.162     1
Weighted Avg.    0.892    0.892    ?          0.892    ?          ?        0.598     0.834     

[[36687.     0.]
 [ 4439.     0.]]

Class 0 details
Area under ROC: 0.5975200712949575
False negatives: 0.0
True negatives: 0.0
False positives: 4439.0
True positives: 36687.0

Class 1 details
Area under ROC: 0.5975200712949575
False negatives: 4439.0
True negatives: 36687.0
False positives: 0.0
True positives: 0.0

