Classifier: weka.classifiers.rules.ZeroR
Options: default
Classifier build time (HH:mm:ss): 0:00:09.432789
Evaluation time (HH:mm:ss): 0:59:31.221456

ZeroR predicts class value: 0


Correctly Classified Instances     106918479          60.4962 %
Incorrectly Classified Instances   69817408          39.5038 %
Kappa statistic                          0     
Mean absolute error                      0.478 
Root mean squared error                  0.4889
Relative absolute error                100      %
Root relative squared error            100      %
Total Number of Instances          176735887

=== Detailed Accuracy By Class ===

                 TP Rate  FP Rate  Precision  Recall   F-Measure  MCC      ROC Area  PRC Area  Class
                 1.000    1.000    0.605      1.000    0.754      ?        0.500     0.605     0
                 0.000    0.000    ?          0.000    ?          ?        0.500     0.395     1
Weighted Avg.    0.605    0.605    ?          0.605    ?          ?        0.500     0.522     

[[1.06918479e+08 0.00000000e+00]
 [6.98174080e+07 0.00000000e+00]]

Class 0 details
Area under ROC: 0.49999998433272547
False negatives: 0.0
True negatives: 0.0
False positives: 69817408.0
True positives: 106918479.0

Class 1 details
Area under ROC: 0.49999998433272547
False negatives: 69817408.0
True negatives: 106918479.0
False positives: 0.0
True positives: 0.0

