Classifier: weka.classifiers.rules.OneR
Options: default
Classifier build time (HH:mm:ss): 0:00:04.061027
Evaluation time (HH:mm:ss): 0:11:16.190037

preferred_language:
	other	-> 0
	english	-> 1
	european	-> 1
	asian	-> 0
	none	-> 0
	middle eastern	-> 0
(28605449/36525250 instances correct)



Correctly Classified Instances     28605449          78.3169 %
Incorrectly Classified Instances   7919801               21.6831 %
Kappa statistic                          0.2212
Mean absolute error                      0.2168
Root mean squared error                  0.4657
Relative absolute error                 60.1027 %
Root relative squared error            109.6382 %
Total Number of Instances          36525250

=== Detailed Accuracy By Class ===

                 TP Rate  FP Rate  Precision  Recall   F-Measure  MCC      ROC Area  PRC Area  Class
                 0.960    0.790    0.797      0.960    0.871      0.267    0.585     0.796     0
                 0.210    0.040    0.621      0.210    0.314      0.267    0.585     0.317     1
Weighted Avg.    0.783    0.612    0.756      0.783    0.740      0.267    0.585     0.683     

[[26789828.  1109956.]
 [ 6809845.  1815621.]]

Class 0 details
Area under ROC: 0.5853558662884817
False negatives: 1109956.0
True negatives: 1815621.0
False positives: 6809845.0
True positives: 26789828.0

Class 1 details
Area under ROC: 0.5853558662884817
False negatives: 6809845.0
True negatives: 26789828.0
False positives: 1109956.0
True positives: 1815621.0

