Classifier: weka.classifiers.rules.OneR
Options: default
Classifier build time (HH:mm:ss): 0:00:04.217474
Evaluation time (HH:mm:ss): 0:12:55.691607

age:
	46-65	-> 0
	0-5	-> 0
	66-85	-> 0
	16-25	-> 0
	26-45	-> 0
	6-15	-> 0
	86+	-> 0
(27899784/36525250 instances correct)



Correctly Classified Instances     27899784          76.3849 %
Incorrectly Classified Instances   8625466               23.6151 %
Kappa statistic                          0     
Mean absolute error                      0.2362
Root mean squared error                  0.486 
Relative absolute error                 65.4579 %
Root relative squared error            114.4185 %
Total Number of Instances          36525250

=== Detailed Accuracy By Class ===

                 TP Rate  FP Rate  Precision  Recall   F-Measure  MCC      ROC Area  PRC Area  Class
                 1.000    1.000    0.764      1.000    0.866      ?        0.500     0.764     0
                 0.000    0.000    ?          0.000    ?          ?        0.500     0.236     1
Weighted Avg.    0.764    0.764    ?          0.764    ?          ?        0.500     0.639     

[[27899784.        0.]
 [ 8625466.        0.]]

Class 0 details
Area under ROC: 0.5
False negatives: 0.0
True negatives: 0.0
False positives: 8625466.0
True positives: 27899784.0

Class 1 details
Area under ROC: 0.5
False negatives: 8625466.0
True negatives: 27899784.0
False positives: 0.0
True positives: 0.0

