Classifier: weka.classifiers.rules.ZeroR
Options: default
Classifier build time (HH:mm:ss): 0:00:02.307671
Evaluation time (HH:mm:ss): 0:09:11.595383

ZeroR predicts class value: 0


Correctly Classified Instances     27899784          76.3849 %
Incorrectly Classified Instances   8625466               23.6151 %
Kappa statistic                          0     
Mean absolute error                      0.3608
Root mean squared error                  0.4247
Relative absolute error                100      %
Root relative squared error            100      %
Total Number of Instances          36525250

=== Detailed Accuracy By Class ===

                 TP Rate  FP Rate  Precision  Recall   F-Measure  MCC      ROC Area  PRC Area  Class
                 1.000    1.000    0.764      1.000    0.866      ?        0.500     0.764     0
                 0.000    0.000    ?          0.000    ?          ?        0.500     0.236     1
Weighted Avg.    0.764    0.764    ?          0.764    ?          ?        0.500     0.639     

[[27899784.        0.]
 [ 8625466.        0.]]

Class 0 details
Area under ROC: 0.49999981786599623
False negatives: 0.0
True negatives: 0.0
False positives: 8625466.0
True positives: 27899784.0

Class 1 details
Area under ROC: 0.49999981786599623
False negatives: 8625466.0
True negatives: 27899784.0
False positives: 0.0
True positives: 0.0

