Classifier: weka.classifiers.trees.J48
Options: -C 0.25
Classifier build time (HH:mm:ss): 0:13:02.079068
Evaluation time (HH:mm:ss): 12:49:41.452882

J48 pruned tree
------------------

preferred_language = other
|   EDLOS = 25+
|   |   triage_category = 1: 0 (738627.0/121160.0)
|   |   triage_category = 2: 0 (1.6143026E7/2789257.0)
|   |   triage_category = 3
|   |   |   source_referral = other: 0 (4.3742741E7/8479836.0)
|   |   |   source_referral = clinic: 1 (788.0/207.0)
|   |   |   source_referral = self/family/friends: 1 (81117.0/35096.0)
|   |   |   source_referral = community_org: 1 (890.0/303.0)
|   |   |   source_referral = hospital: 0 (179.0/6.0)
|   |   triage_category = 4
|   |   |   source_referral = other: 0 (4.7786087E7/9263708.0)
|   |   |   source_referral = clinic: 0 (1014.0/324.0)
|   |   |   source_referral = self/family/friends: 1 (125616.0/49988.0)
|   |   |   source_referral = community_org: 1 (1735.0/615.0)
|   |   |   source_referral = hospital: 0 (0.0)
|   |   triage_category = 5
|   |   |   source_referral = other: 0 (1.4671082E7/5386299.0)
|   |   |   source_referral = clinic: 1 (4078.0/168.0)
|   |   |   source_referral = self/family/friends: 1 (60872.0/13801.0)
|   |   |   source_referral = community_org: 1 (2967.0/164.0)
|   |   |   source_referral = hospital: 1 (2023.0/193.0)
|   EDLOS = 5-12
|   |   triage_category = 1: 0 (3877.0/370.0)
|   |   triage_category = 2: 0 (55456.0/12933.0)
|   |   triage_category = 3: 0 (144800.0/32765.0)
|   |   triage_category = 4
|   |   |   age = 46-65
|   |   |   |   source_referral = other: 0 (115248.0/42726.0)
|   |   |   |   source_referral = clinic: 0 (0.0)
|   |   |   |   source_referral = self/family/friends: 1 (1626.0/274.0)
|   |   |   |   source_referral = community_org: 0 (0.0)
|   |   |   |   source_referral = hospital: 0 (0.0)
|   |   |   age = 0-5
|   |   |   |   source_referral = other: 0 (87639.0/8696.0)
|   |   |   |   source_referral = clinic: 0 (0.0)
|   |   |   |   source_referral = self/family/friends: 1 (5.0)
|   |   |   |   source_referral = community_org: 0 (0.0)
|   |   |   |   source_referral = hospital: 0 (0.0)
|   |   |   age = 16-25: 0 (136617.0/58216.0)
|   |   |   age = 66-85: 0 (47626.0/10921.0)
|   |   |   age = 26-45: 1 (275506.0/122323.0)
|   |   |   age = 6-15: 0 (51392.0/4482.0)
|   |   |   age = 86+: 0 (6142.0/1384.0)
|   |   triage_category = 5
|   |   |   age = 46-65: 1 (680779.0/216653.0)
|   |   |   age = 0-5: 0 (57535.0/10683.0)
|   |   |   age = 16-25: 0 (213052.0/99697.0)
|   |   |   age = 66-85: 1 (380366.0/162988.0)
|   |   |   age = 26-45: 1 (1311876.0/248505.0)
|   |   |   age = 6-15: 0 (72547.0/16930.0)
|   |   |   age = 86+: 1 (41601.0/20074.0)
|   EDLOS = 13-24
|   |   triage_category = 1: 0 (6609.0/1319.0)
|   |   triage_category = 2
|   |   |   age = 46-65
|   |   |   |   source_referral = other: 0 (24003.0/5518.0)
|   |   |   |   source_referral = clinic: 0 (0.0)
|   |   |   |   source_referral = self/family/friends: 1 (140.0/3.0)
|   |   |   |   source_referral = community_org: 0 (0.0)
|   |   |   |   source_referral = hospital: 0 (0.0)
|   |   |   age = 0-5: 0 (3870.0/222.0)
|   |   |   age = 16-25: 0 (32285.0/8737.0)
|   |   |   age = 66-85: 0 (6521.0/1008.0)
|   |   |   age = 26-45: 0 (42870.0/9687.0)
|   |   |   age = 6-15: 0 (2775.0/371.0)
|   |   |   age = 86+: 0 (1108.0/163.0)
|   |   triage_category = 3: 0 (436947.0/93482.0)
|   |   triage_category = 4
|   |   |   source_referral = other: 0 (1672417.0/411160.0)
|   |   |   source_referral = clinic: 0 (137.0/3.0)
|   |   |   source_referral = self/family/friends: 1 (4778.0/2176.0)
|   |   |   source_referral = community_org: 0 (0.0)
|   |   |   source_referral = hospital: 0 (0.0)
|   |   triage_category = 5
|   |   |   age = 46-65: 1 (887122.0/337978.0)
|   |   |   age = 0-5: 0 (111114.0/24147.0)
|   |   |   age = 16-25: 0 (331827.0/139157.0)
|   |   |   age = 66-85: 1 (601288.0/286000.0)
|   |   |   age = 26-45: 1 (1304966.0/390434.0)
|   |   |   age = 6-15: 0 (144894.0/38984.0)
|   |   |   age = 86+: 1 (84984.0/35450.0)
|   EDLOS = 0-4
|   |   triage_category = 1: 0 (1809.0/254.0)
|   |   triage_category = 2: 0 (9858.0/2401.0)
|   |   triage_category = 3: 0 (25954.0/5714.0)
|   |   triage_category = 4
|   |   |   age = 46-65: 0 (15784.0/5414.0)
|   |   |   age = 0-5: 0 (6170.0/806.0)
|   |   |   age = 16-25: 0 (12776.0/4077.0)
|   |   |   age = 66-85: 0 (5773.0/1300.0)
|   |   |   age = 26-45: 1 (35386.0/16672.0)
|   |   |   age = 6-15: 0 (4836.0/556.0)
|   |   |   age = 86+: 0 (634.0/108.0)
|   |   triage_category = 5
|   |   |   age = 46-65: 1 (190669.0/38733.0)
|   |   |   age = 0-5: 0 (7178.0/1259.0)
|   |   |   age = 16-25: 1 (57838.0/21157.0)
|   |   |   age = 66-85
|   |   |   |   source_referral = other: 1 (53344.0/20948.0)
|   |   |   |   source_referral = clinic: 1 (0.0)
|   |   |   |   source_referral = self/family/friends: 0 (3.0)
|   |   |   |   source_referral = community_org: 1 (0.0)
|   |   |   |   source_referral = hospital: 1 (0.0)
|   |   |   age = 26-45: 1 (540557.0/56505.0)
|   |   |   age = 6-15: 0 (12009.0/2219.0)
|   |   |   age = 86+: 1 (5626.0/2780.0)
preferred_language = english
|   EDLOS = 25+
|   |   source_referral = other
|   |   |   triage_category = 1
|   |   |   |   age = 46-65: 0 (8229.0/3524.0)
|   |   |   |   age = 0-5: 0 (162.0/43.0)
|   |   |   |   age = 16-25: 1 (6660.0/2822.0)
|   |   |   |   age = 66-85: 0 (445.0/31.0)
|   |   |   |   age = 26-45: 0 (10515.0/3728.0)
|   |   |   |   age = 6-15: 0 (296.0/38.0)
|   |   |   |   age = 86+: 0 (53.0/14.0)
|   |   |   triage_category = 2
|   |   |   |   age = 46-65: 1 (428767.0/126108.0)
|   |   |   |   age = 0-5: 0 (5612.0/690.0)
|   |   |   |   age = 16-25: 1 (127170.0/55346.0)
|   |   |   |   age = 66-85: 0 (23971.0/6642.0)
|   |   |   |   age = 26-45: 1 (292990.0/120074.0)
|   |   |   |   age = 6-15: 0 (5386.0/1542.0)
|   |   |   |   age = 86+: 0 (2686.0/159.0)
|   |   |   triage_category = 3
|   |   |   |   age = 46-65: 1 (555858.0/216650.0)
|   |   |   |   age = 0-5: 0 (22910.0/2884.0)
|   |   |   |   age = 16-25: 1 (333632.0/137659.0)
|   |   |   |   age = 66-85: 0 (55300.0/15881.0)
|   |   |   |   age = 26-45: 1 (856207.0/322532.0)
|   |   |   |   age = 6-15: 0 (40162.0/16954.0)
|   |   |   |   age = 86+: 0 (6912.0/713.0)
|   |   |   triage_category = 4
|   |   |   |   age = 46-65: 1 (586662.0/240422.0)
|   |   |   |   age = 0-5: 0 (29210.0/3210.0)
|   |   |   |   age = 16-25: 1 (291707.0/133565.0)
|   |   |   |   age = 66-85: 0 (72168.0/27322.0)
|   |   |   |   age = 26-45: 1 (696992.0/273323.0)
|   |   |   |   age = 6-15: 0 (47101.0/13248.0)
|   |   |   |   age = 86+: 0 (6208.0/591.0)
|   |   |   triage_category = 5
|   |   |   |   age = 46-65: 1 (485098.0/79264.0)
|   |   |   |   age = 0-5: 0 (4419.0/880.0)
|   |   |   |   age = 16-25: 1 (120245.0/38060.0)
|   |   |   |   age = 66-85: 0 (99670.0/49530.0)
|   |   |   |   age = 26-45: 1 (698232.0/94044.0)
|   |   |   |   age = 6-15: 0 (11805.0/3300.0)
|   |   |   |   age = 86+: 0 (781.0/279.0)
|   |   source_referral = clinic
|   |   |   triage_category = 1: 1 (0.0)
|   |   |   triage_category = 2
|   |   |   |   age = 46-65: 1 (8330.0/1872.0)
|   |   |   |   age = 0-5: 0 (55.0)
|   |   |   |   age = 16-25: 1 (976.0/291.0)
|   |   |   |   age = 66-85: 0 (326.0/136.0)
|   |   |   |   age = 26-45: 0 (776.0/317.0)
|   |   |   |   age = 6-15: 1 (165.0/4.0)
|   |   |   |   age = 86+: 1 (0.0)
|   |   |   triage_category = 3
|   |   |   |   age = 46-65: 1 (5992.0/1579.0)
|   |   |   |   age = 0-5: 0 (68.0)
|   |   |   |   age = 16-25: 1 (2864.0/1118.0)
|   |   |   |   age = 66-85: 1 (850.0/347.0)
|   |   |   |   age = 26-45: 1 (11748.0/2291.0)
|   |   |   |   age = 6-15: 0 (307.0/136.0)
|   |   |   |   age = 86+: 1 (66.0/1.0)
|   |   |   triage_category = 4
|   |   |   |   age = 46-65: 1 (12569.0/2195.0)
|   |   |   |   age = 0-5: 0 (86.0/9.0)
|   |   |   |   age = 16-25: 1 (7276.0/1329.0)
|   |   |   |   age = 66-85: 1 (450.0/202.0)
|   |   |   |   age = 26-45: 1 (727954.0/6978.0)
|   |   |   |   age = 6-15: 0 (831.0/342.0)
|   |   |   |   age = 86+: 1 (66.0)
|   |   |   triage_category = 5
|   |   |   |   age = 46-65: 1 (460603.0/7175.0)
|   |   |   |   age = 0-5: 1 (0.0)
|   |   |   |   age = 16-25: 1 (11810.0/299.0)
|   |   |   |   age = 66-85: 1 (6229.0/1249.0)
|   |   |   |   age = 26-45: 1 (767023.0/8388.0)
|   |   |   |   age = 6-15: 1 (1620.0/332.0)
|   |   |   |   age = 86+: 0 (402.0/130.0)
|   |   source_referral = self/family/friends
|   |   |   triage_category = 1
|   |   |   |   age = 46-65: 1 (10635.0/4614.0)
|   |   |   |   age = 0-5: 0 (203.0)
|   |   |   |   age = 16-25: 1 (6720.0/1949.0)
|   |   |   |   age = 66-85: 0 (957.0/282.0)
|   |   |   |   age = 26-45: 1 (5464.0/1734.0)
|   |   |   |   age = 6-15: 1 (0.0)
|   |   |   |   age = 86+: 1 (0.0)
|   |   |   triage_category = 2
|   |   |   |   age = 46-65: 1 (463796.0/132939.0)
|   |   |   |   age = 0-5: 0 (1442.0/238.0)
|   |   |   |   age = 16-25: 1 (114945.0/37174.0)
|   |   |   |   age = 66-85: 1 (12208.0/4135.0)
|   |   |   |   age = 26-45: 1 (230851.0/70816.0)
|   |   |   |   age = 6-15: 0 (2288.0/821.0)
|   |   |   |   age = 86+: 0 (122.0/17.0)
|   |   |   triage_category = 3
|   |   |   |   age = 46-65: 1 (820525.0/247783.0)
|   |   |   |   age = 0-5: 0 (1700.0/348.0)
|   |   |   |   age = 16-25: 1 (302325.0/77051.0)
|   |   |   |   age = 66-85: 1 (49312.0/18986.0)
|   |   |   |   age = 26-45: 1 (1068988.0/302237.0)
|   |   |   |   age = 6-15: 1 (12857.0/6216.0)
|   |   |   |   age = 86+: 0 (526.0/16.0)
|   |   |   triage_category = 4
|   |   |   |   age = 46-65: 1 (766070.0/238650.0)
|   |   |   |   age = 0-5: 0 (954.0/80.0)
|   |   |   |   age = 16-25: 1 (242497.0/70426.0)
|   |   |   |   age = 66-85: 1 (97963.0/30046.0)
|   |   |   |   age = 26-45: 1 (1336255.0/308308.0)
|   |   |   |   age = 6-15: 1 (17453.0/6570.0)
|   |   |   |   age = 86+: 0 (369.0/13.0)
|   |   |   triage_category = 5: 1 (1937003.0/202511.0)
|   |   source_referral = community_org
|   |   |   triage_category = 1: 0 (965.0/160.0)
|   |   |   triage_category = 2
|   |   |   |   age = 46-65: 0 (8630.0/4229.0)
|   |   |   |   age = 0-5: 1 (0.0)
|   |   |   |   age = 16-25: 1 (9066.0/2943.0)
|   |   |   |   age = 66-85: 0 (136.0)
|   |   |   |   age = 26-45: 1 (16068.0/3813.0)
|   |   |   |   age = 6-15: 1 (0.0)
|   |   |   |   age = 86+: 1 (0.0)
|   |   |   triage_category = 3
|   |   |   |   age = 46-65: 1 (9150.0/3929.0)
|   |   |   |   age = 0-5: 0 (5.0)
|   |   |   |   age = 16-25: 1 (12776.0/4535.0)
|   |   |   |   age = 66-85: 0 (396.0)
|   |   |   |   age = 26-45: 1 (40282.0/13187.0)
|   |   |   |   age = 6-15: 1 (0.0)
|   |   |   |   age = 86+: 1 (0.0)
|   |   |   triage_category = 4
|   |   |   |   age = 46-65: 1 (8202.0/1752.0)
|   |   |   |   age = 0-5: 1 (4.0)
|   |   |   |   age = 16-25: 1 (4692.0/1191.0)
|   |   |   |   age = 66-85: 1 (962.0/294.0)
|   |   |   |   age = 26-45: 1 (20932.0/5542.0)
|   |   |   |   age = 6-15: 0 (214.0/46.0)
|   |   |   |   age = 86+: 1 (0.0)
|   |   |   triage_category = 5: 1 (159801.0/6509.0)
|   |   source_referral = hospital
|   |   |   triage_category = 1: 1 (564.0)
|   |   |   triage_category = 2
|   |   |   |   age = 46-65: 1 (3570.0/1736.0)
|   |   |   |   age = 0-5: 1 (0.0)
|   |   |   |   age = 16-25: 1 (383.0)
|   |   |   |   age = 66-85: 0 (110.0)
|   |   |   |   age = 26-45: 1 (2346.0/900.0)
|   |   |   |   age = 6-15: 1 (0.0)
|   |   |   |   age = 86+: 0 (170.0)
|   |   |   triage_category = 3
|   |   |   |   age = 46-65: 0 (4732.0/2300.0)
|   |   |   |   age = 0-5: 0 (0.0)
|   |   |   |   age = 16-25: 1 (520.0)
|   |   |   |   age = 66-85: 0 (702.0/30.0)
|   |   |   |   age = 26-45: 1 (3433.0/1580.0)
|   |   |   |   age = 6-15: 0 (0.0)
|   |   |   |   age = 86+: 0 (124.0)
|   |   |   triage_category = 4
|   |   |   |   age = 46-65: 1 (804.0/308.0)
|   |   |   |   age = 0-5: 1 (0.0)
|   |   |   |   age = 16-25: 0 (191.0)
|   |   |   |   age = 66-85: 0 (120.0/30.0)
|   |   |   |   age = 26-45: 1 (1365.0/167.0)
|   |   |   |   age = 6-15: 1 (179.0/18.0)
|   |   |   |   age = 86+: 0 (34.0)
|   |   |   triage_category = 5: 1 (77706.0/2504.0)
|   EDLOS = 5-12
|   |   triage_category = 1
|   |   |   source_referral = other: 0 (9.0)
|   |   |   source_referral = clinic: 1 (0.0)
|   |   |   source_referral = self/family/friends: 1 (1486.0)
|   |   |   source_referral = community_org: 1 (0.0)
|   |   |   source_referral = hospital: 1 (0.0)
|   |   triage_category = 2
|   |   |   source_referral = other
|   |   |   |   age = 46-65: 1 (1619.0/416.0)
|   |   |   |   age = 0-5: 0 (5.0)
|   |   |   |   age = 16-25: 1 (159.0/30.0)
|   |   |   |   age = 66-85: 0 (3.0)
|   |   |   |   age = 26-45: 1 (1891.0/468.0)
|   |   |   |   age = 6-15: 0 (2.0)
|   |   |   |   age = 86+: 0 (6.0)
|   |   |   source_referral = clinic: 1 (0.0)
|   |   |   source_referral = self/family/friends
|   |   |   |   age = 46-65: 1 (288.0/7.0)
|   |   |   |   age = 0-5: 1 (0.0)
|   |   |   |   age = 16-25: 1 (957.0/274.0)
|   |   |   |   age = 66-85: 1 (0.0)
|   |   |   |   age = 26-45: 0 (2179.0/1022.0)
|   |   |   |   age = 6-15: 1 (0.0)
|   |   |   |   age = 86+: 1 (0.0)
|   |   |   source_referral = community_org: 1 (2434.0/820.0)
|   |   |   source_referral = hospital: 1 (0.0)
|   |   triage_category = 3
|   |   |   source_referral = other
|   |   |   |   age = 46-65: 1 (2482.0/1022.0)
|   |   |   |   age = 0-5: 0 (71.0/9.0)
|   |   |   |   age = 16-25: 1 (684.0/262.0)
|   |   |   |   age = 66-85: 0 (188.0)
|   |   |   |   age = 26-45: 0 (2614.0/802.0)
|   |   |   |   age = 6-15: 0 (3.0)
|   |   |   |   age = 86+: 0 (42.0)
|   |   |   source_referral = clinic: 1 (17630.0)
|   |   |   source_referral = self/family/friends: 1 (7698.0/2182.0)
|   |   |   source_referral = community_org: 1 (219.0)
|   |   |   source_referral = hospital: 1 (0.0)
|   |   triage_category = 4
|   |   |   source_referral = other
|   |   |   |   age = 46-65: 1 (9399.0/3004.0)
|   |   |   |   age = 0-5: 0 (327.0/36.0)
|   |   |   |   age = 16-25: 1 (19697.0/1661.0)
|   |   |   |   age = 66-85: 0 (616.0/192.0)
|   |   |   |   age = 26-45: 1 (23664.0/2506.0)
|   |   |   |   age = 6-15: 0 (284.0/63.0)
|   |   |   |   age = 86+: 0 (11.0)
|   |   |   source_referral = clinic: 1 (3031445.0/10453.0)
|   |   |   source_referral = self/family/friends: 1 (140688.0/8844.0)
|   |   |   source_referral = community_org
|   |   |   |   age = 46-65: 0 (944.0/125.0)
|   |   |   |   age = 0-5: 1 (0.0)
|   |   |   |   age = 16-25: 1 (686.0)
|   |   |   |   age = 66-85: 1 (0.0)
|   |   |   |   age = 26-45: 1 (18837.0)
|   |   |   |   age = 6-15: 1 (0.0)
|   |   |   |   age = 86+: 1 (0.0)
|   |   |   source_referral = hospital: 1 (0.0)
|   |   triage_category = 5
|   |   |   age = 46-65: 1 (3352159.0/45297.0)
|   |   |   age = 0-5: 0 (358.0/79.0)
|   |   |   age = 16-25: 1 (113583.0/5559.0)
|   |   |   age = 66-85: 1 (87356.0/7795.0)
|   |   |   age = 26-45: 1 (5187246.0/87481.0)
|   |   |   age = 6-15: 0 (544.0/94.0)
|   |   |   age = 86+
|   |   |   |   source_referral = other: 0 (53.0/3.0)
|   |   |   |   source_referral = clinic: 1 (1288.0)
|   |   |   |   source_referral = self/family/friends: 1 (1098.0)
|   |   |   |   source_referral = community_org: 1 (66.0)
|   |   |   |   source_referral = hospital: 1 (66.0)
|   EDLOS = 13-24
|   |   age = 46-65
|   |   |   triage_category = 1: 0 (1.0)
|   |   |   triage_category = 2
|   |   |   |   source_referral = other: 0 (2266.0/739.0)
|   |   |   |   source_referral = clinic: 1 (0.0)
|   |   |   |   source_referral = self/family/friends: 1 (1105.0)
|   |   |   |   source_referral = community_org: 1 (219.0)
|   |   |   |   source_referral = hospital: 1 (0.0)
|   |   |   triage_category = 3: 1 (14825.0/2979.0)
|   |   |   triage_category = 4: 1 (85663.0/16064.0)
|   |   |   triage_category = 5: 1 (2503033.0/43363.0)
|   |   age = 0-5: 0 (2572.0/413.0)
|   |   age = 16-25
|   |   |   source_referral = other
|   |   |   |   triage_category = 1: 0 (561.0/275.0)
|   |   |   |   triage_category = 2: 0 (2347.0/851.0)
|   |   |   |   triage_category = 3: 1 (4775.0/1760.0)
|   |   |   |   triage_category = 4: 1 (17199.0/7972.0)
|   |   |   |   triage_category = 5: 1 (37433.0/5904.0)
|   |   |   source_referral = clinic: 1 (37367.0/1369.0)
|   |   |   source_referral = self/family/friends: 1 (30263.0/5484.0)
|   |   |   source_referral = community_org: 1 (3021.0)
|   |   |   source_referral = hospital: 1 (274.0)
|   |   age = 66-85
|   |   |   source_referral = other
|   |   |   |   triage_category = 1: 0 (2.0)
|   |   |   |   triage_category = 2: 0 (85.0)
|   |   |   |   triage_category = 3: 0 (314.0/141.0)
|   |   |   |   triage_category = 4: 0 (2422.0/1083.0)
|   |   |   |   triage_category = 5: 1 (32742.0/8334.0)
|   |   |   source_referral = clinic: 1 (7786.0/12.0)
|   |   |   source_referral = self/family/friends: 1 (21872.0/2257.0)
|   |   |   source_referral = community_org
|   |   |   |   triage_category = 1: 1 (0.0)
|   |   |   |   triage_category = 2: 1 (0.0)
|   |   |   |   triage_category = 3: 1 (0.0)
|   |   |   |   triage_category = 4: 0 (2.0)
|   |   |   |   triage_category = 5: 1 (3883.0/1479.0)
|   |   |   source_referral = hospital: 1 (0.0)
|   |   age = 26-45
|   |   |   source_referral = other
|   |   |   |   triage_category = 1: 0 (20.0)
|   |   |   |   triage_category = 2: 0 (2974.0/1364.0)
|   |   |   |   triage_category = 3: 1 (10895.0/3575.0)
|   |   |   |   triage_category = 4: 1 (27828.0/10707.0)
|   |   |   |   triage_category = 5: 1 (981473.0/27114.0)
|   |   |   source_referral = clinic: 1 (3797001.0/24203.0)
|   |   |   source_referral = self/family/friends: 1 (1168328.0/55379.0)
|   |   |   source_referral = community_org
|   |   |   |   triage_category = 1: 1 (0.0)
|   |   |   |   triage_category = 2: 0 (158.0)
|   |   |   |   triage_category = 3: 1 (458.0)
|   |   |   |   triage_category = 4: 1 (24108.0)
|   |   |   |   triage_category = 5: 1 (194445.0/7499.0)
|   |   |   source_referral = hospital: 1 (193572.0/4841.0)
|   |   age = 6-15
|   |   |   triage_category = 1: 0 (0.0)
|   |   |   triage_category = 2: 1 (118.0/14.0)
|   |   |   triage_category = 3: 0 (344.0/85.0)
|   |   |   triage_category = 4: 0 (1158.0/174.0)
|   |   |   triage_category = 5: 1 (1764.0/555.0)
|   |   age = 86+
|   |   |   source_referral = other
|   |   |   |   triage_category = 1: 0 (0.0)
|   |   |   |   triage_category = 2: 0 (0.0)
|   |   |   |   triage_category = 3: 0 (44.0)
|   |   |   |   triage_category = 4: 0 (94.0/12.0)
|   |   |   |   triage_category = 5: 1 (179.0/47.0)
|   |   |   source_referral = clinic: 1 (1558.0)
|   |   |   source_referral = self/family/friends: 1 (4215.0/19.0)
|   |   |   source_referral = community_org: 1 (132.0)
|   |   |   source_referral = hospital: 1 (66.0)
|   EDLOS = 0-4
|   |   triage_category = 1: 0 (3.0)
|   |   triage_category = 2
|   |   |   age = 46-65: 1 (311.0/2.0)
|   |   |   age = 0-5: 1 (0.0)
|   |   |   age = 16-25
|   |   |   |   source_referral = other: 0 (137.0)
|   |   |   |   source_referral = clinic: 1 (0.0)
|   |   |   |   source_referral = self/family/friends: 1 (652.0/247.0)
|   |   |   |   source_referral = community_org: 1 (0.0)
|   |   |   |   source_referral = hospital: 1 (0.0)
|   |   |   age = 66-85: 0 (13.0)
|   |   |   age = 26-45: 1 (1834.0/538.0)
|   |   |   age = 6-15: 1 (0.0)
|   |   |   age = 86+: 1 (0.0)
|   |   triage_category = 3
|   |   |   source_referral = other
|   |   |   |   age = 46-65: 0 (802.0/212.0)
|   |   |   |   age = 0-5: 0 (0.0)
|   |   |   |   age = 16-25: 0 (20.0)
|   |   |   |   age = 66-85: 0 (54.0/11.0)
|   |   |   |   age = 26-45: 0 (864.0/258.0)
|   |   |   |   age = 6-15: 1 (57.0/19.0)
|   |   |   |   age = 86+: 0 (0.0)
|   |   |   source_referral = clinic: 1 (7788.0)
|   |   |   source_referral = self/family/friends
|   |   |   |   age = 46-65: 1 (0.0)
|   |   |   |   age = 0-5: 1 (0.0)
|   |   |   |   age = 16-25: 0 (5.0)
|   |   |   |   age = 66-85: 1 (0.0)
|   |   |   |   age = 26-45: 1 (1933.0)
|   |   |   |   age = 6-15: 1 (0.0)
|   |   |   |   age = 86+: 1 (0.0)
|   |   |   source_referral = community_org: 1 (360.0)
|   |   |   source_referral = hospital: 1 (0.0)
|   |   triage_category = 4
|   |   |   source_referral = other
|   |   |   |   age = 46-65: 1 (3788.0/467.0)
|   |   |   |   age = 0-5: 0 (40.0)
|   |   |   |   age = 16-25: 1 (4939.0/539.0)
|   |   |   |   age = 66-85: 0 (436.0)
|   |   |   |   age = 26-45: 1 (4653.0/1467.0)
|   |   |   |   age = 6-15: 0 (33.0)
|   |   |   |   age = 86+: 0 (8.0)
|   |   |   source_referral = clinic: 1 (142138.0/1728.0)
|   |   |   source_referral = self/family/friends: 1 (28015.0/1032.0)
|   |   |   source_referral = community_org: 1 (3749.0)
|   |   |   source_referral = hospital: 1 (683.0)
|   |   triage_category = 5: 1 (4402664.0/50002.0)
preferred_language = european
|   source_referral = other
|   |   age = 46-65
|   |   |   triage_category = 1: 1 (1573.0/688.0)
|   |   |   triage_category = 2
|   |   |   |   EDLOS = 25+: 1 (31100.0/8840.0)
|   |   |   |   EDLOS = 5-12: 1 (807.0)
|   |   |   |   EDLOS = 13-24: 0 (195.0)
|   |   |   |   EDLOS = 0-4: 1 (0.0)
|   |   |   triage_category = 3: 1 (71002.0/29897.0)
|   |   |   triage_category = 4: 1 (41842.0/17329.0)
|   |   |   triage_category = 5: 1 (9427.0/4578.0)
|   |   age = 0-5: 0 (4166.0/537.0)
|   |   age = 16-25
|   |   |   EDLOS = 25+
|   |   |   |   triage_category = 1: 1 (24.0/4.0)
|   |   |   |   triage_category = 2: 0 (1853.0/885.0)
|   |   |   |   triage_category = 3: 1 (12517.0/4978.0)
|   |   |   |   triage_category = 4: 1 (6225.0/2079.0)
|   |   |   |   triage_category = 5: 1 (1038.0/293.0)
|   |   |   EDLOS = 5-12
|   |   |   |   triage_category = 1: 1 (0.0)
|   |   |   |   triage_category = 2: 1 (0.0)
|   |   |   |   triage_category = 3: 1 (0.0)
|   |   |   |   triage_category = 4: 0 (5.0)
|   |   |   |   triage_category = 5: 1 (36.0/5.0)
|   |   |   EDLOS = 13-24: 0 (492.0/29.0)
|   |   |   EDLOS = 0-4: 0 (7.0)
|   |   age = 66-85
|   |   |   triage_category = 1: 0 (407.0/99.0)
|   |   |   triage_category = 2
|   |   |   |   EDLOS = 25+: 1 (8127.0/3854.0)
|   |   |   |   EDLOS = 5-12: 1 (0.0)
|   |   |   |   EDLOS = 13-24: 0 (9.0)
|   |   |   |   EDLOS = 0-4: 1 (0.0)
|   |   |   triage_category = 3: 0 (8294.0/1886.0)
|   |   |   triage_category = 4
|   |   |   |   EDLOS = 25+: 0 (2683.0/462.0)
|   |   |   |   EDLOS = 5-12: 0 (29.0)
|   |   |   |   EDLOS = 13-24: 1 (23.0/8.0)
|   |   |   |   EDLOS = 0-4: 0 (0.0)
|   |   |   triage_category = 5: 0 (282.0/93.0)
|   |   age = 26-45
|   |   |   triage_category = 1: 0 (4085.0/1991.0)
|   |   |   triage_category = 2: 1 (13551.0/3278.0)
|   |   |   triage_category = 3
|   |   |   |   EDLOS = 25+: 1 (47179.0/22819.0)
|   |   |   |   EDLOS = 5-12: 0 (849.0/110.0)
|   |   |   |   EDLOS = 13-24: 0 (1112.0/184.0)
|   |   |   |   EDLOS = 0-4: 1 (111.0/2.0)
|   |   |   triage_category = 4
|   |   |   |   EDLOS = 25+: 0 (30541.0/15234.0)
|   |   |   |   EDLOS = 5-12: 1 (577.0/118.0)
|   |   |   |   EDLOS = 13-24: 0 (703.0/339.0)
|   |   |   |   EDLOS = 0-4: 1 (136.0)
|   |   |   triage_category = 5
|   |   |   |   EDLOS = 25+: 1 (5912.0/1935.0)
|   |   |   |   EDLOS = 5-12: 0 (640.0/246.0)
|   |   |   |   EDLOS = 13-24: 1 (416.0/139.0)
|   |   |   |   EDLOS = 0-4: 1 (0.0)
|   |   age = 6-15
|   |   |   triage_category = 1: 0 (9.0)
|   |   |   triage_category = 2: 0 (302.0/148.0)
|   |   |   triage_category = 3
|   |   |   |   EDLOS = 25+: 1 (2495.0/854.0)
|   |   |   |   EDLOS = 5-12: 0 (3.0)
|   |   |   |   EDLOS = 13-24: 1 (0.0)
|   |   |   |   EDLOS = 0-4: 1 (0.0)
|   |   |   triage_category = 4: 0 (1339.0/265.0)
|   |   |   triage_category = 5: 1 (49.0/14.0)
|   |   age = 86+: 0 (1311.0/127.0)
|   source_referral = clinic
|   |   age = 46-65
|   |   |   triage_category = 1: 1 (0.0)
|   |   |   triage_category = 2: 1 (1783.0/145.0)
|   |   |   triage_category = 3: 1 (6053.0/666.0)
|   |   |   triage_category = 4: 1 (608.0/143.0)
|   |   |   triage_category = 5: 0 (248.0)
|   |   age = 0-5: 1 (8.0)
|   |   age = 16-25: 0 (546.0)
|   |   age = 66-85
|   |   |   triage_category = 1: 0 (0.0)
|   |   |   triage_category = 2: 0 (545.0/272.0)
|   |   |   triage_category = 3: 1 (1272.0/580.0)
|   |   |   triage_category = 4: 0 (307.0)
|   |   |   triage_category = 5: 0 (0.0)
|   |   age = 26-45
|   |   |   triage_category = 1: 0 (0.0)
|   |   |   triage_category = 2: 1 (138.0)
|   |   |   triage_category = 3: 0 (1169.0/409.0)
|   |   |   triage_category = 4: 0 (1889.0/555.0)
|   |   |   triage_category = 5: 0 (0.0)
|   |   age = 6-15: 1 (410.0/1.0)
|   |   age = 86+: 0 (25.0)
|   source_referral = self/family/friends
|   |   age = 46-65
|   |   |   triage_category = 1: 0 (825.0/394.0)
|   |   |   triage_category = 2
|   |   |   |   EDLOS = 25+: 1 (22939.0/7773.0)
|   |   |   |   EDLOS = 5-12: 1 (0.0)
|   |   |   |   EDLOS = 13-24: 0 (247.0)
|   |   |   |   EDLOS = 0-4: 1 (0.0)
|   |   |   triage_category = 3: 1 (98777.0/26385.0)
|   |   |   triage_category = 4: 1 (94108.0/23174.0)
|   |   |   triage_category = 5
|   |   |   |   EDLOS = 25+: 1 (15879.0/6144.0)
|   |   |   |   EDLOS = 5-12: 1 (737.0)
|   |   |   |   EDLOS = 13-24: 0 (2091.0/843.0)
|   |   |   |   EDLOS = 0-4: 1 (142.0)
|   |   age = 0-5
|   |   |   triage_category = 1: 0 (0.0)
|   |   |   triage_category = 2: 0 (0.0)
|   |   |   triage_category = 3: 0 (27.0)
|   |   |   triage_category = 4: 0 (95.0/39.0)
|   |   |   triage_category = 5: 1 (6.0)
|   |   age = 16-25
|   |   |   triage_category = 1: 0 (568.0)
|   |   |   triage_category = 2: 1 (1610.0/686.0)
|   |   |   triage_category = 3: 1 (7748.0/2071.0)
|   |   |   triage_category = 4: 1 (5491.0/1003.0)
|   |   |   triage_category = 5: 1 (137.0)
|   |   age = 66-85
|   |   |   triage_category = 1: 0 (419.0/136.0)
|   |   |   triage_category = 2: 1 (17577.0/8076.0)
|   |   |   triage_category = 3: 1 (30638.0/12898.0)
|   |   |   triage_category = 4: 1 (43383.0/15896.0)
|   |   |   triage_category = 5
|   |   |   |   EDLOS = 25+: 1 (1507.0/287.0)
|   |   |   |   EDLOS = 5-12: 1 (141.0)
|   |   |   |   EDLOS = 13-24: 0 (143.0)
|   |   |   |   EDLOS = 0-4: 1 (0.0)
|   |   age = 26-45
|   |   |   triage_category = 1: 1 (167.0)
|   |   |   triage_category = 2: 1 (5476.0/1281.0)
|   |   |   triage_category = 3: 1 (36294.0/9509.0)
|   |   |   triage_category = 4
|   |   |   |   EDLOS = 25+: 1 (46059.0/14016.0)
|   |   |   |   EDLOS = 5-12: 1 (888.0)
|   |   |   |   EDLOS = 13-24: 0 (2668.0/1268.0)
|   |   |   |   EDLOS = 0-4: 0 (590.0/279.0)
|   |   |   triage_category = 5
|   |   |   |   EDLOS = 25+: 1 (20925.0/4884.0)
|   |   |   |   EDLOS = 5-12: 0 (138.0)
|   |   |   |   EDLOS = 13-24: 1 (915.0)
|   |   |   |   EDLOS = 0-4: 1 (311.0)
|   |   age = 6-15
|   |   |   triage_category = 1: 0 (160.0)
|   |   |   triage_category = 2: 1 (275.0/1.0)
|   |   |   triage_category = 3: 1 (6566.0/1780.0)
|   |   |   triage_category = 4: 1 (7276.0/831.0)
|   |   |   triage_category = 5: 1 (0.0)
|   |   age = 86+: 0 (495.0/75.0)
|   source_referral = community_org
|   |   triage_category = 1: 1 (1143.0/158.0)
|   |   triage_category = 2
|   |   |   age = 46-65: 1 (3372.0/1516.0)
|   |   |   age = 0-5: 1 (0.0)
|   |   |   age = 16-25
|   |   |   |   EDLOS = 25+: 1 (863.0)
|   |   |   |   EDLOS = 5-12: 1 (0.0)
|   |   |   |   EDLOS = 13-24: 0 (161.0)
|   |   |   |   EDLOS = 0-4: 1 (0.0)
|   |   |   age = 66-85: 0 (415.0/137.0)
|   |   |   age = 26-45: 1 (904.0/137.0)
|   |   |   age = 6-15: 1 (136.0)
|   |   |   age = 86+: 1 (0.0)
|   |   triage_category = 3
|   |   |   EDLOS = 25+
|   |   |   |   age = 46-65: 1 (11312.0/4631.0)
|   |   |   |   age = 0-5: 1 (0.0)
|   |   |   |   age = 16-25: 0 (4077.0/1685.0)
|   |   |   |   age = 66-85: 0 (567.0/283.0)
|   |   |   |   age = 26-45: 1 (10520.0/3207.0)
|   |   |   |   age = 6-15: 1 (546.0/137.0)
|   |   |   |   age = 86+: 1 (0.0)
|   |   |   EDLOS = 5-12: 0 (142.0)
|   |   |   EDLOS = 13-24: 0 (278.0)
|   |   |   EDLOS = 0-4: 1 (136.0)
|   |   triage_category = 4
|   |   |   EDLOS = 25+: 1 (7154.0/2904.0)
|   |   |   EDLOS = 5-12: 0 (278.0)
|   |   |   EDLOS = 13-24: 1 (630.0)
|   |   |   EDLOS = 0-4: 1 (0.0)
|   |   triage_category = 5
|   |   |   EDLOS = 25+: 1 (2064.0/137.0)
|   |   |   EDLOS = 5-12: 1 (0.0)
|   |   |   EDLOS = 13-24: 1 (597.0/136.0)
|   |   |   EDLOS = 0-4: 0 (61.0)
|   source_referral = hospital
|   |   triage_category = 1: 0 (0.0)
|   |   triage_category = 2
|   |   |   EDLOS = 25+: 1 (1981.0/854.0)
|   |   |   EDLOS = 5-12: 1 (0.0)
|   |   |   EDLOS = 13-24: 0 (145.0)
|   |   |   EDLOS = 0-4: 1 (0.0)
|   |   triage_category = 3
|   |   |   age = 46-65: 1 (580.0/145.0)
|   |   |   age = 0-5: 1 (0.0)
|   |   |   age = 16-25: 1 (0.0)
|   |   |   age = 66-85: 0 (137.0)
|   |   |   age = 26-45: 1 (0.0)
|   |   |   age = 6-15: 1 (0.0)
|   |   |   age = 86+: 1 (0.0)
|   |   triage_category = 4: 0 (961.0/145.0)
|   |   triage_category = 5: 1 (145.0)
preferred_language = asian
|   source_referral = other: 0 (15742.0/3293.0)
|   source_referral = clinic: 0 (517.0)
|   source_referral = self/family/friends
|   |   triage_category = 1: 0 (9.0)
|   |   triage_category = 2: 0 (4162.0/1082.0)
|   |   triage_category = 3
|   |   |   age = 46-65: 1 (93062.0/27547.0)
|   |   |   age = 0-5: 0 (11.0/3.0)
|   |   |   age = 16-25: 0 (10.0/4.0)
|   |   |   age = 66-85: 0 (40.0/3.0)
|   |   |   age = 26-45: 0 (32.0/7.0)
|   |   |   age = 6-15: 1 (0.0)
|   |   |   age = 86+: 0 (7.0/3.0)
|   |   triage_category = 4
|   |   |   age = 46-65: 1 (201158.0/48640.0)
|   |   |   age = 0-5: 0 (33.0)
|   |   |   age = 16-25: 0 (26.0)
|   |   |   age = 66-85: 0 (36.0)
|   |   |   age = 26-45: 0 (16.0)
|   |   |   age = 6-15: 0 (6.0)
|   |   |   age = 86+: 1 (0.0)
|   |   triage_category = 5
|   |   |   EDLOS = 25+
|   |   |   |   age = 46-65: 1 (12497.0/4375.0)
|   |   |   |   age = 0-5: 1 (0.0)
|   |   |   |   age = 16-25: 1 (0.0)
|   |   |   |   age = 66-85: 1 (0.0)
|   |   |   |   age = 26-45: 0 (9.0)
|   |   |   |   age = 6-15: 1 (0.0)
|   |   |   |   age = 86+: 1 (0.0)
|   |   |   EDLOS = 5-12: 1 (1640.0)
|   |   |   EDLOS = 13-24: 0 (1062.0)
|   |   |   EDLOS = 0-4: 1 (0.0)
|   source_referral = community_org: 0 (5703.0/990.0)
|   source_referral = hospital: 1 (564.0)
preferred_language = middle eastern
|   age = 46-65
|   |   source_referral = other
|   |   |   triage_category = 1: 1 (183.0/46.0)
|   |   |   triage_category = 2
|   |   |   |   EDLOS = 25+: 1 (25196.0/10337.0)
|   |   |   |   EDLOS = 5-12: 0 (1.0)
|   |   |   |   EDLOS = 13-24: 0 (14.0)
|   |   |   |   EDLOS = 0-4: 1 (0.0)
|   |   |   triage_category = 3: 1 (16374.0/6079.0)
|   |   |   triage_category = 4
|   |   |   |   EDLOS = 25+: 1 (8885.0/3199.0)
|   |   |   |   EDLOS = 5-12: 1 (0.0)
|   |   |   |   EDLOS = 13-24: 0 (6.0)
|   |   |   |   EDLOS = 0-4: 1 (0.0)
|   |   |   triage_category = 5: 0 (736.0/305.0)
|   |   source_referral = clinic: 1 (21.0/7.0)
|   |   source_referral = self/family/friends: 0 (154.0/33.0)
|   |   source_referral = community_org: 1 (0.0)
|   |   source_referral = hospital: 1 (0.0)
|   age = 0-5
|   |   triage_category = 1: 1 (24.0/7.0)
|   |   triage_category = 2: 0 (94.0)
|   |   triage_category = 3: 0 (492.0/99.0)
|   |   triage_category = 4: 0 (440.0/55.0)
|   |   triage_category = 5: 0 (34.0/9.0)
|   age = 16-25
|   |   source_referral = other
|   |   |   triage_category = 1: 0 (2.0)
|   |   |   triage_category = 2: 0 (99.0/2.0)
|   |   |   triage_category = 3: 0 (534.0/59.0)
|   |   |   triage_category = 4: 0 (749.0/75.0)
|   |   |   triage_category = 5
|   |   |   |   EDLOS = 25+: 0 (161.0/79.0)
|   |   |   |   EDLOS = 5-12: 1 (15.0)
|   |   |   |   EDLOS = 13-24: 0 (20.0/5.0)
|   |   |   |   EDLOS = 0-4: 0 (10.0)
|   |   source_referral = clinic: 0 (0.0)
|   |   source_referral = self/family/friends: 1 (491.0/7.0)
|   |   source_referral = community_org: 0 (2.0)
|   |   source_referral = hospital: 0 (0.0)
|   age = 66-85: 0 (4461.0/703.0)
|   age = 26-45
|   |   source_referral = other
|   |   |   triage_category = 1: 0 (18.0)
|   |   |   triage_category = 2
|   |   |   |   EDLOS = 25+: 1 (12220.0/4642.0)
|   |   |   |   EDLOS = 5-12: 1 (0.0)
|   |   |   |   EDLOS = 13-24: 0 (136.0)
|   |   |   |   EDLOS = 0-4: 1 (0.0)
|   |   |   triage_category = 3
|   |   |   |   EDLOS = 25+: 1 (8408.0/3828.0)
|   |   |   |   EDLOS = 5-12: 1 (0.0)
|   |   |   |   EDLOS = 13-24: 0 (5.0)
|   |   |   |   EDLOS = 0-4: 1 (0.0)
|   |   |   triage_category = 4
|   |   |   |   EDLOS = 25+: 1 (4708.0/2215.0)
|   |   |   |   EDLOS = 5-12: 1 (0.0)
|   |   |   |   EDLOS = 13-24: 0 (281.0/136.0)
|   |   |   |   EDLOS = 0-4: 1 (0.0)
|   |   |   triage_category = 5
|   |   |   |   EDLOS = 25+: 0 (539.0/243.0)
|   |   |   |   EDLOS = 5-12: 1 (7.0/1.0)
|   |   |   |   EDLOS = 13-24: 0 (19.0/4.0)
|   |   |   |   EDLOS = 0-4: 0 (0.0)
|   |   source_referral = clinic: 0 (9.0)
|   |   source_referral = self/family/friends
|   |   |   triage_category = 1: 1 (0.0)
|   |   |   triage_category = 2: 1 (1743.0/487.0)
|   |   |   triage_category = 3: 1 (1303.0/47.0)
|   |   |   triage_category = 4: 0 (1029.0/497.0)
|   |   |   triage_category = 5: 0 (11.0)
|   |   source_referral = community_org: 1 (0.0)
|   |   source_referral = hospital: 1 (0.0)
|   age = 6-15: 0 (446.0/33.0)
|   age = 86+: 0 (216.0/21.0)
preferred_language = none
|   source_referral = other
|   |   age = 46-65: 0 (872.0/11.0)
|   |   age = 0-5: 0 (385.0/100.0)
|   |   age = 16-25: 0 (121.0/10.0)
|   |   age = 66-85
|   |   |   EDLOS = 25+: 0 (302.0/34.0)
|   |   |   EDLOS = 5-12: 0 (0.0)
|   |   |   EDLOS = 13-24: 1 (16.0)
|   |   |   EDLOS = 0-4: 0 (0.0)
|   |   age = 26-45
|   |   |   triage_category = 1: 0 (15.0)
|   |   |   triage_category = 2: 1 (102.0/7.0)
|   |   |   triage_category = 3: 0 (1142.0/527.0)
|   |   |   triage_category = 4: 0 (629.0/10.0)
|   |   |   triage_category = 5
|   |   |   |   EDLOS = 25+: 0 (25.0/3.0)
|   |   |   |   EDLOS = 5-12: 1 (0.0)
|   |   |   |   EDLOS = 13-24: 0 (11.0/4.0)
|   |   |   |   EDLOS = 0-4: 1 (42.0)
|   |   age = 6-15: 0 (47.0/5.0)
|   |   age = 86+: 0 (0.0)
|   source_referral = clinic: 1 (440.0)
|   source_referral = self/family/friends: 0 (30.0)
|   source_referral = community_org: 0 (0.0)
|   source_referral = hospital: 0 (0.0)

Number of Leaves  : 	662

Size of the tree : 	811



Correctly Classified Instances     142831379          80.8163 %
Incorrectly Classified Instances   33904508          19.1837 %
Kappa statistic                          0.5769
Mean absolute error                      0.2891
Root mean squared error                  0.3802
Relative absolute error                 60.4875 %
Root relative squared error             77.7739 %
Total Number of Instances          176735887

=== Detailed Accuracy By Class ===

                 TP Rate  FP Rate  Precision  Recall   F-Measure  MCC      ROC Area  PRC Area  Class
                 0.938    0.391    0.786      0.938    0.855      0.597    0.811     0.811     0
                 0.609    0.062    0.866      0.609    0.715      0.597    0.811     0.816     1
Weighted Avg.    0.808    0.261    0.817      0.808    0.800      0.597    0.811     0.813     

[[1.00318828e+08 6.59965100e+06]
 [2.73048570e+07 4.25125510e+07]]

Class 0 details
Area under ROC: 0.8114685706623447
False negatives: 6599651.0
True negatives: 42512551.0
False positives: 27304857.0
True positives: 100318828.0

Class 1 details
Area under ROC: 0.8114685706623443
False negatives: 27304857.0
True negatives: 100318828.0
False positives: 6599651.0
True positives: 42512551.0

