Classifier: weka.classifiers.trees.J48
Options: -C 0.25
Classifier build time (HH:mm:ss): 0:01:26.621149
Evaluation time (HH:mm:ss): 1:44:19.989717

J48 pruned tree
------------------

preferred_language = other
|   separation_mode = admitted: 0 (1.7809907E7/3534443.0)
|   separation_mode = released
|   |   age = 46-65
|   |   |   triage_category = 1: 0 (931.0/271.0)
|   |   |   triage_category = 2: 0 (27033.0/12053.0)
|   |   |   triage_category = 3: 0 (72688.0/33122.0)
|   |   |   triage_category = 4: 1 (64765.0/28778.0)
|   |   |   triage_category = 5: 1 (25653.0/10453.0)
|   |   age = 0-5
|   |   |   triage_category = 1: 0 (447.0/84.0)
|   |   |   triage_category = 2: 0 (6254.0/1139.0)
|   |   |   triage_category = 3: 0 (24686.0/6811.0)
|   |   |   triage_category = 4: 0 (17046.0/5763.0)
|   |   |   triage_category = 5: 1 (2408.0/1113.0)
|   |   age = 66-85
|   |   |   triage_category = 1: 0 (540.0/116.0)
|   |   |   triage_category = 2: 0 (14232.0/4215.0)
|   |   |   triage_category = 3: 0 (37436.0/12357.0)
|   |   |   triage_category = 4: 0 (34611.0/15367.0)
|   |   |   triage_category = 5: 1 (14042.0/6965.0)
|   |   age = 16-25
|   |   |   triage_category = 1: 1 (1386.0/352.0)
|   |   |   triage_category = 2
|   |   |   |   source_referral = other: 1 (17204.0/8121.0)
|   |   |   |   source_referral = self/family/friends: 0 (1034.0/344.0)
|   |   |   |   source_referral = clinic: 1 (0.0)
|   |   |   |   source_referral = community_org: 1 (0.0)
|   |   |   |   source_referral = hospital: 1 (0.0)
|   |   |   triage_category = 3
|   |   |   |   source_referral = other: 0 (56766.0/27743.0)
|   |   |   |   source_referral = self/family/friends: 1 (517.0)
|   |   |   |   source_referral = clinic: 0 (0.0)
|   |   |   |   source_referral = community_org: 0 (0.0)
|   |   |   |   source_referral = hospital: 0 (0.0)
|   |   |   triage_category = 4: 1 (46727.0/21135.0)
|   |   |   triage_category = 5: 1 (12593.0/4428.0)
|   |   age = 26-45
|   |   |   triage_category = 1: 0 (1663.0/506.0)
|   |   |   triage_category = 2: 1 (32185.0/15407.0)
|   |   |   triage_category = 3
|   |   |   |   source_referral = other: 0 (93928.0/46806.0)
|   |   |   |   source_referral = self/family/friends: 1 (1259.0/623.0)
|   |   |   |   source_referral = clinic: 0 (0.0)
|   |   |   |   source_referral = community_org: 0 (0.0)
|   |   |   |   source_referral = hospital: 0 (0.0)
|   |   |   triage_category = 4
|   |   |   |   source_referral = other: 1 (82192.0/36468.0)
|   |   |   |   source_referral = self/family/friends: 0 (819.0/162.0)
|   |   |   |   source_referral = clinic: 1 (0.0)
|   |   |   |   source_referral = community_org: 1 (0.0)
|   |   |   |   source_referral = hospital: 1 (0.0)
|   |   |   triage_category = 5: 1 (30621.0/10690.0)
|   |   age = 6-15
|   |   |   triage_category = 1: 0 (217.0/45.0)
|   |   |   triage_category = 2: 0 (3733.0/738.0)
|   |   |   triage_category = 3: 0 (17531.0/6240.0)
|   |   |   triage_category = 4: 0 (11201.0/4254.0)
|   |   |   triage_category = 5: 1 (2336.0/975.0)
|   |   age = 86+: 0 (13734.0/4259.0)
|   separation_mode = left_against_advice
|   |   source_referral = other
|   |   |   triage_category = 1: 0 (2437.0/864.0)
|   |   |   triage_category = 2: 0 (50394.0/19268.0)
|   |   |   triage_category = 3: 0 (110172.0/46781.0)
|   |   |   triage_category = 4: 0 (76780.0/36566.0)
|   |   |   triage_category = 5: 1 (22860.0/10753.0)
|   |   source_referral = self/family/friends
|   |   |   triage_category = 1: 1 (0.0)
|   |   |   triage_category = 2: 1 (120.0/1.0)
|   |   |   triage_category = 3: 1 (1864.0/128.0)
|   |   |   triage_category = 4: 0 (668.0/162.0)
|   |   |   triage_category = 5: 0 (272.0/136.0)
|   |   source_referral = clinic: 0 (0.0)
|   |   source_referral = community_org: 0 (5.0)
|   |   source_referral = hospital: 0 (0.0)
|   separation_mode = died/other: 0 (1.4701674E7/2761535.0)
preferred_language = english
|   separation_mode = admitted
|   |   age = 46-65
|   |   |   triage_category = 1
|   |   |   |   source_referral = other: 0 (6287.0/1928.0)
|   |   |   |   source_referral = self/family/friends: 1 (6657.0/3283.0)
|   |   |   |   source_referral = clinic: 0 (0.0)
|   |   |   |   source_referral = community_org: 0 (0.0)
|   |   |   |   source_referral = hospital: 0 (0.0)
|   |   |   triage_category = 2
|   |   |   |   source_referral = other: 1 (167826.0/45012.0)
|   |   |   |   source_referral = self/family/friends: 1 (169913.0/53180.0)
|   |   |   |   source_referral = clinic: 1 (1504.0/658.0)
|   |   |   |   source_referral = community_org: 0 (4141.0/1885.0)
|   |   |   |   source_referral = hospital: 0 (1811.0/435.0)
|   |   |   triage_category = 3
|   |   |   |   source_referral = other: 1 (156898.0/64308.0)
|   |   |   |   source_referral = self/family/friends: 1 (225136.0/91283.0)
|   |   |   |   source_referral = clinic: 1 (2363.0/163.0)
|   |   |   |   source_referral = community_org: 1 (3311.0/947.0)
|   |   |   |   source_referral = hospital: 0 (1363.0/283.0)
|   |   |   triage_category = 4
|   |   |   |   source_referral = other: 0 (66366.0/33150.0)
|   |   |   |   source_referral = self/family/friends: 1 (98556.0/43965.0)
|   |   |   |   source_referral = clinic: 0 (1306.0/607.0)
|   |   |   |   source_referral = community_org: 0 (1552.0/684.0)
|   |   |   |   source_referral = hospital: 1 (290.0)
|   |   |   triage_category = 5: 1 (24856.0/9477.0)
|   |   age = 0-5
|   |   |   triage_category = 1: 0 (281.0/17.0)
|   |   |   triage_category = 2: 0 (3297.0/450.0)
|   |   |   triage_category = 3: 0 (4320.0/882.0)
|   |   |   triage_category = 4: 0 (1411.0/320.0)
|   |   |   triage_category = 5: 1 (85.0/14.0)
|   |   age = 66-85
|   |   |   source_referral = other: 0 (48199.0/11763.0)
|   |   |   source_referral = self/family/friends
|   |   |   |   triage_category = 1: 0 (704.0/282.0)
|   |   |   |   triage_category = 2: 1 (4585.0/1543.0)
|   |   |   |   triage_category = 3: 1 (9253.0/4439.0)
|   |   |   |   triage_category = 4: 1 (8310.0/2918.0)
|   |   |   |   triage_category = 5: 1 (179.0/7.0)
|   |   |   source_referral = clinic
|   |   |   |   triage_category = 1: 1 (0.0)
|   |   |   |   triage_category = 2: 0 (308.0/136.0)
|   |   |   |   triage_category = 3: 1 (621.0/188.0)
|   |   |   |   triage_category = 4: 0 (99.0/27.0)
|   |   |   |   triage_category = 5: 1 (0.0)
|   |   |   source_referral = community_org
|   |   |   |   triage_category = 1: 0 (0.0)
|   |   |   |   triage_category = 2: 0 (136.0)
|   |   |   |   triage_category = 3: 0 (0.0)
|   |   |   |   triage_category = 4: 1 (294.0/138.0)
|   |   |   |   triage_category = 5: 1 (20.0)
|   |   |   source_referral = hospital: 0 (548.0/30.0)
|   |   age = 16-25
|   |   |   source_referral = other: 1 (179081.0/70454.0)
|   |   |   source_referral = self/family/friends: 1 (157524.0/49488.0)
|   |   |   source_referral = clinic
|   |   |   |   triage_category = 1: 1 (0.0)
|   |   |   |   triage_category = 2: 1 (137.0)
|   |   |   |   triage_category = 3: 1 (690.0/5.0)
|   |   |   |   triage_category = 4: 0 (4.0)
|   |   |   |   triage_category = 5: 1 (0.0)
|   |   |   source_referral = community_org
|   |   |   |   triage_category = 1: 0 (804.0/160.0)
|   |   |   |   triage_category = 2: 1 (4095.0/1429.0)
|   |   |   |   triage_category = 3: 1 (6158.0/1943.0)
|   |   |   |   triage_category = 4: 1 (917.0/273.0)
|   |   |   |   triage_category = 5: 1 (0.0)
|   |   |   source_referral = hospital
|   |   |   |   triage_category = 1: 1 (0.0)
|   |   |   |   triage_category = 2: 1 (383.0)
|   |   |   |   triage_category = 3: 1 (0.0)
|   |   |   |   triage_category = 4: 0 (54.0)
|   |   |   |   triage_category = 5: 1 (0.0)
|   |   age = 26-45
|   |   |   source_referral = other
|   |   |   |   triage_category = 1: 0 (4531.0/1912.0)
|   |   |   |   triage_category = 2: 1 (65978.0/27779.0)
|   |   |   |   triage_category = 3: 1 (171903.0/66858.0)
|   |   |   |   triage_category = 4: 1 (60192.0/29546.0)
|   |   |   |   triage_category = 5: 1 (6853.0/2679.0)
|   |   |   source_referral = self/family/friends: 1 (337183.0/120831.0)
|   |   |   source_referral = clinic
|   |   |   |   triage_category = 1: 0 (0.0)
|   |   |   |   triage_category = 2: 1 (329.0/12.0)
|   |   |   |   triage_category = 3: 0 (1540.0/319.0)
|   |   |   |   triage_category = 4: 1 (660.0/164.0)
|   |   |   |   triage_category = 5: 0 (0.0)
|   |   |   source_referral = community_org: 1 (23276.0/8013.0)
|   |   |   source_referral = hospital
|   |   |   |   triage_category = 1: 0 (0.0)
|   |   |   |   triage_category = 2: 1 (1132.0/558.0)
|   |   |   |   triage_category = 3: 0 (1684.0/242.0)
|   |   |   |   triage_category = 4: 1 (126.0)
|   |   |   |   triage_category = 5: 0 (0.0)
|   |   age = 6-15
|   |   |   triage_category = 1: 0 (193.0)
|   |   |   triage_category = 2: 0 (2087.0/313.0)
|   |   |   triage_category = 3: 0 (12166.0/5288.0)
|   |   |   triage_category = 4
|   |   |   |   source_referral = other: 0 (2776.0/1276.0)
|   |   |   |   source_referral = self/family/friends: 1 (1943.0/511.0)
|   |   |   |   source_referral = clinic: 1 (0.0)
|   |   |   |   source_referral = community_org: 1 (9.0/4.0)
|   |   |   |   source_referral = hospital: 1 (0.0)
|   |   |   triage_category = 5: 1 (3017.0/875.0)
|   |   age = 86+: 0 (7980.0/718.0)
|   separation_mode = released
|   |   age = 46-65
|   |   |   source_referral = other: 1 (66888.0/16572.0)
|   |   |   source_referral = self/family/friends: 1 (76237.0/21449.0)
|   |   |   source_referral = clinic: 1 (0.0)
|   |   |   source_referral = community_org
|   |   |   |   triage_category = 1: 0 (0.0)
|   |   |   |   triage_category = 2: 0 (1038.0/219.0)
|   |   |   |   triage_category = 3: 0 (1336.0/187.0)
|   |   |   |   triage_category = 4: 1 (484.0)
|   |   |   |   triage_category = 5: 0 (0.0)
|   |   |   source_referral = hospital: 1 (958.0)
|   |   age = 0-5: 0 (414.0/122.0)
|   |   age = 66-85: 1 (8515.0/2464.0)
|   |   age = 16-25
|   |   |   source_referral = other
|   |   |   |   triage_category = 1: 0 (139.0)
|   |   |   |   triage_category = 2: 1 (2391.0/663.0)
|   |   |   |   triage_category = 3: 1 (5700.0/1819.0)
|   |   |   |   triage_category = 4: 1 (3097.0/1198.0)
|   |   |   |   triage_category = 5: 1 (876.0/163.0)
|   |   |   source_referral = self/family/friends: 1 (23875.0/5795.0)
|   |   |   source_referral = clinic: 1 (140.0)
|   |   |   source_referral = community_org: 1 (816.0/161.0)
|   |   |   source_referral = hospital: 1 (0.0)
|   |   age = 26-45
|   |   |   source_referral = other
|   |   |   |   triage_category = 1: 0 (234.0)
|   |   |   |   triage_category = 2: 1 (6131.0/2203.0)
|   |   |   |   triage_category = 3: 1 (16435.0/4514.0)
|   |   |   |   triage_category = 4: 1 (10190.0/2905.0)
|   |   |   |   triage_category = 5: 1 (18719.0/3064.0)
|   |   |   source_referral = self/family/friends: 1 (55171.0/6522.0)
|   |   |   source_referral = clinic
|   |   |   |   triage_category = 1: 1 (0.0)
|   |   |   |   triage_category = 2: 1 (0.0)
|   |   |   |   triage_category = 3: 0 (4.0)
|   |   |   |   triage_category = 4: 1 (5168.0/841.0)
|   |   |   |   triage_category = 5: 1 (1860.0)
|   |   |   source_referral = community_org: 1 (4422.0/157.0)
|   |   |   source_referral = hospital: 1 (0.0)
|   |   age = 6-15
|   |   |   source_referral = other: 1 (565.0/123.0)
|   |   |   source_referral = self/family/friends: 0 (1055.0/435.0)
|   |   |   source_referral = clinic
|   |   |   |   triage_category = 1: 1 (0.0)
|   |   |   |   triage_category = 2: 1 (0.0)
|   |   |   |   triage_category = 3: 1 (0.0)
|   |   |   |   triage_category = 4: 0 (2.0)
|   |   |   |   triage_category = 5: 1 (161.0)
|   |   |   source_referral = community_org: 1 (6.0)
|   |   |   source_referral = hospital: 1 (0.0)
|   |   age = 86+
|   |   |   triage_category = 1: 1 (0.0)
|   |   |   triage_category = 2: 1 (0.0)
|   |   |   triage_category = 3: 1 (46.0/17.0)
|   |   |   triage_category = 4: 0 (22.0/7.0)
|   |   |   triage_category = 5: 1 (0.0)
|   separation_mode = left_against_advice
|   |   source_referral = other
|   |   |   triage_category = 1: 0 (147.0)
|   |   |   triage_category = 2
|   |   |   |   age = 46-65: 1 (11556.0/4099.0)
|   |   |   |   age = 0-5: 0 (2.0)
|   |   |   |   age = 66-85: 0 (8.0)
|   |   |   |   age = 16-25: 0 (861.0/335.0)
|   |   |   |   age = 26-45: 1 (3352.0/1213.0)
|   |   |   |   age = 6-15: 0 (2.0)
|   |   |   |   age = 86+: 1 (0.0)
|   |   |   triage_category = 3: 1 (25266.0/4907.0)
|   |   |   triage_category = 4: 1 (20512.0/5045.0)
|   |   |   triage_category = 5: 1 (4577.0/657.0)
|   |   source_referral = self/family/friends
|   |   |   age = 46-65: 1 (39761.0/12938.0)
|   |   |   age = 0-5: 1 (0.0)
|   |   |   age = 66-85: 1 (978.0/142.0)
|   |   |   age = 16-25: 1 (12623.0/3507.0)
|   |   |   age = 26-45
|   |   |   |   triage_category = 1: 1 (0.0)
|   |   |   |   triage_category = 2: 1 (4667.0/1462.0)
|   |   |   |   triage_category = 3: 1 (12457.0/4017.0)
|   |   |   |   triage_category = 4: 1 (3737.0/745.0)
|   |   |   |   triage_category = 5: 0 (2368.0/773.0)
|   |   |   age = 6-15: 1 (137.0)
|   |   |   age = 86+: 1 (0.0)
|   |   source_referral = clinic
|   |   |   triage_category = 1: 1 (0.0)
|   |   |   triage_category = 2: 1 (819.0)
|   |   |   triage_category = 3: 0 (242.0)
|   |   |   triage_category = 4
|   |   |   |   age = 46-65: 0 (320.0)
|   |   |   |   age = 0-5: 0 (0.0)
|   |   |   |   age = 66-85: 0 (0.0)
|   |   |   |   age = 16-25: 1 (318.0)
|   |   |   |   age = 26-45: 0 (0.0)
|   |   |   |   age = 6-15: 0 (0.0)
|   |   |   |   age = 86+: 0 (0.0)
|   |   |   triage_category = 5: 1 (0.0)
|   |   source_referral = community_org
|   |   |   age = 46-65: 0 (1639.0)
|   |   |   age = 0-5: 0 (0.0)
|   |   |   age = 66-85: 0 (0.0)
|   |   |   age = 16-25: 1 (158.0)
|   |   |   age = 26-45
|   |   |   |   triage_category = 1: 1 (0.0)
|   |   |   |   triage_category = 2: 0 (158.0)
|   |   |   |   triage_category = 3: 1 (586.0/158.0)
|   |   |   |   triage_category = 4: 1 (144.0)
|   |   |   |   triage_category = 5: 1 (0.0)
|   |   |   age = 6-15: 0 (0.0)
|   |   |   age = 86+: 0 (0.0)
|   |   source_referral = hospital: 1 (0.0)
|   separation_mode = died/other
|   |   source_referral = other
|   |   |   age = 46-65
|   |   |   |   triage_category = 1: 0 (90.0)
|   |   |   |   triage_category = 2: 0 (7423.0/1477.0)
|   |   |   |   triage_category = 3: 0 (14203.0/6056.0)
|   |   |   |   triage_category = 4: 0 (5423.0/1673.0)
|   |   |   |   triage_category = 5: 1 (1649.0/378.0)
|   |   |   age = 0-5
|   |   |   |   triage_category = 1: 1 (35.0/9.0)
|   |   |   |   triage_category = 2: 0 (790.0/108.0)
|   |   |   |   triage_category = 3: 0 (1260.0/276.0)
|   |   |   |   triage_category = 4: 0 (529.0/176.0)
|   |   |   |   triage_category = 5: 1 (18.0/7.0)
|   |   |   age = 66-85
|   |   |   |   triage_category = 1: 0 (67.0)
|   |   |   |   triage_category = 2: 0 (2767.0/170.0)
|   |   |   |   triage_category = 3: 0 (5650.0/1841.0)
|   |   |   |   triage_category = 4: 0 (3320.0/1105.0)
|   |   |   |   triage_category = 5: 1 (437.0/174.0)
|   |   |   age = 16-25
|   |   |   |   triage_category = 1: 1 (275.0/82.0)
|   |   |   |   triage_category = 2: 1 (19105.0/9322.0)
|   |   |   |   triage_category = 3: 1 (20077.0/9132.0)
|   |   |   |   triage_category = 4: 0 (10518.0/5042.0)
|   |   |   |   triage_category = 5: 0 (1208.0/602.0)
|   |   |   age = 26-45
|   |   |   |   triage_category = 1: 0 (327.0/137.0)
|   |   |   |   triage_category = 2: 1 (18009.0/8123.0)
|   |   |   |   triage_category = 3: 0 (20810.0/8496.0)
|   |   |   |   triage_category = 4: 0 (9238.0/4391.0)
|   |   |   |   triage_category = 5: 0 (2339.0/793.0)
|   |   |   age = 6-15
|   |   |   |   triage_category = 1: 0 (40.0)
|   |   |   |   triage_category = 2: 0 (353.0/22.0)
|   |   |   |   triage_category = 3: 0 (993.0/294.0)
|   |   |   |   triage_category = 4: 0 (793.0/241.0)
|   |   |   |   triage_category = 5: 1 (59.0/17.0)
|   |   |   age = 86+: 0 (2478.0/317.0)
|   |   source_referral = self/family/friends
|   |   |   age = 46-65: 0 (818.0/9.0)
|   |   |   age = 0-5: 0 (25.0)
|   |   |   age = 66-85: 0 (6.0)
|   |   |   age = 16-25: 1 (13976.0/5090.0)
|   |   |   age = 26-45
|   |   |   |   triage_category = 1: 1 (0.0)
|   |   |   |   triage_category = 2: 0 (627.0/172.0)
|   |   |   |   triage_category = 3: 1 (14274.0/4417.0)
|   |   |   |   triage_category = 4: 1 (6771.0/2739.0)
|   |   |   |   triage_category = 5: 0 (654.0/210.0)
|   |   |   age = 6-15: 1 (0.0)
|   |   |   age = 86+: 1 (0.0)
|   |   source_referral = clinic
|   |   |   triage_category = 1: 0 (0.0)
|   |   |   triage_category = 2: 0 (1.0)
|   |   |   triage_category = 3
|   |   |   |   age = 46-65: 1 (0.0)
|   |   |   |   age = 0-5: 1 (0.0)
|   |   |   |   age = 66-85: 1 (0.0)
|   |   |   |   age = 16-25: 1 (136.0)
|   |   |   |   age = 26-45: 0 (4.0)
|   |   |   |   age = 6-15: 1 (0.0)
|   |   |   |   age = 86+: 1 (0.0)
|   |   |   triage_category = 4: 0 (168.0)
|   |   |   triage_category = 5: 0 (0.0)
|   |   source_referral = community_org: 1 (1712.0/137.0)
|   |   source_referral = hospital: 0 (137.0)
preferred_language = european
|   age = 46-65
|   |   triage_category = 1
|   |   |   source_referral = other
|   |   |   |   separation_mode = admitted: 1 (781.0/249.0)
|   |   |   |   separation_mode = released: 1 (0.0)
|   |   |   |   separation_mode = left_against_advice: 1 (0.0)
|   |   |   |   separation_mode = died/other: 0 (2.0)
|   |   |   source_referral = self/family/friends: 0 (141.0)
|   |   |   source_referral = clinic: 1 (0.0)
|   |   |   source_referral = community_org: 1 (194.0)
|   |   |   source_referral = hospital: 1 (0.0)
|   |   triage_category = 2
|   |   |   source_referral = other: 1 (14640.0/3019.0)
|   |   |   source_referral = self/family/friends: 1 (7235.0/861.0)
|   |   |   source_referral = clinic: 1 (1638.0)
|   |   |   source_referral = community_org
|   |   |   |   separation_mode = admitted: 0 (1872.0/905.0)
|   |   |   |   separation_mode = released: 1 (465.0)
|   |   |   |   separation_mode = left_against_advice: 1 (0.0)
|   |   |   |   separation_mode = died/other: 1 (0.0)
|   |   |   source_referral = hospital: 1 (434.0)
|   |   triage_category = 3
|   |   |   separation_mode = admitted
|   |   |   |   source_referral = other: 1 (20555.0/10038.0)
|   |   |   |   source_referral = self/family/friends: 1 (17413.0/8058.0)
|   |   |   |   source_referral = clinic: 1 (1626.0/234.0)
|   |   |   |   source_referral = community_org: 1 (3007.0/1106.0)
|   |   |   |   source_referral = hospital: 0 (145.0)
|   |   |   separation_mode = released: 1 (9953.0/1701.0)
|   |   |   separation_mode = left_against_advice
|   |   |   |   source_referral = other: 1 (1838.0/449.0)
|   |   |   |   source_referral = self/family/friends: 1 (3089.0/1425.0)
|   |   |   |   source_referral = clinic: 1 (0.0)
|   |   |   |   source_referral = community_org: 0 (550.0/86.0)
|   |   |   |   source_referral = hospital: 1 (0.0)
|   |   |   separation_mode = died/other: 1 (1625.0/619.0)
|   |   triage_category = 4
|   |   |   separation_mode = admitted
|   |   |   |   source_referral = other: 1 (3981.0/1366.0)
|   |   |   |   source_referral = self/family/friends: 1 (4121.0/909.0)
|   |   |   |   source_referral = clinic: 0 (1.0)
|   |   |   |   source_referral = community_org: 0 (299.0)
|   |   |   |   source_referral = hospital: 1 (0.0)
|   |   |   separation_mode = released: 1 (5989.0/1659.0)
|   |   |   separation_mode = left_against_advice: 1 (7978.0/2807.0)
|   |   |   separation_mode = died/other: 0 (1260.0/251.0)
|   |   triage_category = 5
|   |   |   source_referral = other
|   |   |   |   separation_mode = admitted: 1 (905.0/317.0)
|   |   |   |   separation_mode = released: 0 (119.0)
|   |   |   |   separation_mode = left_against_advice: 1 (543.0)
|   |   |   |   separation_mode = died/other: 1 (4.0)
|   |   |   source_referral = self/family/friends: 0 (1469.0/556.0)
|   |   |   source_referral = clinic: 0 (248.0)
|   |   |   source_referral = community_org: 1 (0.0)
|   |   |   source_referral = hospital: 1 (0.0)
|   age = 0-5
|   |   triage_category = 1: 0 (4.0)
|   |   triage_category = 2: 0 (147.0/24.0)
|   |   triage_category = 3: 0 (531.0/56.0)
|   |   triage_category = 4
|   |   |   source_referral = other: 0 (360.0/107.0)
|   |   |   source_referral = self/family/friends: 0 (0.0)
|   |   |   source_referral = clinic: 0 (0.0)
|   |   |   source_referral = community_org: 1 (6.0)
|   |   |   source_referral = hospital: 0 (0.0)
|   |   triage_category = 5: 1 (7.0)
|   age = 66-85
|   |   separation_mode = admitted
|   |   |   source_referral = other: 0 (7328.0/1551.0)
|   |   |   source_referral = self/family/friends
|   |   |   |   triage_category = 1: 0 (139.0)
|   |   |   |   triage_category = 2: 1 (3934.0/1848.0)
|   |   |   |   triage_category = 3: 1 (6152.0/3032.0)
|   |   |   |   triage_category = 4: 0 (6064.0/2371.0)
|   |   |   |   triage_category = 5: 0 (4.0)
|   |   |   source_referral = clinic
|   |   |   |   triage_category = 1: 1 (0.0)
|   |   |   |   triage_category = 2: 0 (273.0/136.0)
|   |   |   |   triage_category = 3: 1 (307.0/4.0)
|   |   |   |   triage_category = 4: 1 (0.0)
|   |   |   |   triage_category = 5: 1 (0.0)
|   |   |   source_referral = community_org: 0 (416.0/137.0)
|   |   |   source_referral = hospital
|   |   |   |   triage_category = 1: 0 (0.0)
|   |   |   |   triage_category = 2: 1 (137.0)
|   |   |   |   triage_category = 3: 0 (137.0)
|   |   |   |   triage_category = 4: 0 (227.0)
|   |   |   |   triage_category = 5: 0 (0.0)
|   |   separation_mode = released: 1 (3396.0/1048.0)
|   |   separation_mode = left_against_advice
|   |   |   triage_category = 1: 1 (0.0)
|   |   |   triage_category = 2: 1 (235.0)
|   |   |   triage_category = 3: 0 (161.0)
|   |   |   triage_category = 4: 1 (378.0)
|   |   |   triage_category = 5: 1 (0.0)
|   |   separation_mode = died/other: 0 (543.0/10.0)
|   age = 16-25
|   |   triage_category = 1: 0 (867.0)
|   |   triage_category = 2
|   |   |   separation_mode = admitted: 1 (1240.0/592.0)
|   |   |   separation_mode = released: 1 (348.0/165.0)
|   |   |   separation_mode = left_against_advice: 0 (173.0)
|   |   |   separation_mode = died/other: 0 (25.0)
|   |   triage_category = 3
|   |   |   source_referral = other
|   |   |   |   separation_mode = admitted: 1 (2726.0/1226.0)
|   |   |   |   separation_mode = released: 0 (126.0)
|   |   |   |   separation_mode = left_against_advice: 1 (0.0)
|   |   |   |   separation_mode = died/other: 0 (76.0/6.0)
|   |   |   source_referral = self/family/friends: 0 (1396.0/296.0)
|   |   |   source_referral = clinic: 0 (273.0)
|   |   |   source_referral = community_org
|   |   |   |   separation_mode = admitted: 0 (684.0/136.0)
|   |   |   |   separation_mode = released: 1 (137.0)
|   |   |   |   separation_mode = left_against_advice: 0 (0.0)
|   |   |   |   separation_mode = died/other: 0 (0.0)
|   |   |   source_referral = hospital: 0 (0.0)
|   |   triage_category = 4
|   |   |   source_referral = other
|   |   |   |   separation_mode = admitted: 1 (305.0/112.0)
|   |   |   |   separation_mode = released: 0 (16.0)
|   |   |   |   separation_mode = left_against_advice: 1 (0.0)
|   |   |   |   separation_mode = died/other: 1 (27.0/1.0)
|   |   |   source_referral = self/family/friends: 1 (698.0/151.0)
|   |   |   source_referral = clinic: 1 (0.0)
|   |   |   source_referral = community_org: 1 (161.0)
|   |   |   source_referral = hospital: 1 (0.0)
|   |   triage_category = 5
|   |   |   separation_mode = admitted: 0 (16.0)
|   |   |   separation_mode = released: 1 (0.0)
|   |   |   separation_mode = left_against_advice: 1 (0.0)
|   |   |   separation_mode = died/other: 1 (22.0)
|   age = 26-45
|   |   source_referral = other
|   |   |   triage_category = 1: 0 (2208.0/699.0)
|   |   |   triage_category = 2
|   |   |   |   separation_mode = admitted: 1 (2541.0/937.0)
|   |   |   |   separation_mode = released: 0 (963.0/434.0)
|   |   |   |   separation_mode = left_against_advice: 1 (0.0)
|   |   |   |   separation_mode = died/other: 1 (1156.0/202.0)
|   |   |   triage_category = 3
|   |   |   |   separation_mode = admitted: 0 (6317.0/3010.0)
|   |   |   |   separation_mode = released: 1 (1196.0/216.0)
|   |   |   |   separation_mode = left_against_advice: 0 (1281.0/234.0)
|   |   |   |   separation_mode = died/other: 0 (278.0/16.0)
|   |   |   triage_category = 4: 1 (3007.0/1320.0)
|   |   |   triage_category = 5
|   |   |   |   separation_mode = admitted: 0 (25.0/5.0)
|   |   |   |   separation_mode = released: 1 (526.0)
|   |   |   |   separation_mode = left_against_advice: 1 (220.0/26.0)
|   |   |   |   separation_mode = died/other: 1 (0.0)
|   |   source_referral = self/family/friends
|   |   |   triage_category = 1: 1 (167.0)
|   |   |   triage_category = 2: 1 (1823.0/244.0)
|   |   |   triage_category = 3
|   |   |   |   separation_mode = admitted: 1 (7625.0/1574.0)
|   |   |   |   separation_mode = released: 0 (138.0)
|   |   |   |   separation_mode = left_against_advice: 1 (141.0)
|   |   |   |   separation_mode = died/other: 1 (0.0)
|   |   |   triage_category = 4: 1 (3910.0/547.0)
|   |   |   triage_category = 5
|   |   |   |   separation_mode = admitted: 1 (494.0)
|   |   |   |   separation_mode = released: 1 (0.0)
|   |   |   |   separation_mode = left_against_advice: 0 (142.0)
|   |   |   |   separation_mode = died/other: 1 (0.0)
|   |   source_referral = clinic
|   |   |   triage_category = 1: 0 (0.0)
|   |   |   triage_category = 2: 1 (138.0)
|   |   |   triage_category = 3: 0 (272.0/136.0)
|   |   |   triage_category = 4: 0 (144.0)
|   |   |   triage_category = 5: 0 (0.0)
|   |   source_referral = community_org
|   |   |   triage_category = 1: 1 (0.0)
|   |   |   triage_category = 2: 1 (0.0)
|   |   |   triage_category = 3
|   |   |   |   separation_mode = admitted: 1 (2183.0/275.0)
|   |   |   |   separation_mode = released: 1 (641.0)
|   |   |   |   separation_mode = left_against_advice: 1 (136.0)
|   |   |   |   separation_mode = died/other: 0 (136.0)
|   |   |   triage_category = 4: 0 (272.0)
|   |   |   triage_category = 5: 1 (597.0)
|   |   source_referral = hospital: 1 (0.0)
|   age = 6-15
|   |   separation_mode = admitted
|   |   |   triage_category = 1: 0 (167.0)
|   |   |   triage_category = 2: 1 (355.0/14.0)
|   |   |   triage_category = 3
|   |   |   |   source_referral = other: 1 (291.0/130.0)
|   |   |   |   source_referral = self/family/friends: 0 (547.0)
|   |   |   |   source_referral = clinic: 1 (136.0)
|   |   |   |   source_referral = community_org: 0 (0.0)
|   |   |   |   source_referral = hospital: 0 (0.0)
|   |   |   triage_category = 4
|   |   |   |   source_referral = other: 0 (108.0/4.0)
|   |   |   |   source_referral = self/family/friends: 1 (546.0)
|   |   |   |   source_referral = clinic: 1 (0.0)
|   |   |   |   source_referral = community_org: 1 (0.0)
|   |   |   |   source_referral = hospital: 1 (0.0)
|   |   |   triage_category = 5: 1 (9.0)
|   |   separation_mode = released: 1 (764.0)
|   |   separation_mode = left_against_advice: 0 (4.0)
|   |   separation_mode = died/other: 0 (121.0/11.0)
|   age = 86+: 0 (1257.0/117.0)
preferred_language = asian
|   age = 46-65
|   |   separation_mode = admitted
|   |   |   source_referral = other
|   |   |   |   triage_category = 1: 0 (3.0)
|   |   |   |   triage_category = 2: 0 (603.0/275.0)
|   |   |   |   triage_category = 3: 1 (987.0/417.0)
|   |   |   |   triage_category = 4: 0 (131.0/63.0)
|   |   |   |   triage_category = 5: 0 (16.0/3.0)
|   |   |   source_referral = self/family/friends: 1 (7184.0/2979.0)
|   |   |   source_referral = clinic: 1 (0.0)
|   |   |   source_referral = community_org
|   |   |   |   triage_category = 1: 0 (0.0)
|   |   |   |   triage_category = 2: 1 (495.0)
|   |   |   |   triage_category = 3: 0 (2156.0/495.0)
|   |   |   |   triage_category = 4: 0 (0.0)
|   |   |   |   triage_category = 5: 0 (0.0)
|   |   |   source_referral = hospital: 1 (0.0)
|   |   separation_mode = released: 1 (5072.0/1078.0)
|   |   separation_mode = left_against_advice
|   |   |   triage_category = 1: 0 (0.0)
|   |   |   triage_category = 2: 0 (495.0)
|   |   |   triage_category = 3: 1 (1483.0/494.0)
|   |   |   triage_category = 4
|   |   |   |   source_referral = other: 1 (54.0)
|   |   |   |   source_referral = self/family/friends: 0 (2474.0/990.0)
|   |   |   |   source_referral = clinic: 0 (0.0)
|   |   |   |   source_referral = community_org: 0 (0.0)
|   |   |   |   source_referral = hospital: 0 (0.0)
|   |   |   triage_category = 5: 1 (113.0/54.0)
|   |   separation_mode = died/other: 0 (147.0/13.0)
|   age = 0-5: 0 (644.0/74.0)
|   age = 66-85: 0 (1368.0/97.0)
|   age = 16-25: 0 (162.0/45.0)
|   age = 26-45: 0 (671.0/158.0)
|   age = 6-15: 0 (247.0/2.0)
|   age = 86+
|   |   triage_category = 1: 0 (7.0)
|   |   triage_category = 2: 0 (269.0/17.0)
|   |   triage_category = 3
|   |   |   source_referral = other: 0 (812.0/70.0)
|   |   |   source_referral = self/family/friends: 1 (4.0/1.0)
|   |   |   source_referral = clinic: 0 (0.0)
|   |   |   source_referral = community_org: 0 (0.0)
|   |   |   source_referral = hospital: 0 (0.0)
|   |   triage_category = 4: 0 (123.0/48.0)
|   |   triage_category = 5: 1 (93.0/31.0)
preferred_language = none
|   triage_category = 1: 0 (22.0)
|   triage_category = 2
|   |   age = 46-65: 0 (27.0)
|   |   age = 0-5: 0 (56.0/24.0)
|   |   age = 66-85
|   |   |   separation_mode = admitted: 0 (33.0)
|   |   |   separation_mode = released: 0 (0.0)
|   |   |   separation_mode = left_against_advice: 0 (0.0)
|   |   |   separation_mode = died/other: 1 (9.0/2.0)
|   |   age = 16-25: 1 (0.0)
|   |   age = 26-45: 1 (96.0/1.0)
|   |   age = 6-15: 1 (0.0)
|   |   age = 86+: 1 (0.0)
|   triage_category = 3: 0 (239.0/15.0)
|   triage_category = 4: 0 (136.0/24.0)
|   triage_category = 5: 1 (9.0)
preferred_language = middle eastern
|   separation_mode = admitted
|   |   age = 46-65
|   |   |   triage_category = 1: 0 (19.0)
|   |   |   triage_category = 2
|   |   |   |   source_referral = other: 1 (11714.0/5838.0)
|   |   |   |   source_referral = self/family/friends: 0 (23.0/6.0)
|   |   |   |   source_referral = clinic: 1 (0.0)
|   |   |   |   source_referral = community_org: 1 (0.0)
|   |   |   |   source_referral = hospital: 1 (0.0)
|   |   |   triage_category = 3
|   |   |   |   source_referral = other: 1 (2608.0/1175.0)
|   |   |   |   source_referral = self/family/friends: 0 (39.0)
|   |   |   |   source_referral = clinic: 0 (14.0/7.0)
|   |   |   |   source_referral = community_org: 1 (0.0)
|   |   |   |   source_referral = hospital: 1 (0.0)
|   |   |   triage_category = 4
|   |   |   |   source_referral = other: 1 (1464.0/350.0)
|   |   |   |   source_referral = self/family/friends: 0 (9.0)
|   |   |   |   source_referral = clinic: 1 (0.0)
|   |   |   |   source_referral = community_org: 1 (0.0)
|   |   |   |   source_referral = hospital: 1 (0.0)
|   |   |   triage_category = 5: 0 (136.0)
|   |   age = 0-5: 0 (291.0/85.0)
|   |   age = 66-85: 0 (1789.0/297.0)
|   |   age = 16-25
|   |   |   triage_category = 1: 0 (2.0)
|   |   |   triage_category = 2: 0 (7.0)
|   |   |   triage_category = 3: 0 (171.0/30.0)
|   |   |   triage_category = 4: 0 (49.0)
|   |   |   triage_category = 5: 1 (28.0/3.0)
|   |   age = 26-45
|   |   |   triage_category = 1: 0 (16.0)
|   |   |   triage_category = 2: 1 (2009.0/913.0)
|   |   |   triage_category = 3: 0 (793.0/202.0)
|   |   |   triage_category = 4
|   |   |   |   source_referral = other: 0 (109.0)
|   |   |   |   source_referral = self/family/friends: 1 (21.0/7.0)
|   |   |   |   source_referral = clinic: 0 (0.0)
|   |   |   |   source_referral = community_org: 0 (0.0)
|   |   |   |   source_referral = hospital: 0 (0.0)
|   |   |   triage_category = 5: 0 (13.0/5.0)
|   |   age = 6-15: 0 (48.0/2.0)
|   |   age = 86+: 0 (128.0/15.0)
|   separation_mode = released
|   |   age = 46-65: 1 (830.0)
|   |   age = 0-5: 1 (0.0)
|   |   age = 66-85: 0 (4.0)
|   |   age = 16-25: 1 (0.0)
|   |   age = 26-45: 1 (279.0/6.0)
|   |   age = 6-15: 0 (9.0)
|   |   age = 86+: 1 (0.0)
|   separation_mode = left_against_advice
|   |   triage_category = 1: 1 (0.0)
|   |   triage_category = 2
|   |   |   age = 46-65: 1 (409.0/136.0)
|   |   |   age = 0-5: 0 (0.0)
|   |   |   age = 66-85: 0 (0.0)
|   |   |   age = 16-25: 0 (0.0)
|   |   |   age = 26-45: 0 (277.0)
|   |   |   age = 6-15: 0 (0.0)
|   |   |   age = 86+: 0 (0.0)
|   |   triage_category = 3
|   |   |   age = 46-65: 0 (272.0/136.0)
|   |   |   age = 0-5: 0 (6.0)
|   |   |   age = 66-85: 1 (49.0)
|   |   |   age = 16-25: 0 (7.0)
|   |   |   age = 26-45: 1 (141.0/4.0)
|   |   |   age = 6-15: 1 (0.0)
|   |   |   age = 86+: 1 (0.0)
|   |   triage_category = 4: 1 (137.0)
|   |   triage_category = 5: 1 (0.0)
|   separation_mode = died/other
|   |   triage_category = 1: 1 (7.0)
|   |   triage_category = 2: 0 (631.0/83.0)
|   |   triage_category = 3: 0 (658.0/79.0)
|   |   triage_category = 4
|   |   |   age = 46-65: 0 (291.0/138.0)
|   |   |   age = 0-5: 1 (7.0)
|   |   |   age = 66-85: 0 (56.0)
|   |   |   age = 16-25: 0 (12.0)
|   |   |   age = 26-45
|   |   |   |   source_referral = other: 1 (59.0/17.0)
|   |   |   |   source_referral = self/family/friends: 0 (9.0)
|   |   |   |   source_referral = clinic: 0 (9.0)
|   |   |   |   source_referral = community_org: 1 (0.0)
|   |   |   |   source_referral = hospital: 1 (0.0)
|   |   |   age = 6-15: 0 (3.0)
|   |   |   age = 86+: 0 (0.0)
|   |   triage_category = 5: 0 (0.0)

Number of Leaves  : 	583

Size of the tree : 	725



Correctly Classified Instances     28757872          78.7342 %
Incorrectly Classified Instances   7767378               21.2658 %
Kappa statistic                          0.2391
Mean absolute error                      0.327 
Root mean squared error                  0.4043
Relative absolute error                 90.6299 %
Root relative squared error             95.2006 %
Total Number of Instances          36525250

=== Detailed Accuracy By Class ===

                 TP Rate  FP Rate  Precision  Recall   F-Measure  MCC      ROC Area  PRC Area  Class
                 0.962    0.776    0.800      0.962    0.874      0.287    0.614     0.810     0
                 0.224    0.038    0.643      0.224    0.332      0.287    0.614     0.409     1
Weighted Avg.    0.787    0.602    0.763      0.787    0.746      0.287    0.614     0.715     

[[26829203.  1070581.]
 [ 6696797.  1928669.]]

Class 0 details
Area under ROC: 0.6137613913109523
False negatives: 1070581.0
True negatives: 1928669.0
False positives: 6696797.0
True positives: 26829203.0

Class 1 details
Area under ROC: 0.6137613913109523
False negatives: 6696797.0
True negatives: 26829203.0
False positives: 1070581.0
True positives: 1928669.0

