Classifier: weka.classifiers.lazy.IBk
Options: -K 3 -A weka.core.neighboursearch.KDTree
Classifier build time (HH:mm:ss): 0:00:00.010673
Evaluation time (HH:mm:ss): 0:00:37.471761

IB1 instance-based classifier
using 3 nearest neighbour(s) for classification



Correctly Classified Instances       36775               89.4203 %
Incorrectly Classified Instances      4351               10.5797 %
Kappa statistic                          0.0663
Mean absolute error                      0.1851
Root mean squared error                  0.3043
Relative absolute error                 96.1034 %
Root relative squared error             98.0684 %
Total Number of Instances            41126     

=== Detailed Accuracy By Class ===

                 TP Rate  FP Rate  Precision  Recall   F-Measure  MCC      ROC Area  PRC Area  Class
                 0.997    0.958    0.896      0.997    0.944      0.147    0.586     0.912     0
                 0.042    0.003    0.656      0.042    0.078      0.147    0.586     0.189     1
Weighted Avg.    0.894    0.855    0.870      0.894    0.850      0.147    0.586     0.834     

[[36590.    97.]
 [ 4254.   185.]]

Class 0 details
Area under ROC: 0.5863062075639928
False negatives: 97.0
True negatives: 185.0
False positives: 4254.0
True positives: 36590.0

Class 1 details
Area under ROC: 0.5863062075639928
False negatives: 4254.0
True negatives: 36590.0
False positives: 97.0
True positives: 185.0

