Classifier: weka.classifiers.trees.REPTree
Options: default
Classifier build time (HH:mm:ss): 0:00:00.084775
Evaluation time (HH:mm:ss): 0:00:00.275933


REPTree
============

triage_category = 1 : 0 (127/7) [74/4]
triage_category = 2 : 0 (3380/300) [1812/155]
triage_category = 3 : 0 (9204/846) [4433/420]
triage_category = 4 : 0 (11485/1112) [5758/545]
triage_category = 5
|   source_referral = 0 : 0 (2761/518) [1404/263]
|   source_referral = 1 : 0 (212/44) [95/19]
|   source_referral = 2 : 0 (4/0) [1/0]
|   source_referral = 3 : 1 (190/68) [92/29]
|   source_referral = 4 : 0 (54/10) [40/11]

Size of the tree : 11


Correctly Classified Instances       36775               89.4203 %
Incorrectly Classified Instances      4351               10.5797 %
Kappa statistic                          0.0663
Mean absolute error                      0.1869
Root mean squared error                  0.3058
Relative absolute error                 97.0349 %
Root relative squared error             98.5505 %
Total Number of Instances            41126     

=== Detailed Accuracy By Class ===

                 TP Rate  FP Rate  Precision  Recall   F-Measure  MCC      ROC Area  PRC Area  Class
                 0.997    0.958    0.896      0.997    0.944      0.147    0.564     0.905     0
                 0.042    0.003    0.656      0.042    0.078      0.147    0.564     0.169     1
Weighted Avg.    0.894    0.855    0.870      0.894    0.850      0.147    0.564     0.826     

[[36590.    97.]
 [ 4254.   185.]]

Class 0 details
Area under ROC: 0.5636479202519038
False negatives: 97.0
True negatives: 185.0
False positives: 4254.0
True positives: 36590.0

Class 1 details
Area under ROC: 0.5636479202519038
False negatives: 4254.0
True negatives: 36590.0
False positives: 97.0
True positives: 185.0

