Classifier: weka.classifiers.functions.SMO
Options: default
Classifier build time (HH:mm:ss): 0:00:32.851920
Evaluation time (HH:mm:ss): 0:04:02.359592

SMO

Kernel used:
  Linear Kernel: K(x,y) = <x,y>

Classifier for classes: 0, 1

BinarySMO

Machine linear: showing attribute weights, not support vectors.

        -0.0001 * (normalized) source_referral=self/family/friends
 +       0.0006 * (normalized) source_referral=community_org
 +      -0.0001 * (normalized) source_referral=other
 +      -0.0002 * (normalized) source_referral=clinic
 +      -0.0003 * (normalized) source_referral=hospital
 +      -0.0006 * (normalized) triage_category=1
 +       0.0001 * (normalized) triage_category=2
 +       0.0001 * (normalized) triage_category=3
 +       0.0004 * (normalized) triage_category=4
 +      -0.0001 * (normalized) triage_category=5
 -       1.0001

Number of kernel evaluations: 246279501 (38.846% cached)




Correctly Classified Instances       36687               89.2063 %
Incorrectly Classified Instances      4439               10.7937 %
Kappa statistic                          0     
Mean absolute error                      0.1079
Root mean squared error                  0.3285
Relative absolute error                 56.045  %
Root relative squared error            105.8771 %
Total Number of Instances            41126     

=== Detailed Accuracy By Class ===

                 TP Rate  FP Rate  Precision  Recall   F-Measure  MCC      ROC Area  PRC Area  Class
                 1.000    1.000    0.892      1.000    0.943      ?        0.500     0.892     0
                 0.000    0.000    ?          0.000    ?          ?        0.500     0.108     1
Weighted Avg.    0.892    0.892    ?          0.892    ?          ?        0.500     0.807     

[[36687.     0.]
 [ 4439.     0.]]

Class 0 details
Area under ROC: 0.5
False negatives: 0.0
True negatives: 0.0
False positives: 4439.0
True positives: 36687.0

Class 1 details
Area under ROC: 0.5
False negatives: 4439.0
True negatives: 36687.0
False positives: 0.0
True positives: 0.0

