Classifier: weka.classifiers.trees.HoeffdingTree
Options: default
Classifier build time (HH:mm:ss): 0:00:00.233325
Evaluation time (HH:mm:ss): 0:00:00.960535


remoteness = 1: 
|   source_referral = 0: 
|   |   triage_category = 1: 0 (119.000) NB1 NB adaptive1
|   |   triage_category = 2: 
|   |   |   diagnosis_code = 1: 0 (162.000) NB2 NB adaptive2
|   |   |   diagnosis_code = 2: 0 (830.000) NB3 NB adaptive3
|   |   |   diagnosis_code = 3: 0 (15.000) NB4 NB adaptive4
|   |   |   diagnosis_code = 4: 0 (109.000) NB5 NB adaptive5
|   |   |   diagnosis_code = 5: 0 (342.000) NB6 NB adaptive6
|   |   |   diagnosis_code = 6: 0 (268.000) NB7 NB adaptive7
|   |   |   diagnosis_code = 9: 0 (87.000) NB8 NB adaptive8
|   |   |   diagnosis_code = 10: 0 (158.000) NB9 NB adaptive9
|   |   |   diagnosis_code = 11: 0 (85.000) NB10 NB adaptive10
|   |   |   diagnosis_code = 12: 0 (69.000) NB11 NB adaptive11
|   |   |   diagnosis_code = 13: 0 (45.000) NB12 NB adaptive12
|   |   |   diagnosis_code = 14: 0 (8.000) NB13 NB adaptive13
|   |   |   diagnosis_code = 15: 0 (72.000) NB14 NB adaptive14
|   |   |   diagnosis_code = 18: 0 (36.000) NB15 NB adaptive15
|   |   |   diagnosis_code = 20: 0 (14.000)
|   |   |   diagnosis_code = 24: 0 (2.000)
|   |   |   diagnosis_code = 19: 0 (63.000)
|   |   |   diagnosis_code = 21: 0 (7.000)
|   |   |   diagnosis_code = 22: 0 (2.000)
|   |   |   diagnosis_code = 99: 0 (2.000)
|   |   triage_category = 3: 
|   |   |   diagnosis_code = 1: 
|   |   |   |   EDLOS = 0: 0 (2.000) NB22 NB adaptive22
|   |   |   |   EDLOS = 1: 0 (180.000) NB23 NB adaptive23
|   |   |   |   EDLOS = 3: 0 (896.000)
|   |   |   |   EDLOS = 2: 0 (2.000)
|   |   |   diagnosis_code = 2: 0 (512.000) NB26 NB adaptive26
|   |   |   diagnosis_code = 3: 0 (76.000) NB27 NB adaptive27
|   |   |   diagnosis_code = 4: 0 (340.000) NB28 NB adaptive28
|   |   |   diagnosis_code = 5: 0 (1028.000) NB29 NB adaptive29
|   |   |   diagnosis_code = 6: 
|   |   |   |   EDLOS = 0: 0 (3.000) NB30 NB adaptive30
|   |   |   |   EDLOS = 1: 0 (182.000) NB31 NB adaptive31
|   |   |   |   EDLOS = 3: 0 (386.000)
|   |   |   diagnosis_code = 9: 0 (300.000) NB33 NB adaptive33
|   |   |   diagnosis_code = 10: 0 (535.000) NB34 NB adaptive34
|   |   |   diagnosis_code = 11: 
|   |   |   |   EDLOS = 0: 0 (2.000) NB35 NB adaptive35
|   |   |   |   EDLOS = 1: 0 (5.000) NB36 NB adaptive36
|   |   |   |   EDLOS = 2: 0 (156.000) NB37 NB adaptive37
|   |   |   |   EDLOS = 3: 0 (97.000)
|   |   |   diagnosis_code = 12: 0 (111.000) NB39 NB adaptive39
|   |   |   diagnosis_code = 13: 0 (250.000) NB40 NB adaptive40
|   |   |   diagnosis_code = 14: 0 (43.000) NB41 NB adaptive41
|   |   |   diagnosis_code = 15: 0 (332.000) NB42 NB adaptive42
|   |   |   diagnosis_code = 18: 
|   |   |   |   EDLOS = 0: 0 (3.000) NB43 NB adaptive43
|   |   |   |   EDLOS = 1: 0 (4.000) NB44 NB adaptive44
|   |   |   |   EDLOS = 2: 0 (5.000) NB45 NB adaptive45
|   |   |   |   EDLOS = 3: 0 (192.000) NB46 NB adaptive46
|   |   |   diagnosis_code = 19: 0 (194.000) NB47 NB adaptive47
|   |   |   diagnosis_code = 20: 0 (21.000) NB48 NB adaptive48
|   |   |   diagnosis_code = 21: 0 (66.000) NB49 NB adaptive49
|   |   |   diagnosis_code = 22: 0 (2.000) NB50 NB adaptive50
|   |   |   diagnosis_code = 24: 0 (5.000) NB51 NB adaptive51
|   |   |   diagnosis_code = 33: 0 (4.000)
|   |   triage_category = 4: 
|   |   |   diagnosis_code = 1: 0 (943.000) NB53 NB adaptive53
|   |   |   diagnosis_code = 2: 0 (141.000) NB54 NB adaptive54
|   |   |   diagnosis_code = 3: 0 (80.000) NB55 NB adaptive55
|   |   |   diagnosis_code = 4: 
|   |   |   |   EDLOS = 0: 0 (3.000) NB56 NB adaptive56
|   |   |   |   EDLOS = 1: 0 (181.000) NB57 NB adaptive57
|   |   |   |   EDLOS = 3: 0 (73.000)
|   |   |   diagnosis_code = 5: 
|   |   |   |   EDLOS = 0: 0 (3.000) NB59 NB adaptive59
|   |   |   |   EDLOS = 1: 0 (9.000) NB60 NB adaptive60
|   |   |   |   EDLOS = 2: 0 (194.000) NB61 NB adaptive61
|   |   |   |   EDLOS = 3: 0 (1173.000)
|   |   |   diagnosis_code = 6: 
|   |   |   |   EDLOS = 0: 0 (2.000) NB63 NB adaptive63
|   |   |   |   EDLOS = 1: 0 (4.000) NB64 NB adaptive64
|   |   |   |   EDLOS = 2: 0 (187.000) NB65 NB adaptive65
|   |   |   |   EDLOS = 3: 0 (102.000)
|   |   |   diagnosis_code = 9: 
|   |   |   |   EDLOS = 0: 0 (4.000) NB67 NB adaptive67
|   |   |   |   EDLOS = 1: 0 (3.000) NB68 NB adaptive68
|   |   |   |   EDLOS = 2: 0 (183.000) NB69 NB adaptive69
|   |   |   |   EDLOS = 3: 0 (357.000)
|   |   |   diagnosis_code = 10: 0 (231.000) NB71 NB adaptive71
|   |   |   diagnosis_code = 11: 0 (165.000) NB72 NB adaptive72
|   |   |   diagnosis_code = 12: 0 (45.000) NB73 NB adaptive73
|   |   |   diagnosis_code = 13: 
|   |   |   |   EDLOS = 0: 0 (3.000) NB74 NB adaptive74
|   |   |   |   EDLOS = 1: 0 (3.000) NB75 NB adaptive75
|   |   |   |   EDLOS = 2: 0 (192.000) NB76 NB adaptive76
|   |   |   |   EDLOS = 3: 0 (259.000)
|   |   |   diagnosis_code = 14: 0 (169.000) NB78 NB adaptive78
|   |   |   diagnosis_code = 15: 0 (225.000) NB79 NB adaptive79
|   |   |   diagnosis_code = 18: 0 (158.000) NB80 NB adaptive80
|   |   |   diagnosis_code = 19: 
|   |   |   |   EDLOS = 0: 0 (9.000) NB81 NB adaptive81
|   |   |   |   EDLOS = 1: 0 (175.000) NB82 NB adaptive82
|   |   |   |   EDLOS = 3: 0 (140.000)
|   |   |   |   EDLOS = 2: 0 (2.000)
|   |   |   diagnosis_code = 20: 0 (23.000) NB85 NB adaptive85
|   |   |   diagnosis_code = 21: 0 (125.000) NB86 NB adaptive86
|   |   |   diagnosis_code = 22: 0 (5.000) NB87 NB adaptive87
|   |   |   diagnosis_code = 24: 0 (6.000) NB88 NB adaptive88
|   |   |   diagnosis_code = 25: 0 (2.000) NB89 NB adaptive89
|   |   |   diagnosis_code = 26: 0 (5.000) NB90 NB adaptive90
|   |   |   diagnosis_code = 33: 0 (6.000) NB91 NB adaptive91
|   |   |   diagnosis_code = 99: 0 (18.000)
|   |   triage_category = 5: 0 (1497.000) NB93 NB adaptive93
|   source_referral = 1: 0 (1853.000) NB94 NB adaptive94
|   source_referral = 2: 0 (189.000) NB95 NB adaptive95
|   source_referral = 3: 0 (261.000) NB96 NB adaptive96
|   source_referral = 4: 0 (251.000) NB97 NB adaptive97
remoteness = 2: 0 (2336.000) NB98 NB adaptive98
remoteness = 3: 
|   triage_category = 1: 0 (35.000) NB99 NB adaptive99
|   triage_category = 2: 0 (1028.000) NB100 NB adaptive100
|   triage_category = 3: 0 (2566.000) NB101 NB adaptive101
|   triage_category = 4: 
|   |   source_referral = 0: 
|   |   |   EDLOS = 0: 0 (9.000) NB102 NB adaptive102
|   |   |   EDLOS = 1: 0 (27.000) NB103 NB adaptive103
|   |   |   EDLOS = 2: 0 (866.000) NB104 NB adaptive104
|   |   |   EDLOS = 3: 0 (14.000)
|   |   source_referral = 1: 0 (89.000) NB106 NB adaptive106
|   |   source_referral = 2: 0 (15.000) NB107 NB adaptive107
|   |   source_referral = 3: 0 (42.000) NB108 NB adaptive108
|   |   source_referral = 4: 0 (62.000) NB109 NB adaptive109
|   triage_category = 5: 0 (1233.000) NB110 NB adaptive110
remoteness = 4: 0 (184.000) NB111 NB adaptive111
remoteness = 5: 0 (61.000) NB112 NB adaptive112


Correctly Classified Instances       36745               89.3474 %
Incorrectly Classified Instances      4381               10.6526 %
Kappa statistic                          0.0821
Mean absolute error                      0.1588
Root mean squared error                  0.31  
Relative absolute error                 82.4756 %
Root relative squared error             99.9101 %
Total Number of Instances            41126     

=== Detailed Accuracy By Class ===

                 TP Rate  FP Rate  Precision  Recall   F-Measure  MCC      ROC Area  PRC Area  Class
                 0.995    0.945    0.897      0.995    0.943      0.152    0.586     0.910     0
                 0.055    0.005    0.568      0.055    0.099      0.152    0.586     0.187     1
Weighted Avg.    0.893    0.844    0.861      0.893    0.852      0.152    0.586     0.832     

[[36503.   184.]
 [ 4197.   242.]]

Class 0 details
Area under ROC: 0.5856071164484532
False negatives: 184.0
True negatives: 242.0
False positives: 4197.0
True positives: 36503.0

Class 1 details
Area under ROC: 0.5856072300474205
False negatives: 4197.0
True negatives: 36503.0
False positives: 184.0
True positives: 242.0

