Classifier: weka.classifiers.trees.J48
Options: -C 0.25
Classifier build time (HH:mm:ss): 0:00:00.094096
Evaluation time (HH:mm:ss): 0:00:00.596661

J48 pruned tree
------------------

source_referral = 0: 0 (36646.0/3762.0)
source_referral = 1: 0 (2763.0/229.0)
source_referral = 2: 0 (266.0/25.0)
source_referral = 3
|   triage_category = 1: 0 (6.0)
|   triage_category = 2: 0 (81.0/11.0)
|   triage_category = 3: 0 (173.0/30.0)
|   triage_category = 4
|   |   diagnosis_code = 1: 0 (28.0/8.0)
|   |   diagnosis_code = 2: 0 (6.0/2.0)
|   |   diagnosis_code = 3: 0 (6.0/1.0)
|   |   diagnosis_code = 4: 0 (18.0/6.0)
|   |   diagnosis_code = 5
|   |   |   EDLOS = 0: 0 (0.0)
|   |   |   EDLOS = 1: 1 (1.0)
|   |   |   EDLOS = 2: 1 (3.0/1.0)
|   |   |   EDLOS = 3: 0 (85.0/39.0)
|   |   diagnosis_code = 6: 0 (13.0/2.0)
|   |   diagnosis_code = 9: 0 (28.0/10.0)
|   |   diagnosis_code = 10: 0 (2.0)
|   |   diagnosis_code = 11: 0 (13.0/2.0)
|   |   diagnosis_code = 12: 0 (4.0)
|   |   diagnosis_code = 13: 0 (19.0/6.0)
|   |   diagnosis_code = 14: 1 (30.0/7.0)
|   |   diagnosis_code = 15: 0 (5.0/1.0)
|   |   diagnosis_code = 18: 1 (1.0)
|   |   diagnosis_code = 19
|   |   |   remoteness = 1: 1 (17.0/5.0)
|   |   |   remoteness = 2: 1 (0.0)
|   |   |   remoteness = 3: 0 (3.0)
|   |   |   remoteness = 4: 1 (0.0)
|   |   |   remoteness = 5: 1 (0.0)
|   |   diagnosis_code = 20: 0 (0.0)
|   |   diagnosis_code = 21: 1 (3.0/1.0)
|   |   diagnosis_code = 22: 0 (0.0)
|   |   diagnosis_code = 24: 0 (0.0)
|   |   diagnosis_code = 25: 1 (1.0)
|   |   diagnosis_code = 26: 0 (0.0)
|   |   diagnosis_code = 33: 0 (0.0)
|   |   diagnosis_code = 99: 0 (1.0)
|   triage_category = 5: 1 (282.0/97.0)
source_referral = 4: 0 (622.0/78.0)

Number of Leaves  : 	38

Size of the tree : 	43



Correctly Classified Instances       36779               89.43   %
Incorrectly Classified Instances      4347               10.57   %
Kappa statistic                          0.0728
Mean absolute error                      0.1868
Root mean squared error                  0.3058
Relative absolute error                 96.993  %
Root relative squared error             98.5568 %
Total Number of Instances            41126     

=== Detailed Accuracy By Class ===

                 TP Rate  FP Rate  Precision  Recall   F-Measure  MCC      ROC Area  PRC Area  Class
                 0.997    0.954    0.896      0.997    0.944      0.153    0.535     0.900     0
                 0.046    0.003    0.645      0.046    0.086      0.153    0.535     0.157     1
Weighted Avg.    0.894    0.851    0.869      0.894    0.851      0.153    0.535     0.819     

[[36574.   113.]
 [ 4234.   205.]]

Class 0 details
Area under ROC: 0.5350359110590823
False negatives: 113.0
True negatives: 205.0
False positives: 4234.0
True positives: 36574.0

Class 1 details
Area under ROC: 0.5350359110590823
False negatives: 4234.0
True negatives: 36574.0
False positives: 113.0
True positives: 205.0

