Classifier: weka.classifiers.lazy.IBk
Options: -K 1 -A weka.core.neighboursearch.KDTree
Classifier build time (HH:mm:ss): 0:00:00.213043
Evaluation time (HH:mm:ss): 0:00:17.262811

IB1 instance-based classifier
using 1 nearest neighbour(s) for classification



Correctly Classified Instances       36713               89.2696 %
Incorrectly Classified Instances      4413               10.7304 %
Kappa statistic                          0.0776
Mean absolute error                      0.1809
Root mean squared error                  0.3074
Relative absolute error                 93.9553 %
Root relative squared error             99.0778 %
Total Number of Instances            41126     

=== Detailed Accuracy By Class ===

                 TP Rate  FP Rate  Precision  Recall   F-Measure  MCC      ROC Area  PRC Area  Class
                 0.994    0.948    0.897      0.994    0.943      0.141    0.628     0.918     0
                 0.052    0.006    0.530      0.052    0.096      0.141    0.628     0.206     1
Weighted Avg.    0.893    0.846    0.857      0.893    0.851      0.141    0.628     0.841     

[[36480.   207.]
 [ 4206.   233.]]

Class 0 details
Area under ROC: 0.6280578500960676
False negatives: 207.0
True negatives: 233.0
False positives: 4206.0
True positives: 36480.0

Class 1 details
Area under ROC: 0.6280649976202859
False negatives: 4206.0
True negatives: 36480.0
False positives: 207.0
True positives: 233.0

