Classifier: weka.classifiers.lazy.IBk
Options: -K 3 -A weka.core.neighboursearch.KDTree
Classifier build time (HH:mm:ss): 0:00:00.026807
Evaluation time (HH:mm:ss): 0:00:03.893656

IB1 instance-based classifier
using 3 nearest neighbour(s) for classification



Correctly Classified Instances       36763               89.3911 %
Incorrectly Classified Instances      4363               10.6089 %
Kappa statistic                          0.0786
Mean absolute error                      0.181 
Root mean squared error                  0.3042
Relative absolute error                 93.9878 %
Root relative squared error             98.0298 %
Total Number of Instances            41126     

=== Detailed Accuracy By Class ===

                 TP Rate  FP Rate  Precision  Recall   F-Measure  MCC      ROC Area  PRC Area  Class
                 0.996    0.949    0.897      0.996    0.944      0.153    0.638     0.923     0
                 0.051    0.004    0.601      0.051    0.094      0.153    0.638     0.220     1
Weighted Avg.    0.894    0.847    0.865      0.894    0.852      0.153    0.638     0.847     

[[36536.   151.]
 [ 4212.   227.]]

Class 0 details
Area under ROC: 0.6383601588698138
False negatives: 151.0
True negatives: 227.0
False positives: 4212.0
True positives: 36536.0

Class 1 details
Area under ROC: 0.6383632536741145
False negatives: 4212.0
True negatives: 36536.0
False positives: 151.0
True positives: 227.0

