Classifier: weka.classifiers.lazy.IBk
Options: -K 1 -A weka.core.neighboursearch.KDTree
Classifier build time (HH:mm:ss): 0:00:00.059029
Evaluation time (HH:mm:ss): 0:00:04.161500

IB1 instance-based classifier
using 1 nearest neighbour(s) for classification



Correctly Classified Instances       36718               89.2817 %
Incorrectly Classified Instances      4408               10.7183 %
Kappa statistic                          0.0794
Mean absolute error                      0.181 
Root mean squared error                  0.3074
Relative absolute error                 93.9734 %
Root relative squared error             99.079  %
Total Number of Instances            41126     

=== Detailed Accuracy By Class ===

                 TP Rate  FP Rate  Precision  Recall   F-Measure  MCC      ROC Area  PRC Area  Class
                 0.994    0.946    0.897      0.994    0.943      0.144    0.628     0.918     0
                 0.054    0.006    0.535      0.054    0.097      0.144    0.628     0.206     1
Weighted Avg.    0.893    0.845    0.858      0.893    0.852      0.144    0.628     0.841     

[[36480.   207.]
 [ 4201.   238.]]

Class 0 details
Area under ROC: 0.6281683266269722
False negatives: 207.0
True negatives: 238.0
False positives: 4201.0
True positives: 36480.0

Class 1 details
Area under ROC: 0.6281763706619602
False negatives: 4201.0
True negatives: 36480.0
False positives: 207.0
True positives: 238.0

