Classifier: weka.classifiers.trees.REPTree
Options: default
Classifier build time (HH:mm:ss): 0:00:00.269358
Evaluation time (HH:mm:ss): 0:00:00.754281


REPTree
============

triage_category = 1 : 0 (127/7) [74/4]
triage_category = 2
|   diagnosis_code = 1 : 0 (236/30) [132/13]
|   diagnosis_code = 2 : 0 (1277/113) [677/61]
|   diagnosis_code = 3 : 0 (28/4) [14/1]
|   diagnosis_code = 4 : 0 (122/15) [90/6]
|   diagnosis_code = 5 : 0 (418/10) [198/6]
|   diagnosis_code = 6 : 0 (390/37) [193/16]
|   diagnosis_code = 9 : 0 (143/12) [65/6]
|   diagnosis_code = 10 : 0 (226/13) [123/10]
|   diagnosis_code = 11 : 0 (149/24) [89/15]
|   diagnosis_code = 12 : 0 (92/9) [48/6]
|   diagnosis_code = 13 : 0 (51/4) [42/4]
|   diagnosis_code = 14
|   |   remoteness = 1 : 0 (2/0) [6/1]
|   |   remoteness = 2 : 0 (0/0) [0/0]
|   |   remoteness = 3 : 1 (3/1) [1/0]
|   |   remoteness = 4 : 0 (0/0) [0/0]
|   |   remoteness = 5 : 0 (0/0) [0/0]
|   diagnosis_code = 15 : 0 (88/10) [47/2]
|   diagnosis_code = 18 : 0 (38/2) [21/2]
|   diagnosis_code = 19 : 0 (79/8) [47/3]
|   diagnosis_code = 20 : 0 (21/2) [7/1]
|   diagnosis_code = 21 : 0 (9/3) [8/1]
|   diagnosis_code = 22 : 0 (0/0) [1/0]
|   diagnosis_code = 24 : 0 (3/1) [0/0]
|   diagnosis_code = 25 : 0 (0/0) [0/0]
|   diagnosis_code = 26 : 0 (0/0) [0/0]
|   diagnosis_code = 33 : 0 (3/1) [1/0]
|   diagnosis_code = 99 : 0 (2/0) [2/0]
triage_category = 3
|   diagnosis_code = 1 : 0 (1800/189) [869/107]
|   diagnosis_code = 2 : 0 (772/52) [377/26]
|   diagnosis_code = 3 : 0 (119/15) [68/5]
|   diagnosis_code = 4 : 0 (483/36) [232/27]
|   diagnosis_code = 5 : 0 (1375/55) [653/22]
|   diagnosis_code = 6 : 0 (944/90) [499/35]
|   diagnosis_code = 9 : 0 (492/35) [230/16]
|   diagnosis_code = 10 : 0 (799/74) [355/32]
|   diagnosis_code = 11 : 0 (495/78) [239/45]
|   diagnosis_code = 12 : 0 (157/22) [66/10]
|   diagnosis_code = 13 : 0 (452/53) [187/19]
|   diagnosis_code = 14 : 0 (70/6) [38/5]
|   diagnosis_code = 15 : 0 (474/51) [247/25]
|   diagnosis_code = 18 : 0 (305/39) [132/13]
|   diagnosis_code = 19 : 0 (304/29) [160/18]
|   diagnosis_code = 20 : 0 (59/11) [25/4]
|   diagnosis_code = 21
|   |   EDLOS = 0 : 0 (0/0) [0/0]
|   |   EDLOS = 1 : 1 (3/1) [1/0]
|   |   EDLOS = 2 : 0 (7/2) [3/0]
|   |   EDLOS = 3 : 0 (66/5) [39/7]
|   diagnosis_code = 22 : 0 (0/0) [0/0]
|   diagnosis_code = 24 : 0 (11/0) [5/1]
|   diagnosis_code = 25 : 0 (0/0) [0/0]
|   diagnosis_code = 26 : 0 (1/0) [0/0]
|   diagnosis_code = 33 : 0 (11/1) [5/1]
|   diagnosis_code = 99 : 0 (5/1) [3/1]
triage_category = 4
|   diagnosis_code = 1 : 0 (1512/173) [691/76]
|   diagnosis_code = 2 : 0 (248/23) [102/14]
|   diagnosis_code = 3 : 0 (139/18) [67/4]
|   diagnosis_code = 4 : 0 (583/62) [312/35]
|   diagnosis_code = 5 : 0 (3158/201) [1576/108]
|   diagnosis_code = 6 : 0 (729/67) [366/26]
|   diagnosis_code = 9 : 0 (1225/106) [653/42]
|   diagnosis_code = 10 : 0 (391/46) [217/25]
|   diagnosis_code = 11 : 0 (320/73) [148/32]
|   diagnosis_code = 12 : 0 (67/2) [45/6]
|   diagnosis_code = 13 : 0 (1134/98) [551/34]
|   diagnosis_code = 14
|   |   source_referral = 0 : 0 (300/38) [154/23]
|   |   source_referral = 1 : 0 (7/0) [13/3]
|   |   source_referral = 2 : 0 (0/0) [0/0]
|   |   source_referral = 3 : 1 (14/3) [16/4]
|   |   source_referral = 4 : 0 (3/1) [3/0]
|   diagnosis_code = 15 : 0 (371/43) [177/15]
|   diagnosis_code = 18 : 0 (240/30) [129/24]
|   diagnosis_code = 19
|   |   source_referral = 0 : 0 (662/71) [347/42]
|   |   source_referral = 1 : 0 (66/5) [29/2]
|   |   source_referral = 2 : 0 (4/0) [1/0]
|   |   source_referral = 3 : 1 (13/5) [7/3]
|   |   source_referral = 4 : 0 (6/1) [1/0]
|   diagnosis_code = 20 : 0 (43/3) [21/2]
|   diagnosis_code = 21 : 0 (167/15) [110/11]
|   diagnosis_code = 22 : 0 (6/2) [1/0]
|   diagnosis_code = 24 : 0 (15/3) [8/4]
|   diagnosis_code = 25 : 0 (9/3) [1/1]
|   diagnosis_code = 26 : 0 (0/0) [2/0]
|   diagnosis_code = 33 : 0 (17/6) [4/0]
|   diagnosis_code = 99 : 0 (36/3) [6/0]
triage_category = 5
|   source_referral = 0
|   |   diagnosis_code = 1 : 0 (110/26) [45/15]
|   |   diagnosis_code = 2 : 0 (32/9) [14/5]
|   |   diagnosis_code = 3 : 0 (41/8) [23/2]
|   |   diagnosis_code = 4 : 0 (130/21) [75/12]
|   |   diagnosis_code = 5 : 0 (927/154) [424/81]
|   |   diagnosis_code = 6 : 0 (75/9) [53/7]
|   |   diagnosis_code = 9 : 0 (295/46) [142/14]
|   |   diagnosis_code = 10 : 0 (26/8) [15/3]
|   |   diagnosis_code = 11 : 0 (36/8) [20/5]
|   |   diagnosis_code = 12
|   |   |   EDLOS = 0 : 1 (3/0) [1/0]
|   |   |   EDLOS = 1 : 1 (2/0) [3/1]
|   |   |   EDLOS = 2 : 0 (1/0) [1/0]
|   |   |   EDLOS = 3 : 0 (8/0) [3/0]
|   |   diagnosis_code = 13 : 0 (283/34) [174/19]
|   |   diagnosis_code = 14 : 0 (357/104) [194/56]
|   |   diagnosis_code = 15 : 0 (36/8) [24/7]
|   |   diagnosis_code = 18 : 0 (37/11) [20/4]
|   |   diagnosis_code = 19 : 0 (184/34) [98/18]
|   |   diagnosis_code = 20 : 0 (16/5) [8/1]
|   |   diagnosis_code = 21 : 0 (80/14) [38/7]
|   |   diagnosis_code = 22 : 0 (0/0) [0/0]
|   |   diagnosis_code = 24 : 0 (12/1) [4/1]
|   |   diagnosis_code = 25 : 0 (18/2) [6/1]
|   |   diagnosis_code = 26 : 0 (0/0) [0/0]
|   |   diagnosis_code = 33 : 0 (28/5) [10/1]
|   |   diagnosis_code = 99 : 0 (24/6) [9/1]
|   source_referral = 1
|   |   diagnosis_code = 1 : 0 (13/3) [5/2]
|   |   diagnosis_code = 2
|   |   |   remoteness = 1 : 0 (2/0) [1/0]
|   |   |   remoteness = 2 : 1 (2/0) [1/0]
|   |   |   remoteness = 3 : 1 (1/0) [0/0]
|   |   |   remoteness = 4 : 1 (0/0) [0/0]
|   |   |   remoteness = 5 : 1 (0/0) [0/0]
|   |   diagnosis_code = 3 : 0 (6/0) [2/0]
|   |   diagnosis_code = 4 : 0 (4/2) [7/0]
|   |   diagnosis_code = 5 : 0 (73/15) [28/4]
|   |   diagnosis_code = 6 : 0 (2/0) [2/0]
|   |   diagnosis_code = 9 : 0 (22/0) [5/1]
|   |   diagnosis_code = 10 : 0 (1/0) [1/0]
|   |   diagnosis_code = 11 : 0 (0/0) [0/0]
|   |   diagnosis_code = 12 : 1 (5/1) [1/0]
|   |   diagnosis_code = 13 : 0 (10/2) [13/2]
|   |   diagnosis_code = 14 : 0 (29/9) [17/4]
|   |   diagnosis_code = 15
|   |   |   remoteness = 1 : 0 (4/1) [1/1]
|   |   |   remoteness = 2 : 1 (0/0) [0/0]
|   |   |   remoteness = 3 : 1 (2/0) [1/0]
|   |   |   remoteness = 4 : 1 (0/0) [0/0]
|   |   |   remoteness = 5 : 1 (0/0) [0/0]
|   |   diagnosis_code = 18 : 0 (5/1) [3/1]
|   |   diagnosis_code = 19 : 0 (22/2) [6/1]
|   |   diagnosis_code = 20 : 0 (3/0) [0/0]
|   |   diagnosis_code = 21 : 0 (0/0) [0/0]
|   |   diagnosis_code = 22 : 0 (0/0) [0/0]
|   |   diagnosis_code = 24 : 0 (0/0) [0/0]
|   |   diagnosis_code = 25 : 0 (6/0) [1/0]
|   |   diagnosis_code = 26 : 0 (0/0) [0/0]
|   |   diagnosis_code = 33 : 0 (0/0) [0/0]
|   |   diagnosis_code = 99 : 0 (0/0) [0/0]
|   source_referral = 2 : 0 (4/0) [1/0]
|   source_referral = 3
|   |   diagnosis_code = 1 : 1 (6/2) [4/0]
|   |   diagnosis_code = 2 : 1 (9/4) [1/0]
|   |   diagnosis_code = 3 : 0 (2/2) [2/0]
|   |   diagnosis_code = 4 : 1 (7/1) [3/0]
|   |   diagnosis_code = 5 : 1 (53/13) [32/8]
|   |   diagnosis_code = 6 : 1 (2/0) [1/1]
|   |   diagnosis_code = 9 : 1 (11/3) [2/0]
|   |   diagnosis_code = 10 : 1 (0/0) [0/0]
|   |   diagnosis_code = 11 : 0 (1/0) [0/0]
|   |   diagnosis_code = 12 : 0 (3/1) [3/0]
|   |   diagnosis_code = 13 : 1 (24/9) [9/4]
|   |   diagnosis_code = 14
|   |   |   remoteness = 1 : 0 (15/6) [5/3]
|   |   |   remoteness = 2 : 0 (7/2) [2/1]
|   |   |   remoteness = 3 : 1 (20/7) [8/0]
|   |   |   remoteness = 4 : 0 (1/0) [0/0]
|   |   |   remoteness = 5 : 1 (0/0) [0/0]
|   |   diagnosis_code = 15 : 1 (1/0) [1/0]
|   |   diagnosis_code = 18 : 0 (4/2) [3/1]
|   |   diagnosis_code = 19 : 1 (17/4) [12/3]
|   |   diagnosis_code = 20 : 0 (3/1) [0/0]
|   |   diagnosis_code = 21 : 1 (1/0) [1/0]
|   |   diagnosis_code = 22 : 1 (0/0) [0/0]
|   |   diagnosis_code = 24 : 1 (0/0) [0/0]
|   |   diagnosis_code = 25 : 0 (2/0) [0/0]
|   |   diagnosis_code = 26 : 1 (0/0) [0/0]
|   |   diagnosis_code = 33 : 0 (1/0) [2/0]
|   |   diagnosis_code = 99 : 0 (0/0) [1/0]
|   source_referral = 4 : 0 (54/10) [40/11]

Size of the tree : 187


Correctly Classified Instances       36786               89.4471 %
Incorrectly Classified Instances      4340               10.5529 %
Kappa statistic                          0.0754
Mean absolute error                      0.1844
Root mean squared error                  0.3047
Relative absolute error                 95.761  %
Root relative squared error             98.1955 %
Total Number of Instances            41126     

=== Detailed Accuracy By Class ===

                 TP Rate  FP Rate  Precision  Recall   F-Measure  MCC      ROC Area  PRC Area  Class
                 0.997    0.952    0.896      0.997    0.944      0.157    0.603     0.917     0
                 0.048    0.003    0.652      0.048    0.089      0.157    0.603     0.197     1
Weighted Avg.    0.894    0.850    0.870      0.894    0.852      0.157    0.603     0.839     

[[36574.   113.]
 [ 4227.   212.]]

Class 0 details
Area under ROC: 0.6025437031653333
False negatives: 113.0
True negatives: 212.0
False positives: 4227.0
True positives: 36574.0

Class 1 details
Area under ROC: 0.6025437031653333
False negatives: 4227.0
True negatives: 36574.0
False positives: 113.0
True positives: 212.0

