Classifier: weka.classifiers.bayes.BayesNet
Options: default
Classifier build time (HH:mm:ss): 0:00:00.454989
Evaluation time (HH:mm:ss): 0:00:03.195103

Bayes Network Classifier
Using ADTree
#attributes=15 #classindex=14
Network structure (nodes followed by parents)
age(7): repres7days 
sex(3): repres7days 
source_referral(5): repres7days 
departure_referral(4): repres7days 
preferred_language(6): repres7days 
arrival_mode(3): repres7days 
separation_mode(4): repres7days 
triage_category(5): repres7days 
icu_status(2): repres7days 
diagnosis_code(23): repres7days 
level(7): repres7days 
EDLOS(4): repres7days 
remoteness(5): repres7days 
death_status(1): repres7days 
repres7days(2): 
LogScore Bayes: -503499.8143936655
LogScore BDeu: -503855.1617604777
LogScore MDL: -503897.57582832023
LogScore ENTROPY: -503201.6779031661
LogScore AIC: -503332.6779031661



Correctly Classified Instances       36530               88.8246 %
Incorrectly Classified Instances      4596               11.1754 %
Kappa statistic                          0.0947
Mean absolute error                      0.1847
Root mean squared error                  0.3079
Relative absolute error                 95.9224 %
Root relative squared error             99.2229 %
Total Number of Instances            41126     

=== Detailed Accuracy By Class ===

                 TP Rate  FP Rate  Precision  Recall   F-Measure  MCC      ROC Area  PRC Area  Class
                 0.987    0.926    0.898      0.987    0.940      0.135    0.641     0.928     0
                 0.074    0.013    0.403      0.074    0.125      0.135    0.641     0.207     1
Weighted Avg.    0.888    0.828    0.845      0.888    0.852      0.135    0.641     0.850     

[[36202.   485.]
 [ 4111.   328.]]

Class 0 details
Area under ROC: 0.6410260226803839
False negatives: 485.0
True negatives: 328.0
False positives: 4111.0
True positives: 36202.0

Class 1 details
Area under ROC: 0.6410260226803839
False negatives: 4111.0
True negatives: 36202.0
False positives: 485.0
True positives: 328.0

