Classifier: weka.classifiers.trees.HoeffdingTree
Options: default
Classifier build time (HH:mm:ss): 0:00:00.331931
Evaluation time (HH:mm:ss): 0:00:01.222870


remoteness = 1: 
|   source_referral = 0: 
|   |   triage_category = 1: 0 (119.000) NB1 NB adaptive1
|   |   triage_category = 2: 0 (2643.000) NB2 NB adaptive2
|   |   triage_category = 3: 
|   |   |   diagnosis_code = 1: 0 (1186.000) NB3 NB adaptive3
|   |   |   diagnosis_code = 2: 0 (512.000) NB4 NB adaptive4
|   |   |   diagnosis_code = 3: 0 (76.000) NB5 NB adaptive5
|   |   |   diagnosis_code = 4: 0 (340.000) NB6 NB adaptive6
|   |   |   diagnosis_code = 5: 0 (1028.000) NB7 NB adaptive7
|   |   |   diagnosis_code = 6: 0 (634.000) NB8 NB adaptive8
|   |   |   diagnosis_code = 9: 0 (300.000) NB9 NB adaptive9
|   |   |   diagnosis_code = 10: 0 (535.000) NB10 NB adaptive10
|   |   |   diagnosis_code = 11: 0 (282.000) NB11 NB adaptive11
|   |   |   diagnosis_code = 12: 0 (111.000) NB12 NB adaptive12
|   |   |   diagnosis_code = 13: 0 (250.000) NB13 NB adaptive13
|   |   |   diagnosis_code = 14: 0 (43.000) NB14 NB adaptive14
|   |   |   diagnosis_code = 15: 0 (332.000) NB15 NB adaptive15
|   |   |   diagnosis_code = 18: 0 (216.000) NB16 NB adaptive16
|   |   |   diagnosis_code = 19: 0 (194.000) NB17 NB adaptive17
|   |   |   diagnosis_code = 20: 0 (21.000) NB18 NB adaptive18
|   |   |   diagnosis_code = 21: 0 (66.000) NB19 NB adaptive19
|   |   |   diagnosis_code = 22: 0 (2.000) NB20 NB adaptive20
|   |   |   diagnosis_code = 24: 0 (5.000) NB21 NB adaptive21
|   |   |   diagnosis_code = 25: 0 (2.000) NB22 NB adaptive22
|   |   |   diagnosis_code = 33: 0 (3.000)
|   |   triage_category = 4: 
|   |   |   diagnosis_code = 1: 0 (943.000) NB24 NB adaptive24
|   |   |   diagnosis_code = 2: 0 (141.000) NB25 NB adaptive25
|   |   |   diagnosis_code = 3: 0 (80.000) NB26 NB adaptive26
|   |   |   diagnosis_code = 4: 0 (365.000) NB27 NB adaptive27
|   |   |   diagnosis_code = 5: 0 (2027.000) NB28 NB adaptive28
|   |   |   diagnosis_code = 6: 0 (427.000) NB29 NB adaptive29
|   |   |   diagnosis_code = 9: 0 (790.000) NB30 NB adaptive30
|   |   |   diagnosis_code = 10: 0 (231.000) NB31 NB adaptive31
|   |   |   diagnosis_code = 11: 0 (165.000) NB32 NB adaptive32
|   |   |   diagnosis_code = 12: 0 (45.000) NB33 NB adaptive33
|   |   |   diagnosis_code = 13: 0 (671.000) NB34 NB adaptive34
|   |   |   diagnosis_code = 14: 0 (169.000) NB35 NB adaptive35
|   |   |   diagnosis_code = 15: 0 (225.000) NB36 NB adaptive36
|   |   |   diagnosis_code = 18: 0 (158.000) NB37 NB adaptive37
|   |   |   diagnosis_code = 19: 0 (424.000) NB38 NB adaptive38
|   |   |   diagnosis_code = 20: 0 (23.000) NB39 NB adaptive39
|   |   |   diagnosis_code = 21: 0 (125.000) NB40 NB adaptive40
|   |   |   diagnosis_code = 22: 0 (5.000) NB41 NB adaptive41
|   |   |   diagnosis_code = 24: 0 (6.000) NB42 NB adaptive42
|   |   |   diagnosis_code = 25: 0 (2.000) NB43 NB adaptive43
|   |   |   diagnosis_code = 26: 0 (5.000) NB44 NB adaptive44
|   |   |   diagnosis_code = 33: 0 (6.000) NB45 NB adaptive45
|   |   |   diagnosis_code = 99: 0 (18.000)
|   |   triage_category = 5: 0 (1497.000) NB47 NB adaptive47
|   source_referral = 1: 0 (1853.000) NB48 NB adaptive48
|   source_referral = 2: 0 (189.000) NB49 NB adaptive49
|   source_referral = 3: 0 (261.000) NB50 NB adaptive50
|   source_referral = 4: 0 (251.000) NB51 NB adaptive51
remoteness = 2: 0 (2336.000) NB52 NB adaptive52
remoteness = 3: 
|   triage_category = 1: 0 (35.000) NB53 NB adaptive53
|   triage_category = 2: 0 (1028.000) NB54 NB adaptive54
|   triage_category = 3: 0 (2566.000) NB55 NB adaptive55
|   triage_category = 4: 
|   |   source_referral = 0: 
|   |   |   arrival_mode = 0: 0 (112.000) NB56 NB adaptive56
|   |   |   arrival_mode = 1: 0 (783.000) NB57 NB adaptive57
|   |   |   arrival_mode = 2: 0 (20.000) NB58 NB adaptive58
|   |   source_referral = 1: 0 (89.000) NB59 NB adaptive59
|   |   source_referral = 2: 0 (15.000) NB60 NB adaptive60
|   |   source_referral = 3: 0 (42.000) NB61 NB adaptive61
|   |   source_referral = 4: 0 (62.000) NB62 NB adaptive62
|   triage_category = 5: 0 (1233.000) NB63 NB adaptive63
remoteness = 4: 0 (184.000) NB64 NB adaptive64
remoteness = 5: 0 (61.000) NB65 NB adaptive65


Correctly Classified Instances       36689               89.2112 %
Incorrectly Classified Instances      4437               10.7888 %
Kappa statistic                          0.0904
Mean absolute error                      0.1714
Root mean squared error                  0.3108
Relative absolute error                 89.0036 %
Root relative squared error            100.1687 %
Total Number of Instances            41126     

=== Detailed Accuracy By Class ===

                 TP Rate  FP Rate  Precision  Recall   F-Measure  MCC      ROC Area  PRC Area  Class
                 0.992    0.937    0.898      0.992    0.943      0.149    0.583     0.908     0
                 0.063    0.008    0.502      0.063    0.112      0.149    0.583     0.181     1
Weighted Avg.    0.892    0.836    0.855      0.892    0.853      0.149    0.583     0.830     

[[36408.   279.]
 [ 4158.   281.]]

Class 0 details
Area under ROC: 0.5832712392166871
False negatives: 279.0
True negatives: 281.0
False positives: 4158.0
True positives: 36408.0

Class 1 details
Area under ROC: 0.5832713036917767
False negatives: 4158.0
True negatives: 36408.0
False positives: 279.0
True positives: 281.0

