Classifier: weka.classifiers.lazy.IBk
Options: -K 5 -A weka.core.neighboursearch.KDTree
Classifier build time (HH:mm:ss): 0:00:00.168623
Evaluation time (HH:mm:ss): 0:00:27.401230

IB1 instance-based classifier
using 5 nearest neighbour(s) for classification



Correctly Classified Instances       36683               89.1966 %
Incorrectly Classified Instances      4443               10.8034 %
Kappa statistic                          0.0536
Mean absolute error                      0.1765
Root mean squared error                  0.3103
Relative absolute error                 91.6424 %
Root relative squared error            100.012  %
Total Number of Instances            41126     

=== Detailed Accuracy By Class ===

                 TP Rate  FP Rate  Precision  Recall   F-Measure  MCC      ROC Area  PRC Area  Class
                 0.996    0.964    0.895      0.996    0.943      0.111    0.621     0.922     0
                 0.036    0.004    0.494      0.036    0.068      0.111    0.621     0.198     1
Weighted Avg.    0.892    0.860    0.852      0.892    0.848      0.111    0.621     0.844     

[[36522.   165.]
 [ 4278.   161.]]

Class 0 details
Area under ROC: 0.6210718482582083
False negatives: 165.0
True negatives: 161.0
False positives: 4278.0
True positives: 36522.0

Class 1 details
Area under ROC: 0.621069342940441
False negatives: 4278.0
True negatives: 36522.0
False positives: 165.0
True positives: 161.0

