Classifier: weka.classifiers.lazy.IBk
Options: -K 1 -A weka.core.neighboursearch.KDTree
Classifier build time (HH:mm:ss): 0:00:00.240863
Evaluation time (HH:mm:ss): 0:00:07.712847

IB1 instance-based classifier
using 1 nearest neighbour(s) for classification



Correctly Classified Instances       35952               87.4192 %
Incorrectly Classified Instances      5174               12.5808 %
Kappa statistic                          0.0782
Mean absolute error                      0.1769
Root mean squared error                  0.3493
Relative absolute error                 91.8722 %
Root relative squared error            112.5596 %
Total Number of Instances            41126     

=== Detailed Accuracy By Class ===

                 TP Rate  FP Rate  Precision  Recall   F-Measure  MCC      ROC Area  PRC Area  Class
                 0.970    0.914    0.898      0.970    0.932      0.092    0.588     0.915     0
                 0.086    0.030    0.255      0.086    0.128      0.092    0.588     0.163     1
Weighted Avg.    0.874    0.819    0.828      0.874    0.845      0.092    0.588     0.834     

[[35571.  1116.]
 [ 4058.   381.]]

Class 0 details
Area under ROC: 0.5882847515682383
False negatives: 1116.0
True negatives: 381.0
False positives: 4058.0
True positives: 35571.0

Class 1 details
Area under ROC: 0.5882415225557842
False negatives: 4058.0
True negatives: 35571.0
False positives: 1116.0
True positives: 381.0

