Classifier: weka.classifiers.bayes.NaiveBayes
Options: default
Classifier build time (HH:mm:ss): 0:01:45.806049
Evaluation time (HH:mm:ss): 1:16:27.883929

Naive Bayes Classifier

                               Class
Attribute                          0            1
                               (0.6)        (0.4)
==================================================
age
  46-65                   2.3105737E7  1.9801671E7
  0-5                     1.0513365E7    1529222.0
  16-25                   1.6651783E7    6476685.0
  66-85                   1.6196389E7    4211351.0
  26-45                    2.915217E7  3.5829905E7
  6-15                      8250085.0    1460114.0
  86+                       3048957.0     508467.0
  [total]                1.06918486E8  6.9817415E7

sex
  F                       5.4777946E7  3.1464407E7
  M                       5.2129476E7   3.833556E7
  other                       11060.0      17444.0
  [total]                1.06918482E8  6.9817411E7

source_referral
  other                  1.04395412E8  4.2317632E7
  clinic                     126292.0  1.2833221E7
  self/family/friends       2269583.0   1.226923E7
  community_org              102925.0    1868106.0
  hospital                    24272.0     529224.0
  [total]                1.06918484E8  6.9817413E7

departure_referral
  unknown                   4283302.0    2200057.0
  specialist              9.0020067E7  5.2637831E7
  no_referral               8648441.0  1.2189399E7
  ED_review                 3966673.0    2790125.0
  [total]                1.06918483E8  6.9817412E7

preferred_language
  other                  1.01976578E8  3.1756815E7
  english                   4492679.0  3.7226775E7
  european                   304483.0     547746.0
  asian                      102599.0     233745.0
  middle eastern              39263.0      51035.0
  none                         2883.0       1298.0
  [total]                1.06918485E8  6.9817414E7

arrival_mode
  private_vehicle         7.3042886E7  4.9111828E7
  ambulance                2.841553E7  1.2448387E7
  other                     5460066.0    8257196.0
  [total]                1.06918482E8  6.9817411E7

separation_mode
  released                3.8892383E7  4.6977184E7
  admitted                1.7007364E7    5444578.0
  left_against_advice       5209976.0    3729103.0
  died/other               4.580876E7  1.3666547E7
  [total]                1.06918483E8  6.9817412E7

triage_category
  1                          658412.0     156447.0
  2                        1.415858E7    4115667.0
  3                       3.7434773E7  1.1811424E7
  4                       4.2027449E7  1.9893123E7
  5                        1.263927E7  3.3840752E7
  [total]                1.06918484E8  6.9817413E7

icu_status
  False                    1.061282E8  6.9638986E7
  True                       790281.0     178424.0
  [total]                1.06918481E8   6.981741E7

level
  0                         3169067.0    1436515.0
  1                         1462420.0    1924239.0
  2                         7702531.0  1.7815325E7
  3                       2.5758055E7  2.3754172E7
  4                       1.7282102E7    5245111.0
  5                       2.5596491E7    8539483.0
  6                        2.594782E7   1.110257E7
  [total]                1.06918486E8  6.9817415E7

EDLOS
  25+                    1.01585197E8  3.8871718E7
  5-12                      1649976.0  1.4078434E7
  13-24                     3388524.0  1.1565816E7
  0-4                        294786.0    5301444.0
  [total]                1.06918483E8  6.9817412E7

remoteness
  1                       6.3237826E7  2.2779266E7
  2                         9719676.0  1.0657186E7
  3                       3.2614461E7   3.514864E7
  4                          840187.0     658015.0
  5                          506334.0     574306.0
  [total]                1.06918484E8  6.9817413E7

death_status
  False                   1.0691848E8  6.9817409E7
  [total]                 1.0691848E8  6.9817409E7




Correctly Classified Instances     140973734          79.7652 %
Incorrectly Classified Instances   35762153          20.2348 %
Kappa statistic                          0.5592
Mean absolute error                      0.2238
Root mean squared error                  0.4123
Relative absolute error                 46.8248 %
Root relative squared error             84.3322 %
Total Number of Instances          176735887

=== Detailed Accuracy By Class ===

                 TP Rate  FP Rate  Precision  Recall   F-Measure  MCC      ROC Area  PRC Area  Class
                 0.907    0.370    0.790      0.907    0.844      0.570    0.817     0.826     0
                 0.630    0.093    0.816      0.630    0.711      0.570    0.817     0.817     1
Weighted Avg.    0.798    0.261    0.800      0.798    0.792      0.570    0.817     0.823     

[[97017172.  9901307.]
 [25860846. 43956562.]]

Class 0 details
Area under ROC: 0.8171919058261542
False negatives: 9901307.0
True negatives: 43956562.0
False positives: 25860846.0
True positives: 97017172.0

Class 1 details
Area under ROC: 0.8171919058261509
False negatives: 25860846.0
True negatives: 97017172.0
False positives: 9901307.0
True positives: 43956562.0

