Classifier: weka.classifiers.bayes.NaiveBayes
Options: default
Classifier build time (HH:mm:ss): 0:00:00.025693
Evaluation time (HH:mm:ss): 0:00:00.200508

Naive Bayes Classifier

                          Class
Attribute                     0       1
                         (0.89)  (0.11)
========================================
age
  46-65                   7197.0   839.0
  0-5                     4952.0   490.0
  16-25                   5481.0   810.0
  66-85                   5638.0   650.0
  26-45                   8602.0  1181.0
  6-15                    3842.0   384.0
  86+                      982.0    92.0
  [total]                36694.0  4446.0

sex
  F                      18182.0  2217.0
  M                      18507.0  2223.0
  other                      1.0     2.0
  [total]                36690.0  4442.0

source_referral
  self/family/friends    32885.0  3763.0
  community_org            485.0   346.0
  other                    545.0    79.0
  clinic                  2535.0   230.0
  hospital                 242.0    26.0
  [total]                36692.0  4444.0

departure_referral
  specialist             31967.0  3733.0
  unknown                 1239.0   212.0
  no_referral             2264.0   273.0
  ED_review               1221.0   225.0
  [total]                36691.0  4443.0

preferred_language
  english                32711.0  4027.0
  asian                   1207.0   130.0
  middle eastern           764.0    89.0
  european                1460.0   140.0
  other                    428.0    48.0
  none                     123.0    11.0
  [total]                36693.0  4445.0

arrival_mode
  private_vehicle        28116.0  3489.0
  ambulance               6890.0   724.0
  other                   1684.0   229.0
  [total]                36690.0  4442.0

separation_mode
  admitted                9650.0  1186.0
  released               25500.0  3051.0
  left_against_advice     1533.0   204.0
  died/other                 8.0     2.0
  [total]                36691.0  4443.0

triage_category
  1                        191.0    12.0
  2                       4738.0   456.0
  3                      12372.0  1267.0
  4                      15587.0  1658.0
  5                       3804.0  1051.0
  [total]                36692.0  4444.0

icu_status
  False                  36464.0  4408.0
  True                     225.0    33.0
  [total]                36689.0  4441.0

diagnosis_code
  1                       4788.0   643.0
  2                       3236.0   317.0
  3                        457.0    60.0
  4                       1833.0   228.0
  5                       8267.0   728.0
  6                       2996.0   295.0
  9                       3006.0   290.0
  10                      1983.0   215.0
  11                      1227.0   282.0
  12                       460.0    72.0
  13                      2650.0   292.0
  14                       988.0   312.0
  15                      1307.0   169.0
  18                       811.0   132.0
  19                      1811.0   271.0
  20                       178.0    31.0
  21                       467.0    71.0
  22                         7.0     3.0
  24                        48.0    13.0
  25                        40.0     8.0
  26                         4.0     1.0
  33                        69.0    16.0
  99                        77.0    13.0
  [total]                36710.0  4462.0

level
  0                        978.0   154.0
  1                        247.0    55.0
  2                       2133.0   364.0
  3                       8179.0  1046.0
  4                       6066.0   617.0
  5                       9257.0  1129.0
  6                       9834.0  1081.0
  [total]                36694.0  4446.0

EDLOS
  25+                    35471.0  4159.0
  5-12                     372.0    79.0
  13-24                    802.0   177.0
  0-4                       46.0    28.0
  [total]                36691.0  4443.0

remoteness
  1                      24395.0  2520.0
  2                       2336.0   384.0
  3                       9716.0  1497.0
  4                        184.0    39.0
  5                         61.0     4.0
  [total]                36692.0  4444.0

death_status
  False                  36688.0  4440.0
  [total]                36688.0  4440.0




Correctly Classified Instances       36527               88.8173 %
Incorrectly Classified Instances      4599               11.1827 %
Kappa statistic                          0.095 
Mean absolute error                      0.1847
Root mean squared error                  0.3079
Relative absolute error                 95.9075 %
Root relative squared error             99.2379 %
Total Number of Instances            41126     

=== Detailed Accuracy By Class ===

                 TP Rate  FP Rate  Precision  Recall   F-Measure  MCC      ROC Area  PRC Area  Class
                 0.987    0.926    0.898      0.987    0.940      0.135    0.641     0.928     0
                 0.074    0.013    0.402      0.074    0.125      0.135    0.641     0.207     1
Weighted Avg.    0.888    0.827    0.845      0.888    0.852      0.135    0.641     0.850     

[[36197.   490.]
 [ 4109.   330.]]

Class 0 details
Area under ROC: 0.6411024225913149
False negatives: 490.0
True negatives: 330.0
False positives: 4109.0
True positives: 36197.0

Class 1 details
Area under ROC: 0.6411024225913149
False negatives: 4109.0
True negatives: 36197.0
False positives: 490.0
True positives: 330.0

