Classifier: weka.classifiers.trees.REPTree
Options: default
Classifier build time (HH:mm:ss): 0:00:00.325824
Evaluation time (HH:mm:ss): 0:00:01.598301


REPTree
============

triage_category = 1 : 0 (127/7) [74/4]
triage_category = 2
|   diagnosis_code = 1 : 0 (236/30) [132/13]
|   diagnosis_code = 2
|   |   age = 0 : 0 (3/0) [0/0]
|   |   age = 1 : 0 (8/0) [9/1]
|   |   age = 2 : 0 (70/8) [41/5]
|   |   age = 3 : 0 (277/40) [159/24]
|   |   age = 4
|   |   |   level = 0 : 0 (7/0) [4/2]
|   |   |   level = 1 : 0 (5/0) [2/0]
|   |   |   level = 2 : 0 (19/7) [16/2]
|   |   |   level = 3 : 0 (107/12) [54/4]
|   |   |   level = 4
|   |   |   |   separation_mode = 0
|   |   |   |   |   preferred_language = 0 : 0 (0/0) [0/0]
|   |   |   |   |   preferred_language = 1
|   |   |   |   |   |   sex = 1 : 0 (16/2) [16/0]
|   |   |   |   |   |   sex = 2
|   |   |   |   |   |   |   remoteness = 1 : 0 (6/1) [2/0]
|   |   |   |   |   |   |   remoteness = 2 : 0 (0/0) [0/0]
|   |   |   |   |   |   |   remoteness = 3 : 1 (3/1) [1/0]
|   |   |   |   |   |   |   remoteness = 4 : 0 (0/0) [0/0]
|   |   |   |   |   |   |   remoteness = 5 : 0 (0/0) [0/0]
|   |   |   |   |   |   sex = 3 : 0 (0/0) [0/0]
|   |   |   |   |   preferred_language = 2 : 1 (1/0) [0/0]
|   |   |   |   |   preferred_language = 3 : 0 (1/0) [0/0]
|   |   |   |   |   preferred_language = 4 : 0 (0/0) [0/0]
|   |   |   |   |   preferred_language = 5 : 0 (2/0) [1/0]
|   |   |   |   separation_mode = 1 : 0 (0/0) [0/0]
|   |   |   |   separation_mode = 2 : 0 (3/0) [1/0]
|   |   |   |   separation_mode = 3 : 0 (30/0) [8/1]
|   |   |   level = 5 : 0 (122/8) [64/1]
|   |   |   level = 6 : 0 (131/4) [77/0]
|   |   age = 5 : 0 (408/22) [199/19]
|   |   age = 6 : 0 (58/6) [23/1]
|   diagnosis_code = 3 : 0 (28/4) [14/1]
|   diagnosis_code = 4 : 0 (122/15) [90/6]
|   diagnosis_code = 5 : 0 (418/10) [198/6]
|   diagnosis_code = 6 : 0 (390/37) [193/16]
|   diagnosis_code = 9 : 0 (143/12) [65/6]
|   diagnosis_code = 10 : 0 (226/13) [123/10]
|   diagnosis_code = 11
|   |   departure_referral = 0 : 0 (0/0) [2/0]
|   |   departure_referral = 1 : 0 (4/1) [5/1]
|   |   departure_referral = 2 : 0 (12/0) [0/0]
|   |   departure_referral = 3
|   |   |   age = 0 : 0 (0/0) [1/0]
|   |   |   age = 1 : 0 (10/4) [8/2]
|   |   |   age = 2 : 0 (43/5) [20/2]
|   |   |   age = 3
|   |   |   |   level = 0 : 0 (2/0) [3/2]
|   |   |   |   level = 1 : 0 (0/0) [0/0]
|   |   |   |   level = 2 : 0 (2/0) [2/1]
|   |   |   |   level = 3 : 0 (2/0) [4/0]
|   |   |   |   level = 4 : 0 (7/1) [3/1]
|   |   |   |   level = 5
|   |   |   |   |   sex = 1 : 0 (5/0) [8/0]
|   |   |   |   |   sex = 2
|   |   |   |   |   |   remoteness = 1 : 0 (10/2) [5/1]
|   |   |   |   |   |   remoteness = 2 : 0 (1/0) [0/0]
|   |   |   |   |   |   remoteness = 3 : 1 (5/2) [3/1]
|   |   |   |   |   |   remoteness = 4 : 0 (0/0) [0/0]
|   |   |   |   |   |   remoteness = 5 : 0 (0/0) [0/0]
|   |   |   |   |   sex = 3 : 0 (0/0) [0/0]
|   |   |   |   level = 6 : 0 (17/2) [10/2]
|   |   |   age = 4 : 0 (27/6) [11/1]
|   |   |   age = 5 : 0 (2/0) [4/0]
|   |   |   age = 6 : 0 (0/0) [0/0]
|   diagnosis_code = 12 : 0 (92/9) [48/6]
|   diagnosis_code = 13 : 0 (51/4) [42/4]
|   diagnosis_code = 14
|   |   separation_mode = 0 : 0 (2/0) [0/0]
|   |   separation_mode = 1 : 0 (0/0) [0/0]
|   |   separation_mode = 2 : 0 (1/0) [4/0]
|   |   separation_mode = 3 : 1 (2/0) [3/1]
|   diagnosis_code = 15 : 0 (88/10) [47/2]
|   diagnosis_code = 18 : 0 (38/2) [21/2]
|   diagnosis_code = 19 : 0 (79/8) [47/3]
|   diagnosis_code = 20 : 0 (21/2) [7/1]
|   diagnosis_code = 21
|   |   age = 0 : 0 (2/0) [0/0]
|   |   age = 1 : 0 (0/0) [0/0]
|   |   age = 2 : 0 (1/0) [5/0]
|   |   age = 3 : 0 (5/2) [1/0]
|   |   age = 4 : 1 (1/0) [1/0]
|   |   age = 5 : 0 (0/0) [1/0]
|   |   age = 6 : 0 (0/0) [0/0]
|   diagnosis_code = 22 : 0 (0/0) [1/0]
|   diagnosis_code = 24 : 0 (3/1) [0/0]
|   diagnosis_code = 25 : 0 (0/0) [0/0]
|   diagnosis_code = 26 : 0 (0/0) [0/0]
|   diagnosis_code = 33 : 0 (3/1) [1/0]
|   diagnosis_code = 99 : 0 (2/0) [2/0]
triage_category = 3
|   diagnosis_code = 1
|   |   source_referral = 0
|   |   |   age = 0 : 0 (183/19) [100/9]
|   |   |   age = 1 : 0 (128/11) [63/6]
|   |   |   age = 2
|   |   |   |   arrival_mode = 0 : 0 (23/6) [17/4]
|   |   |   |   arrival_mode = 1
|   |   |   |   |   preferred_language = 0 : 0 (1/0) [1/0]
|   |   |   |   |   preferred_language = 1
|   |   |   |   |   |   remoteness = 1 : 0 (134/13) [61/8]
|   |   |   |   |   |   remoteness = 2
|   |   |   |   |   |   |   departure_referral = 0 : 0 (2/0) [0/0]
|   |   |   |   |   |   |   departure_referral = 1 : 0 (1/0) [0/0]
|   |   |   |   |   |   |   departure_referral = 2 : 1 (1/0) [0/0]
|   |   |   |   |   |   |   departure_referral = 3
|   |   |   |   |   |   |   |   sex = 1
|   |   |   |   |   |   |   |   |   separation_mode = 0 : 0 (3/1) [0/0]
|   |   |   |   |   |   |   |   |   separation_mode = 1 : 1 (0/0) [0/0]
|   |   |   |   |   |   |   |   |   separation_mode = 2 : 1 (0/0) [0/0]
|   |   |   |   |   |   |   |   |   separation_mode = 3 : 1 (3/1) [1/0]
|   |   |   |   |   |   |   |   sex = 2 : 0 (9/2) [1/0]
|   |   |   |   |   |   |   |   sex = 3 : 0 (0/0) [0/0]
|   |   |   |   |   |   remoteness = 3 : 0 (47/6) [14/2]
|   |   |   |   |   |   remoteness = 4 : 0 (1/0) [0/0]
|   |   |   |   |   |   remoteness = 5 : 0 (0/0) [0/0]
|   |   |   |   |   preferred_language = 2 : 0 (2/0) [2/0]
|   |   |   |   |   preferred_language = 3 : 0 (2/0) [1/0]
|   |   |   |   |   preferred_language = 4 : 0 (12/4) [2/0]
|   |   |   |   |   preferred_language = 5 : 0 (3/0) [1/0]
|   |   |   |   arrival_mode = 2 : 0 (10/0) [6/2]
|   |   |   age = 3 : 0 (433/53) [201/28]
|   |   |   age = 4 : 0 (296/21) [140/17]
|   |   |   age = 5
|   |   |   |   preferred_language = 0 : 0 (0/0) [0/0]
|   |   |   |   preferred_language = 1 : 0 (225/16) [93/8]
|   |   |   |   preferred_language = 2 : 0 (31/4) [10/3]
|   |   |   |   preferred_language = 3
|   |   |   |   |   separation_mode = 0
|   |   |   |   |   |   sex = 1 : 0 (2/0) [0/0]
|   |   |   |   |   |   sex = 2
|   |   |   |   |   |   |   arrival_mode = 0 : 1 (7/3) [3/1]
|   |   |   |   |   |   |   arrival_mode = 1 : 0 (3/1) [2/0]
|   |   |   |   |   |   |   arrival_mode = 2 : 0 (0/0) [0/0]
|   |   |   |   |   |   sex = 3 : 0 (0/0) [0/0]
|   |   |   |   |   separation_mode = 1 : 0 (0/0) [0/0]
|   |   |   |   |   separation_mode = 2 : 0 (0/0) [0/0]
|   |   |   |   |   separation_mode = 3 : 0 (6/0) [8/0]
|   |   |   |   preferred_language = 4 : 0 (6/2) [7/1]
|   |   |   |   preferred_language = 5 : 0 (2/0) [0/0]
|   |   |   age = 6 : 0 (47/6) [20/3]
|   |   source_referral = 1 : 0 (136/9) [91/10]
|   |   source_referral = 2 : 0 (8/0) [6/0]
|   |   source_referral = 3 : 0 (17/5) [12/2]
|   |   source_referral = 4 : 0 (16/3) [6/1]
|   diagnosis_code = 2 : 0 (772/52) [377/26]
|   diagnosis_code = 3 : 0 (119/15) [68/5]
|   diagnosis_code = 4 : 0 (483/36) [232/27]
|   diagnosis_code = 5 : 0 (1375/55) [653/22]
|   diagnosis_code = 6
|   |   source_referral = 0 : 0 (800/82) [440/32]
|   |   source_referral = 1 : 0 (116/4) [50/1]
|   |   source_referral = 2 : 0 (12/2) [1/0]
|   |   source_referral = 3
|   |   |   age = 0 : 0 (1/0) [1/0]
|   |   |   age = 1 : 1 (0/0) [1/0]
|   |   |   age = 2 : 0 (0/0) [0/0]
|   |   |   age = 3 : 1 (1/0) [1/0]
|   |   |   age = 4 : 0 (2/0) [2/0]
|   |   |   age = 5 : 0 (3/1) [1/0]
|   |   |   age = 6 : 0 (0/0) [0/0]
|   |   source_referral = 4 : 0 (9/0) [2/0]
|   diagnosis_code = 9 : 0 (492/35) [230/16]
|   diagnosis_code = 10 : 0 (799/74) [355/32]
|   diagnosis_code = 11 : 0 (495/78) [239/45]
|   diagnosis_code = 12 : 0 (157/22) [66/10]
|   diagnosis_code = 13
|   |   age = 0
|   |   |   level = 0 : 0 (0/0) [2/0]
|   |   |   level = 1 : 0 (1/0) [0/0]
|   |   |   level = 2 : 0 (4/0) [1/0]
|   |   |   level = 3 : 0 (22/3) [10/1]
|   |   |   level = 4 : 0 (22/4) [7/0]
|   |   |   level = 5 : 0 (22/0) [10/1]
|   |   |   level = 6
|   |   |   |   separation_mode = 0
|   |   |   |   |   sex = 1 : 1 (3/1) [3/1]
|   |   |   |   |   sex = 2 : 0 (2/0) [1/0]
|   |   |   |   |   sex = 3 : 0 (0/0) [0/0]
|   |   |   |   separation_mode = 1 : 0 (0/0) [0/0]
|   |   |   |   separation_mode = 2 : 0 (0/0) [1/0]
|   |   |   |   separation_mode = 3 : 0 (22/2) [11/1]
|   |   age = 1 : 0 (39/2) [13/0]
|   |   age = 2 : 0 (67/13) [37/8]
|   |   age = 3 : 0 (105/8) [43/2]
|   |   age = 4 : 0 (89/10) [26/3]
|   |   age = 5 : 0 (48/8) [21/1]
|   |   age = 6 : 0 (6/1) [1/0]
|   diagnosis_code = 14 : 0 (70/6) [38/5]
|   diagnosis_code = 15
|   |   level = 0 : 0 (10/2) [1/0]
|   |   level = 1 : 0 (2/0) [0/0]
|   |   level = 2 : 0 (14/1) [13/1]
|   |   level = 3 : 0 (117/13) [50/2]
|   |   level = 4
|   |   |   age = 0 : 0 (1/0) [3/1]
|   |   |   age = 1 : 0 (3/0) [2/1]
|   |   |   age = 2 : 0 (5/1) [3/1]
|   |   |   age = 3 : 0 (12/1) [9/0]
|   |   |   age = 4 : 0 (18/4) [9/1]
|   |   |   age = 5 : 0 (26/7) [9/1]
|   |   |   age = 6 : 1 (3/1) [1/0]
|   |   level = 5 : 0 (119/10) [74/10]
|   |   level = 6 : 0 (144/10) [73/6]
|   diagnosis_code = 18 : 0 (305/39) [132/13]
|   diagnosis_code = 19 : 0 (304/29) [160/18]
|   diagnosis_code = 20 : 0 (59/11) [25/4]
|   diagnosis_code = 21
|   |   EDLOS = 0 : 0 (0/0) [0/0]
|   |   EDLOS = 1 : 1 (3/1) [1/0]
|   |   EDLOS = 2 : 0 (7/2) [3/0]
|   |   EDLOS = 3 : 0 (66/5) [39/7]
|   diagnosis_code = 22 : 0 (0/0) [0/0]
|   diagnosis_code = 24 : 0 (11/0) [5/1]
|   diagnosis_code = 25 : 0 (0/0) [0/0]
|   diagnosis_code = 26 : 0 (1/0) [0/0]
|   diagnosis_code = 33 : 0 (11/1) [5/1]
|   diagnosis_code = 99 : 0 (5/1) [3/1]
triage_category = 4
|   diagnosis_code = 1 : 0 (1512/173) [691/76]
|   diagnosis_code = 2 : 0 (248/23) [102/14]
|   diagnosis_code = 3 : 0 (139/18) [67/4]
|   diagnosis_code = 4 : 0 (583/62) [312/35]
|   diagnosis_code = 5
|   |   source_referral = 0 : 0 (2885/166) [1448/80]
|   |   source_referral = 1 : 0 (146/9) [65/4]
|   |   source_referral = 2 : 0 (13/0) [9/1]
|   |   source_referral = 3
|   |   |   level = 0 : 0 (3/1) [0/0]
|   |   |   level = 1 : 0 (0/0) [0/0]
|   |   |   level = 2 : 0 (2/0) [0/0]
|   |   |   level = 3
|   |   |   |   arrival_mode = 0 : 1 (0/0) [0/0]
|   |   |   |   arrival_mode = 1 : 1 (6/1) [7/1]
|   |   |   |   arrival_mode = 2 : 0 (2/0) [2/0]
|   |   |   level = 4 : 0 (6/1) [5/3]
|   |   |   level = 5 : 0 (17/3) [3/1]
|   |   |   level = 6 : 1 (22/10) [14/4]
|   |   source_referral = 4 : 0 (56/4) [23/3]
|   diagnosis_code = 6
|   |   level = 0 : 0 (25/1) [7/3]
|   |   level = 1
|   |   |   age = 0
|   |   |   |   source_referral = 0 : 1 (2/0) [1/0]
|   |   |   |   source_referral = 1 : 0 (0/0) [0/0]
|   |   |   |   source_referral = 2 : 0 (0/0) [0/0]
|   |   |   |   source_referral = 3 : 0 (1/0) [0/0]
|   |   |   |   source_referral = 4 : 0 (2/0) [0/0]
|   |   |   age = 1 : 0 (0/0) [0/0]
|   |   |   age = 2 : 0 (0/0) [1/0]
|   |   |   age = 3 : 1 (1/0) [0/0]
|   |   |   age = 4 : 0 (2/0) [1/0]
|   |   |   age = 5 : 0 (0/0) [0/0]
|   |   |   age = 6 : 0 (0/0) [0/0]
|   |   level = 2 : 0 (49/5) [27/1]
|   |   level = 3 : 0 (196/22) [97/7]
|   |   level = 4 : 0 (110/8) [66/4]
|   |   level = 5 : 0 (174/15) [62/4]
|   |   level = 6 : 0 (167/13) [104/6]
|   diagnosis_code = 9 : 0 (1225/106) [653/42]
|   diagnosis_code = 10
|   |   preferred_language = 0 : 0 (2/0) [0/0]
|   |   preferred_language = 1
|   |   |   departure_referral = 0 : 0 (7/2) [7/1]
|   |   |   departure_referral = 1 : 0 (14/0) [15/3]
|   |   |   departure_referral = 2 : 0 (5/0) [5/2]
|   |   |   departure_referral = 3
|   |   |   |   EDLOS = 0 : 0 (0/0) [0/0]
|   |   |   |   EDLOS = 1 : 0 (1/0) [1/0]
|   |   |   |   EDLOS = 2 : 1 (3/1) [0/0]
|   |   |   |   EDLOS = 3
|   |   |   |   |   level = 0 : 0 (14/0) [7/1]
|   |   |   |   |   level = 1 : 0 (5/0) [1/0]
|   |   |   |   |   level = 2 : 0 (15/3) [12/3]
|   |   |   |   |   level = 3 : 0 (78/11) [40/3]
|   |   |   |   |   level = 4 : 0 (65/9) [33/5]
|   |   |   |   |   level = 5
|   |   |   |   |   |   age = 0 : 0 (2/0) [0/0]
|   |   |   |   |   |   age = 1 : 0 (2/1) [1/0]
|   |   |   |   |   |   age = 2 : 0 (12/2) [10/1]
|   |   |   |   |   |   age = 3 : 0 (25/2) [18/2]
|   |   |   |   |   |   age = 4 : 0 (18/0) [7/0]
|   |   |   |   |   |   age = 5
|   |   |   |   |   |   |   separation_mode = 0
|   |   |   |   |   |   |   |   arrival_mode = 0 : 0 (7/1) [1/0]
|   |   |   |   |   |   |   |   arrival_mode = 1 : 1 (3/1) [2/0]
|   |   |   |   |   |   |   |   arrival_mode = 2 : 0 (0/0) [0/0]
|   |   |   |   |   |   |   separation_mode = 1 : 0 (0/0) [0/0]
|   |   |   |   |   |   |   separation_mode = 2 : 0 (0/0) [0/0]
|   |   |   |   |   |   |   separation_mode = 3 : 0 (7/0) [4/0]
|   |   |   |   |   |   age = 6 : 0 (4/0) [0/0]
|   |   |   |   |   level = 6 : 0 (64/4) [30/1]
|   |   preferred_language = 2 : 0 (19/5) [10/0]
|   |   preferred_language = 3 : 0 (8/1) [4/0]
|   |   preferred_language = 4 : 0 (6/1) [3/0]
|   |   preferred_language = 5 : 0 (5/0) [6/1]
|   diagnosis_code = 11 : 0 (320/73) [148/32]
|   diagnosis_code = 12
|   |   level = 0 : 0 (4/0) [3/1]
|   |   level = 1 : 1 (0/0) [1/0]
|   |   level = 2 : 0 (3/0) [1/0]
|   |   level = 3 : 0 (14/0) [12/2]
|   |   level = 4 : 0 (14/0) [11/0]
|   |   level = 5
|   |   |   age = 0 : 0 (1/0) [1/0]
|   |   |   age = 1 : 0 (2/0) [1/0]
|   |   |   age = 2 : 0 (7/0) [2/0]
|   |   |   age = 3
|   |   |   |   arrival_mode = 0 : 1 (3/1) [1/0]
|   |   |   |   arrival_mode = 1 : 0 (3/0) [2/0]
|   |   |   |   arrival_mode = 2 : 0 (0/0) [0/0]
|   |   |   age = 4 : 0 (3/0) [4/1]
|   |   |   age = 5 : 0 (0/0) [0/0]
|   |   |   age = 6 : 0 (0/0) [0/0]
|   |   level = 6 : 0 (13/0) [6/0]
|   diagnosis_code = 13 : 0 (1134/98) [551/34]
|   diagnosis_code = 14
|   |   separation_mode = 0 : 0 (95/4) [52/3]
|   |   separation_mode = 1 : 0 (0/0) [0/0]
|   |   separation_mode = 2 : 0 (112/7) [62/6]
|   |   separation_mode = 3
|   |   |   source_referral = 0
|   |   |   |   preferred_language = 0 : 0 (0/0) [0/0]
|   |   |   |   preferred_language = 1
|   |   |   |   |   remoteness = 1 : 0 (32/10) [21/9]
|   |   |   |   |   remoteness = 2
|   |   |   |   |   |   level = 0 : 1 (2/0) [0/0]
|   |   |   |   |   |   level = 1 : 1 (0/0) [0/0]
|   |   |   |   |   |   level = 2 : 0 (2/1) [0/0]
|   |   |   |   |   |   level = 3 : 0 (7/3) [5/1]
|   |   |   |   |   |   level = 4 : 1 (2/0) [1/0]
|   |   |   |   |   |   level = 5 : 1 (0/0) [0/0]
|   |   |   |   |   |   level = 6 : 1 (0/0) [0/0]
|   |   |   |   |   remoteness = 3
|   |   |   |   |   |   sex = 1
|   |   |   |   |   |   |   level = 0 : 0 (0/0) [0/0]
|   |   |   |   |   |   |   level = 1 : 0 (1/0) [0/0]
|   |   |   |   |   |   |   level = 2 : 0 (2/0) [1/0]
|   |   |   |   |   |   |   level = 3 : 1 (9/4) [2/0]
|   |   |   |   |   |   |   level = 4 : 0 (2/0) [1/0]
|   |   |   |   |   |   |   level = 5 : 0 (8/3) [3/1]
|   |   |   |   |   |   |   level = 6 : 0 (0/0) [0/0]
|   |   |   |   |   |   sex = 2 : 0 (15/1) [8/0]
|   |   |   |   |   |   sex = 3 : 0 (0/0) [0/0]
|   |   |   |   |   remoteness = 4 : 0 (1/0) [0/0]
|   |   |   |   |   remoteness = 5 : 0 (0/0) [0/0]
|   |   |   |   preferred_language = 2 : 0 (7/0) [3/0]
|   |   |   |   preferred_language = 3 : 0 (1/0) [0/0]
|   |   |   |   preferred_language = 4 : 0 (0/0) [2/0]
|   |   |   |   preferred_language = 5 : 0 (6/0) [1/0]
|   |   |   source_referral = 1 : 0 (5/0) [7/3]
|   |   |   source_referral = 2 : 0 (0/0) [0/0]
|   |   |   source_referral = 3 : 1 (12/1) [15/3]
|   |   |   source_referral = 4 : 0 (3/1) [2/0]
|   diagnosis_code = 15 : 0 (371/43) [177/15]
|   diagnosis_code = 18 : 0 (240/30) [129/24]
|   diagnosis_code = 19
|   |   source_referral = 0
|   |   |   age = 0 : 0 (151/11) [82/5]
|   |   |   age = 1 : 0 (97/6) [40/3]
|   |   |   age = 2 : 0 (83/7) [32/6]
|   |   |   age = 3
|   |   |   |   EDLOS = 0 : 0 (0/0) [0/0]
|   |   |   |   EDLOS = 1 : 0 (1/0) [0/0]
|   |   |   |   EDLOS = 2 : 1 (2/0) [1/0]
|   |   |   |   EDLOS = 3 : 0 (125/15) [86/13]
|   |   |   age = 4 : 0 (115/16) [64/7]
|   |   |   age = 5 : 0 (85/14) [41/7]
|   |   |   age = 6 : 0 (3/0) [1/0]
|   |   source_referral = 1 : 0 (66/5) [29/2]
|   |   source_referral = 2 : 0 (4/0) [1/0]
|   |   source_referral = 3
|   |   |   level = 0 : 0 (1/0) [0/0]
|   |   |   level = 1 : 1 (0/0) [0/0]
|   |   |   level = 2 : 0 (3/1) [1/0]
|   |   |   level = 3 : 1 (4/1) [2/0]
|   |   |   level = 4 : 0 (1/0) [0/0]
|   |   |   level = 5 : 0 (1/1) [2/0]
|   |   |   level = 6 : 1 (3/0) [2/0]
|   |   source_referral = 4 : 0 (6/1) [1/0]
|   diagnosis_code = 20 : 0 (43/3) [21/2]
|   diagnosis_code = 21 : 0 (167/15) [110/11]
|   diagnosis_code = 22 : 0 (6/2) [1/0]
|   diagnosis_code = 24 : 0 (15/3) [8/4]
|   diagnosis_code = 25 : 0 (9/3) [1/1]
|   diagnosis_code = 26 : 0 (0/0) [2/0]
|   diagnosis_code = 33 : 0 (17/6) [4/0]
|   diagnosis_code = 99 : 0 (36/3) [6/0]
triage_category = 5
|   source_referral = 0
|   |   diagnosis_code = 1 : 0 (110/26) [45/15]
|   |   diagnosis_code = 2 : 0 (32/9) [14/5]
|   |   diagnosis_code = 3 : 0 (41/8) [23/2]
|   |   diagnosis_code = 4 : 0 (130/21) [75/12]
|   |   diagnosis_code = 5
|   |   |   level = 0 : 0 (27/6) [14/4]
|   |   |   level = 1 : 0 (14/2) [7/1]
|   |   |   level = 2 : 0 (131/26) [67/13]
|   |   |   level = 3
|   |   |   |   preferred_language = 0 : 1 (1/0) [0/0]
|   |   |   |   preferred_language = 1
|   |   |   |   |   age = 0 : 0 (12/2) [7/2]
|   |   |   |   |   age = 1
|   |   |   |   |   |   departure_referral = 0
|   |   |   |   |   |   |   remoteness = 1 : 0 (4/1) [1/0]
|   |   |   |   |   |   |   remoteness = 2 : 1 (2/0) [1/0]
|   |   |   |   |   |   |   remoteness = 3 : 0 (1/0) [1/1]
|   |   |   |   |   |   |   remoteness = 4 : 0 (0/0) [0/0]
|   |   |   |   |   |   |   remoteness = 5 : 0 (0/0) [0/0]
|   |   |   |   |   |   departure_referral = 1 : 1 (2/1) [2/0]
|   |   |   |   |   |   departure_referral = 2 : 0 (0/0) [2/1]
|   |   |   |   |   |   departure_referral = 3 : 0 (40/6) [18/4]
|   |   |   |   |   age = 2 : 0 (43/9) [26/4]
|   |   |   |   |   age = 3 : 0 (57/17) [26/2]
|   |   |   |   |   age = 4
|   |   |   |   |   |   departure_referral = 0 : 1 (3/1) [3/1]
|   |   |   |   |   |   departure_referral = 1 : 0 (7/2) [0/0]
|   |   |   |   |   |   departure_referral = 2 : 0 (3/0) [2/0]
|   |   |   |   |   |   departure_referral = 3 : 0 (39/7) [20/5]
|   |   |   |   |   age = 5 : 0 (21/8) [5/3]
|   |   |   |   |   age = 6 : 0 (2/0) [2/2]
|   |   |   |   preferred_language = 2 : 0 (2/0) [0/0]
|   |   |   |   preferred_language = 3 : 1 (1/0) [2/0]
|   |   |   |   preferred_language = 4 : 0 (0/0) [0/0]
|   |   |   |   preferred_language = 5 : 0 (2/0) [0/0]
|   |   |   level = 4 : 0 (178/21) [66/7]
|   |   |   level = 5 : 0 (209/28) [90/15]
|   |   |   level = 6 : 0 (126/12) [62/10]
|   |   diagnosis_code = 6
|   |   |   age = 0
|   |   |   |   level = 0 : 0 (0/0) [1/0]
|   |   |   |   level = 1 : 1 (1/0) [1/0]
|   |   |   |   level = 2 : 0 (1/0) [3/0]
|   |   |   |   level = 3 : 0 (5/2) [2/0]
|   |   |   |   level = 4 : 0 (3/1) [1/0]
|   |   |   |   level = 5 : 0 (5/1) [1/0]
|   |   |   |   level = 6 : 0 (4/1) [2/0]
|   |   |   age = 1 : 0 (3/0) [8/2]
|   |   |   age = 2 : 0 (14/2) [4/0]
|   |   |   age = 3 : 0 (18/1) [17/0]
|   |   |   age = 4 : 0 (13/0) [10/3]
|   |   |   age = 5 : 0 (7/0) [2/1]
|   |   |   age = 6 : 0 (1/0) [1/0]
|   |   diagnosis_code = 9 : 0 (295/46) [142/14]
|   |   diagnosis_code = 10 : 0 (26/8) [15/3]
|   |   diagnosis_code = 11 : 0 (36/8) [20/5]
|   |   diagnosis_code = 12
|   |   |   EDLOS = 0 : 1 (3/0) [1/0]
|   |   |   EDLOS = 1 : 1 (2/0) [3/1]
|   |   |   EDLOS = 2 : 0 (1/0) [1/0]
|   |   |   EDLOS = 3 : 0 (8/0) [3/0]
|   |   diagnosis_code = 13 : 0 (283/34) [174/19]
|   |   diagnosis_code = 14
|   |   |   separation_mode = 0 : 0 (56/3) [27/4]
|   |   |   separation_mode = 1 : 0 (0/0) [0/0]
|   |   |   separation_mode = 2 : 0 (50/5) [15/3]
|   |   |   separation_mode = 3
|   |   |   |   level = 0 : 0 (8/4) [4/1]
|   |   |   |   level = 1 : 1 (17/8) [11/4]
|   |   |   |   level = 2
|   |   |   |   |   age = 0 : 1 (0/0) [2/0]
|   |   |   |   |   age = 1 : 1 (2/1) [1/0]
|   |   |   |   |   age = 2 : 0 (2/0) [3/1]
|   |   |   |   |   age = 3 : 0 (9/3) [11/2]
|   |   |   |   |   age = 4 : 1 (15/5) [9/4]
|   |   |   |   |   age = 5 : 0 (15/5) [8/2]
|   |   |   |   |   age = 6 : 0 (3/1) [2/0]
|   |   |   |   level = 3 : 0 (87/32) [53/15]
|   |   |   |   level = 4
|   |   |   |   |   age = 0 : 1 (3/1) [1/0]
|   |   |   |   |   age = 1 : 1 (0/0) [1/0]
|   |   |   |   |   age = 2 : 0 (11/4) [3/0]
|   |   |   |   |   age = 3 : 0 (8/4) [2/1]
|   |   |   |   |   age = 4 : 0 (8/1) [3/0]
|   |   |   |   |   age = 5 : 0 (2/0) [1/1]
|   |   |   |   |   age = 6 : 0 (0/0) [0/0]
|   |   |   |   level = 5 : 0 (34/15) [26/4]
|   |   |   |   level = 6 : 0 (27/5) [11/5]
|   |   diagnosis_code = 15 : 0 (36/8) [24/7]
|   |   diagnosis_code = 18 : 0 (37/11) [20/4]
|   |   diagnosis_code = 19 : 0 (184/34) [98/18]
|   |   diagnosis_code = 20 : 0 (16/5) [8/1]
|   |   diagnosis_code = 21
|   |   |   age = 0 : 0 (4/0) [3/0]
|   |   |   age = 1 : 0 (2/0) [2/0]
|   |   |   age = 2
|   |   |   |   level = 0 : 1 (1/0) [0/0]
|   |   |   |   level = 1 : 0 (0/0) [0/0]
|   |   |   |   level = 2 : 0 (0/0) [0/0]
|   |   |   |   level = 3 : 0 (3/0) [0/0]
|   |   |   |   level = 4 : 0 (4/1) [3/0]
|   |   |   |   level = 5 : 0 (6/0) [1/0]
|   |   |   |   level = 6
|   |   |   |   |   EDLOS = 0 : 1 (1/0) [2/0]
|   |   |   |   |   EDLOS = 1 : 0 (5/2) [2/0]
|   |   |   |   |   EDLOS = 2 : 0 (2/0) [0/0]
|   |   |   |   |   EDLOS = 3 : 0 (4/1) [3/0]
|   |   |   age = 3 : 0 (25/3) [7/1]
|   |   |   age = 4 : 0 (17/3) [11/3]
|   |   |   age = 5 : 0 (5/2) [4/1]
|   |   |   age = 6 : 0 (1/0) [0/0]
|   |   diagnosis_code = 22 : 0 (0/0) [0/0]
|   |   diagnosis_code = 24 : 0 (12/1) [4/1]
|   |   diagnosis_code = 25 : 0 (18/2) [6/1]
|   |   diagnosis_code = 26 : 0 (0/0) [0/0]
|   |   diagnosis_code = 33 : 0 (28/5) [10/1]
|   |   diagnosis_code = 99 : 0 (24/6) [9/1]
|   source_referral = 1
|   |   diagnosis_code = 1 : 0 (13/3) [5/2]
|   |   diagnosis_code = 2 : 1 (5/2) [2/1]
|   |   diagnosis_code = 3 : 0 (6/0) [2/0]
|   |   diagnosis_code = 4 : 0 (4/2) [7/0]
|   |   diagnosis_code = 5
|   |   |   level = 0 : 0 (0/0) [0/0]
|   |   |   level = 1 : 0 (0/0) [1/0]
|   |   |   level = 2 : 1 (9/1) [1/0]
|   |   |   level = 3 : 0 (12/2) [3/1]
|   |   |   level = 4
|   |   |   |   age = 0 : 0 (2/0) [0/0]
|   |   |   |   age = 1 : 0 (8/1) [3/0]
|   |   |   |   age = 2 : 1 (2/0) [1/0]
|   |   |   |   age = 3 : 0 (3/0) [1/0]
|   |   |   |   age = 4 : 0 (2/1) [2/0]
|   |   |   |   age = 5 : 0 (2/0) [2/0]
|   |   |   |   age = 6 : 0 (0/0) [0/0]
|   |   |   level = 5 : 0 (18/0) [9/0]
|   |   |   level = 6 : 0 (15/1) [5/1]
|   |   diagnosis_code = 6 : 0 (2/0) [2/0]
|   |   diagnosis_code = 9 : 0 (22/0) [5/1]
|   |   diagnosis_code = 10 : 0 (1/0) [1/0]
|   |   diagnosis_code = 11 : 0 (0/0) [0/0]
|   |   diagnosis_code = 12 : 1 (5/1) [1/0]
|   |   diagnosis_code = 13 : 0 (10/2) [13/2]
|   |   diagnosis_code = 14 : 0 (29/9) [17/4]
|   |   diagnosis_code = 15 : 1 (6/3) [2/0]
|   |   diagnosis_code = 18 : 0 (5/1) [3/1]
|   |   diagnosis_code = 19 : 0 (22/2) [6/1]
|   |   diagnosis_code = 20 : 0 (3/0) [0/0]
|   |   diagnosis_code = 21 : 0 (0/0) [0/0]
|   |   diagnosis_code = 22 : 0 (0/0) [0/0]
|   |   diagnosis_code = 24 : 0 (0/0) [0/0]
|   |   diagnosis_code = 25 : 0 (6/0) [1/0]
|   |   diagnosis_code = 26 : 0 (0/0) [0/0]
|   |   diagnosis_code = 33 : 0 (0/0) [0/0]
|   |   diagnosis_code = 99 : 0 (0/0) [0/0]
|   source_referral = 2 : 0 (4/0) [1/0]
|   source_referral = 3
|   |   diagnosis_code = 1 : 1 (6/2) [4/0]
|   |   diagnosis_code = 2 : 1 (9/4) [1/0]
|   |   diagnosis_code = 3 : 0 (2/2) [2/0]
|   |   diagnosis_code = 4 : 1 (7/1) [3/0]
|   |   diagnosis_code = 5 : 1 (53/13) [32/8]
|   |   diagnosis_code = 6 : 1 (2/0) [1/1]
|   |   diagnosis_code = 9 : 1 (11/3) [2/0]
|   |   diagnosis_code = 10 : 1 (0/0) [0/0]
|   |   diagnosis_code = 11 : 0 (1/0) [0/0]
|   |   diagnosis_code = 12 : 0 (3/1) [3/0]
|   |   diagnosis_code = 13 : 1 (24/9) [9/4]
|   |   diagnosis_code = 14
|   |   |   age = 0 : 1 (2/0) [0/0]
|   |   |   age = 1 : 1 (3/0) [2/0]
|   |   |   age = 2 : 0 (6/2) [2/2]
|   |   |   age = 3
|   |   |   |   preferred_language = 0 : 0 (0/0) [0/0]
|   |   |   |   preferred_language = 1 : 0 (6/0) [5/4]
|   |   |   |   preferred_language = 2 : 0 (1/0) [1/0]
|   |   |   |   preferred_language = 3 : 0 (0/0) [0/0]
|   |   |   |   preferred_language = 4 : 1 (2/0) [1/0]
|   |   |   |   preferred_language = 5 : 0 (0/0) [0/0]
|   |   |   age = 4
|   |   |   |   remoteness = 1 : 0 (4/1) [1/0]
|   |   |   |   remoteness = 2 : 0 (1/0) [0/0]
|   |   |   |   remoteness = 3 : 1 (10/2) [2/0]
|   |   |   |   remoteness = 4 : 1 (0/0) [0/0]
|   |   |   |   remoteness = 5 : 1 (0/0) [0/0]
|   |   |   age = 5 : 0 (7/3) [1/1]
|   |   |   age = 6 : 0 (1/0) [0/0]
|   |   diagnosis_code = 15 : 1 (1/0) [1/0]
|   |   diagnosis_code = 18 : 0 (4/2) [3/1]
|   |   diagnosis_code = 19 : 1 (17/4) [12/3]
|   |   diagnosis_code = 20 : 0 (3/1) [0/0]
|   |   diagnosis_code = 21 : 1 (1/0) [1/0]
|   |   diagnosis_code = 22 : 1 (0/0) [0/0]
|   |   diagnosis_code = 24 : 1 (0/0) [0/0]
|   |   diagnosis_code = 25 : 0 (2/0) [0/0]
|   |   diagnosis_code = 26 : 1 (0/0) [0/0]
|   |   diagnosis_code = 33 : 0 (1/0) [2/0]
|   |   diagnosis_code = 99 : 0 (0/0) [1/0]
|   source_referral = 4
|   |   diagnosis_code = 1 : 0 (2/0) [0/0]
|   |   diagnosis_code = 2 : 0 (1/0) [2/1]
|   |   diagnosis_code = 3 : 0 (1/0) [2/0]
|   |   diagnosis_code = 4 : 0 (3/1) [2/1]
|   |   diagnosis_code = 5
|   |   |   age = 0 : 1 (1/0) [1/0]
|   |   |   age = 1 : 0 (3/0) [3/0]
|   |   |   age = 2 : 0 (5/1) [1/0]
|   |   |   age = 3 : 0 (3/0) [7/3]
|   |   |   age = 4 : 0 (2/0) [1/0]
|   |   |   age = 5 : 0 (0/0) [0/0]
|   |   |   age = 6 : 0 (1/0) [0/0]
|   |   diagnosis_code = 6 : 0 (0/0) [1/0]
|   |   diagnosis_code = 9 : 0 (7/1) [2/0]
|   |   diagnosis_code = 10 : 0 (0/0) [2/0]
|   |   diagnosis_code = 11 : 0 (2/0) [1/1]
|   |   diagnosis_code = 12 : 1 (2/1) [1/0]
|   |   diagnosis_code = 13 : 0 (6/2) [2/0]
|   |   diagnosis_code = 14 : 0 (5/1) [6/1]
|   |   diagnosis_code = 15 : 0 (0/0) [0/0]
|   |   diagnosis_code = 18 : 1 (1/0) [0/0]
|   |   diagnosis_code = 19 : 0 (2/0) [4/2]
|   |   diagnosis_code = 20 : 0 (1/0) [0/0]
|   |   diagnosis_code = 21 : 0 (1/0) [2/0]
|   |   diagnosis_code = 22 : 0 (0/0) [0/0]
|   |   diagnosis_code = 24 : 1 (1/0) [0/0]
|   |   diagnosis_code = 25 : 0 (3/0) [0/0]
|   |   diagnosis_code = 26 : 0 (0/0) [0/0]
|   |   diagnosis_code = 33 : 0 (1/0) [0/0]
|   |   diagnosis_code = 99 : 0 (0/0) [0/0]

Size of the tree : 624


Correctly Classified Instances       36729               89.3085 %
Incorrectly Classified Instances      4397               10.6915 %
Kappa statistic                          0.0904
Mean absolute error                      0.181 
Root mean squared error                  0.3047
Relative absolute error                 93.9761 %
Root relative squared error             98.1929 %
Total Number of Instances            41126     

=== Detailed Accuracy By Class ===

                 TP Rate  FP Rate  Precision  Recall   F-Measure  MCC      ROC Area  PRC Area  Class
                 0.994    0.938    0.897      0.994    0.943      0.156    0.631     0.924     0
                 0.062    0.006    0.542      0.062    0.110      0.156    0.631     0.213     1
Weighted Avg.    0.893    0.838    0.859      0.893    0.853      0.156    0.631     0.847     

[[36456.   231.]
 [ 4166.   273.]]

Class 0 details
Area under ROC: 0.63141357894388
False negatives: 231.0
True negatives: 273.0
False positives: 4166.0
True positives: 36456.0

Class 1 details
Area under ROC: 0.63141357894388
False negatives: 4166.0
True negatives: 36456.0
False positives: 231.0
True positives: 273.0

